<?xml version="1.0" encoding="utf-8"?>
<TestRun id="bb03b8a6-7abe-4018-8691-c49a94dfe497" name="@marker 2026-09-25 18:39:32" xmlns="http://microsoft.com/schemas/VisualStudio/TeamTest/2010">
  <Times creation="2026-09-25T18:39:32.4488900+09:00" queuing="2026-09-25T18:39:32.4488900+09:00" start="2026-09-25T18:39:30.9471310+09:00" finish="2026-09-25T18:39:37.8292470+09:00" />
  <TestSettings name="default" id="9107be43-a40d-4db2-802e-e58f1b8df0f6">
    <Deployment runDeploymentRoot="_marker_2026-09-25_18_39_32" />
  </TestSettings>
  <Results>
    <UnitTestResult executionId="e8d426a8-9af8-4ab4-97af-c3ee439dbe1b" testId="fbe06edf-7dbd-b202-9711-1ec8b9b1f14a" testName="UnknownAlgorithmInCertificateIsNotFolded" computerName="marker" duration="00:00:00.0001240" startTime="2026-09-25T18:39:32.5072900+09:00" endTime="2026-09-25T18:39:32.5074130+09:00" testType="13cdc9d9-ddb5-4fa4-a97d-d965ccfc6d4b" outcome="Passed" testListId="8c84fa94-04c1-424b-9868-57a2d4851a1d" relativeResultsDirectory="e8d426a8-9af8-4ab4-97af-c3ee439dbe1b" />
    <UnitTestResult executionId="139131b1-b7bd-4215-8168-5df45404919a" testId="ee16fdfb-6f45-f276-a50d-4700c66b4b4f" testName="UnknownAlgorithmNames" computerName="marker" duration="00:00:00.0001060" startTime="2026-09-25T18:39:32.5074180+09:00" endTime="2026-09-25T18:39:32.5075240+09:00" testType="13cdc9d9-ddb5-4fa4-a97d-d965ccfc6d4b" outcome="Passed" testListId="8c84fa94-04c1-424b-9868-57a2d4851a1d" relativeResultsDirectory="139131b1-b7bd-4215-8168-5df45404919a" />
    <UnitTestResult executionId="4f722f7b-2b5a-42ad-8568-adf297e741c3" testId="10cc51f2-0a98-302c-b755-344d9859e35c" testName="UseDatCms" computerName="marker" duration="00:00:05.0475080" startTime="2026-09-25T18:39:32.5093760+09:00" endTime="2026-09-25T18:39:37.5569060+09:00" testType="13cdc9d9-ddb5-4fa4-a97d-d965ccfc6d4b" outcome="Passed" testListId="8c84fa94-04c1-424b-9868-57a2d4851a1d" relativeResultsDirectory="4f722f7b-2b5a-42ad-8568-adf297e741c3">
      <Output>
        <StdOut>[18:39:32 INF] renew 7 certificates: http://localhost:8088/v1/certs?version=0
plain : Unicode 유니코드 ユニコード 万国码 يونيكود यूनिकोड Юникод \ud83e\udd84\ud83d\udcbb
secure : Ciphertext 암호문 暗号文 密文 Шифротекст Texte chiffré Geheimtext نص مشفر सिफरपाठ \ud83d\udd10
dat : 1790329772.6eb35667.VW5pY29kZSDsnKDri4jsvZTrk5wg44Om44OL44Kz44O844OJIOS4h-WbveeggSDZitmI2YbZitmD2YjYryDgpK_gpYLgpKjgpL_gpJXgpYvgpKEg0K7QvdC40LrQvtC0IPCfpoTwn5K7.tiiJHUERI9N1T_Vh0p-3e5rBT6RJ_cyla-_V9jqGjVsrQ51j0EomIESRHEYfVn2bYuglIyijRy4aHB6FLuzHt2Yd4LGEUA3LgkaXwRjjDl1EsdVAzQig2_4cQi5VtrZdK9VnRGL0DxJ_TSmsdc16qn0wFkZRkeDXTJvk-HXTXWt4OylapRMSnBKMfOP_E0PCe95_IqSmaclw.A-fpf5zi7HBhxOifWdpvMVfvXqRds25-Sz8ZegyXBUWHf1dt2AFH8ognfeX2uJQp3xTWH6nflTQsvCW3e8wjXw
payload plain : Unicode 유니코드 ユニコード 万国码 يونيكود यूनिकोड Юникод \ud83e\udd84\ud83d\udcbb
payload secure : Ciphertext 암호문 暗号文 密文 Шифротекст Texte chiffré Geheimtext نص مشفر सिफरपाठ \ud83d\udd10
[18:39:33 DBG] no new certificate: http://localhost:8088/v1/certs?version=295
[18:39:34 DBG] no new certificate: http://localhost:8088/v1/certs?version=295
[18:39:35 DBG] no new certificate: http://localhost:8088/v1/certs?version=295
[18:39:36 DBG] no new certificate: http://localhost:8088/v1/certs?version=295
[18:39:37 DBG] no new certificate: http://localhost:8088/v1/certs?version=295</StdOut>
      </Output>
    </UnitTestResult>
    <UnitTestResult executionId="4b2d8a12-e3d5-460d-91aa-a69301d76263" testId="5c8f4f85-6d40-9a73-184c-df875b6720df" testName="SigningWithVerifyOnlyKeyIsKeyMissing" computerName="marker" duration="00:00:00.0008390" startTime="2026-09-25T18:39:32.5056680+09:00" endTime="2026-09-25T18:39:32.5065070+09:00" testType="13cdc9d9-ddb5-4fa4-a97d-d965ccfc6d4b" outcome="Passed" testListId="8c84fa94-04c1-424b-9868-57a2d4851a1d" relativeResultsDirectory="4b2d8a12-e3d5-460d-91aa-a69301d76263" />
    <UnitTestResult executionId="a56714b4-4c9d-4203-ab55-80fd28bf7223" testId="38dba45b-9ae0-aee6-d818-66be400c7139" testName="MalformedCertificateShapes" computerName="marker" duration="00:00:00.0005060" startTime="2026-09-25T18:39:32.5026950+09:00" endTime="2026-09-25T18:39:32.5032010+09:00" testType="13cdc9d9-ddb5-4fa4-a97d-d965ccfc6d4b" outcome="Passed" testListId="8c84fa94-04c1-424b-9868-57a2d4851a1d" relativeResultsDirectory="a56714b4-4c9d-4203-ab55-80fd28bf7223" />
    <UnitTestResult executionId="a73029f7-e7b8-41af-813f-27d8ede02cf4" testId="bb35b566-efae-e66f-ec6d-208ef44ea990" testName="NullArgumentsAreConfigErrors" computerName="marker" duration="00:00:00.0002620" startTime="2026-09-25T18:39:32.5051360+09:00" endTime="2026-09-25T18:39:32.5053980+09:00" testType="13cdc9d9-ddb5-4fa4-a97d-d965ccfc6d4b" outcome="Passed" testListId="8c84fa94-04c1-424b-9868-57a2d4851a1d" relativeResultsDirectory="a73029f7-e7b8-41af-813f-27d8ede02cf4" />
    <UnitTestResult executionId="1d51d4b5-383d-4017-ac27-e20bea4cf859" testId="e6a7a97c-8d89-53cc-d69c-fd34a64214b8" testName="DatExpireRejectsNonDigits(&quot; &quot;)" computerName="marker" duration="00:00:00.0005080" startTime="2026-09-25T18:39:37.8000790+09:00" endTime="2026-09-25T18:39:37.8005870+09:00" testType="13cdc9d9-ddb5-4fa4-a97d-d965ccfc6d4b" outcome="Passed" testListId="8c84fa94-04c1-424b-9868-57a2d4851a1d" relativeResultsDirectory="1d51d4b5-383d-4017-ac27-e20bea4cf859" />
    <UnitTestResult executionId="00379cd3-8c15-4789-a7f6-535395b71d97" testId="f1bb189c-5adc-774c-9cba-016faf6f558f" testName="Test" computerName="marker" duration="00:00:00.0001220" startTime="2026-09-25T18:39:31.5134650+09:00" endTime="2026-09-25T18:39:31.5135870+09:00" testType="13cdc9d9-ddb5-4fa4-a97d-d965ccfc6d4b" outcome="NotExecuted" testListId="8c84fa94-04c1-424b-9868-57a2d4851a1d" relativeResultsDirectory="00379cd3-8c15-4789-a7f6-535395b71d97" />
    <UnitTestResult executionId="2a2539fe-b178-462b-95f0-bd4218e822e0" testId="f2e67cd3-72a0-6c85-86a1-a0766be53552" testName="EmptyMapsToEmpty" computerName="marker" duration="00:00:00.0024630" startTime="2026-09-25T18:39:31.4943460+09:00" endTime="2026-09-25T18:39:31.4967880+09:00" testType="13cdc9d9-ddb5-4fa4-a97d-d965ccfc6d4b" outcome="Passed" testListId="8c84fa94-04c1-424b-9868-57a2d4851a1d" relativeResultsDirectory="2a2539fe-b178-462b-95f0-bd4218e822e0" />
    <UnitTestResult executionId="49aacda4-3cec-4708-bed6-e59c6acbefdd" testId="dbe92744-85ec-4752-9213-4cdb91f22a65" testName="IssuanceWindowClosedIsPermanent" computerName="marker" duration="00:00:00.0009470" startTime="2026-09-25T18:39:32.5012540+09:00" endTime="2026-09-25T18:39:32.5022010+09:00" testType="13cdc9d9-ddb5-4fa4-a97d-d965ccfc6d4b" outcome="Passed" testListId="8c84fa94-04c1-424b-9868-57a2d4851a1d" relativeResultsDirectory="49aacda4-3cec-4708-bed6-e59c6acbefdd" />
    <UnitTestResult executionId="6431e0ca-320a-4baa-adea-e255ccb2d335" testId="22d6214f-6b3b-5e45-14fe-43193fec951a" testName="CertificateCidRejectsHexPrefix" computerName="marker" duration="00:00:00.0005120" startTime="2026-09-25T18:39:37.7962450+09:00" endTime="2026-09-25T18:39:37.7967570+09:00" testType="13cdc9d9-ddb5-4fa4-a97d-d965ccfc6d4b" outcome="Passed" testListId="8c84fa94-04c1-424b-9868-57a2d4851a1d" relativeResultsDirectory="6431e0ca-320a-4baa-adea-e255ccb2d335" />
    <UnitTestResult executionId="9587bc71-9154-4f70-bbf8-ff38513592a5" testId="e4bf563b-dbd1-8324-f2ef-29d781dedb8d" testName="ImportCopiesSoTheCallerKeepsOwnership" computerName="marker" duration="00:00:00.0005820" startTime="2026-09-25T18:39:32.4931190+09:00" endTime="2026-09-25T18:39:32.4937010+09:00" testType="13cdc9d9-ddb5-4fa4-a97d-d965ccfc6d4b" outcome="Passed" testListId="8c84fa94-04c1-424b-9868-57a2d4851a1d" relativeResultsDirectory="9587bc71-9154-4f70-bbf8-ff38513592a5" />
    <UnitTestResult executionId="3a3b6caa-659f-4e26-be1a-cf97627d552b" testId="246e21b9-07aa-327b-a67a-7f5b81bc62a6" testName="ParseRustVectors" computerName="marker" duration="00:00:00.0080500" startTime="2026-09-25T18:39:37.5659130+09:00" endTime="2026-09-25T18:39:37.5739630+09:00" testType="13cdc9d9-ddb5-4fa4-a97d-d965ccfc6d4b" outcome="NotExecuted" testListId="8c84fa94-04c1-424b-9868-57a2d4851a1d" relativeResultsDirectory="3a3b6caa-659f-4e26-be1a-cf97627d552b">
      <Output>
        <StdOut>DAT_INTEROP_VECTORS not set</StdOut>
        <ErrorInfo>
          <Message>DAT_INTEROP_VECTORS not set</Message>
        </ErrorInfo>
      </Output>
    </UnitTestResult>
    <UnitTestResult executionId="133ccf3e-8f30-42df-855d-135485d66f40" testId="6f588d9b-043f-8a3c-0fe4-0f12cb6e7f56" testName="ForgedSignatureIsSigMismatch" computerName="marker" duration="00:00:00.0014690" startTime="2026-09-25T18:39:32.4996370+09:00" endTime="2026-09-25T18:39:32.5011060+09:00" testType="13cdc9d9-ddb5-4fa4-a97d-d965ccfc6d4b" outcome="Passed" testListId="8c84fa94-04c1-424b-9868-57a2d4851a1d" relativeResultsDirectory="133ccf3e-8f30-42df-855d-135485d66f40" />
    <UnitTestResult executionId="69143c87-551e-4707-a487-64603b2bf55f" testId="55bf126b-33b4-23f2-810c-e00050888631" testName="DatExpireRejectsNegative" computerName="marker" duration="00:00:00.0005019" startTime="2026-09-25T18:39:37.7995330+09:00" endTime="2026-09-25T18:39:37.8000350+09:00" testType="13cdc9d9-ddb5-4fa4-a97d-d965ccfc6d4b" outcome="Passed" testListId="8c84fa94-04c1-424b-9868-57a2d4851a1d" relativeResultsDirectory="69143c87-551e-4707-a487-64603b2bf55f" />
    <UnitTestResult executionId="99350a3c-55c9-4f1b-b43c-c9b68accd12e" testId="61aca1c6-095b-7891-f472-944e12228dad" testName="StateTransitionsFollowSignedI64Fixture" computerName="marker" duration="00:00:00.0135270" startTime="2026-09-25T18:39:32.4705640+09:00" endTime="2026-09-25T18:39:32.4840910+09:00" testType="13cdc9d9-ddb5-4fa4-a97d-d965ccfc6d4b" outcome="Passed" testListId="8c84fa94-04c1-424b-9868-57a2d4851a1d" relativeResultsDirectory="99350a3c-55c9-4f1b-b43c-c9b68accd12e" />
    <UnitTestResult executionId="cf6969a3-58de-434d-b6ed-e47afd09b94e" testId="c5bdd727-214b-3bab-bc0e-00d5cf3c7a13" testName="DatExpireRejectsNonDigits(&quot;+&quot;)" computerName="marker" duration="00:00:00.0004290" startTime="2026-09-25T18:39:37.8005930+09:00" endTime="2026-09-25T18:39:37.8010220+09:00" testType="13cdc9d9-ddb5-4fa4-a97d-d965ccfc6d4b" outcome="Passed" testListId="8c84fa94-04c1-424b-9868-57a2d4851a1d" relativeResultsDirectory="cf6969a3-58de-434d-b6ed-e47afd09b94e" />
    <UnitTestResult executionId="817a6d7a-224c-46d8-8c14-b0be81746df8" testId="6a14054d-9c29-4408-f503-7d6b0d53908a" testName="Test" computerName="marker" duration="00:00:00.2218550" startTime="2026-09-25T18:39:37.5742390+09:00" endTime="2026-09-25T18:39:37.7960950+09:00" testType="13cdc9d9-ddb5-4fa4-a97d-d965ccfc6d4b" outcome="Passed" testListId="8c84fa94-04c1-424b-9868-57a2d4851a1d" relativeResultsDirectory="817a6d7a-224c-46d8-8c14-b0be81746df8" />
    <UnitTestResult executionId="71a694b5-f0a7-47e3-8d24-2873bc9e88ee" testId="8bc2e755-4b2f-b36d-fcc3-11d254d2d8e7" testName="VerifyOnlyCertificateCannotIssue" computerName="marker" duration="00:00:00.0004929" startTime="2026-09-25T18:39:32.5086000+09:00" endTime="2026-09-25T18:39:32.5090930+09:00" testType="13cdc9d9-ddb5-4fa4-a97d-d965ccfc6d4b" outcome="Passed" testListId="8c84fa94-04c1-424b-9868-57a2d4851a1d" relativeResultsDirectory="71a694b5-f0a7-47e3-8d24-2873bc9e88ee" />
    <UnitTestResult executionId="c9682428-5ff6-4e5a-8a44-b29e9113a0c0" testId="b79beb50-2bb3-8e50-778b-7056242eca77" testName="CertificateFieldsRejectNonDigits(1,&quot; 100&quot;)" computerName="marker" duration="00:00:00.0003780" startTime="2026-09-25T18:39:37.7968130+09:00" endTime="2026-09-25T18:39:37.7971910+09:00" testType="13cdc9d9-ddb5-4fa4-a97d-d965ccfc6d4b" outcome="Passed" testListId="8c84fa94-04c1-424b-9868-57a2d4851a1d" relativeResultsDirectory="c9682428-5ff6-4e5a-8a44-b29e9113a0c0" />
    <UnitTestResult executionId="bfa81b74-ae9b-4a0e-9c9e-7665e6c58fcf" testId="352f53c5-5ef4-21ad-0680-2c41b4ed3414" testName="CodesAreWellFormed" computerName="marker" duration="00:00:00.0006920" startTime="2026-09-25T18:39:32.4961780+09:00" endTime="2026-09-25T18:39:32.4968710+09:00" testType="13cdc9d9-ddb5-4fa4-a97d-d965ccfc6d4b" outcome="Passed" testListId="8c84fa94-04c1-424b-9868-57a2d4851a1d" relativeResultsDirectory="bfa81b74-ae9b-4a0e-9c9e-7665e6c58fcf" />
    <UnitTestResult executionId="72080e4b-8026-4d2c-a653-c30df4346536" testId="16a08f0f-87ff-b6cf-a647-9ae7db02fff5" testName="DisposedManagerRejectsUse" computerName="marker" duration="00:00:00.0009320" startTime="2026-09-25T18:39:32.4913360+09:00" endTime="2026-09-25T18:39:32.4922680+09:00" testType="13cdc9d9-ddb5-4fa4-a97d-d965ccfc6d4b" outcome="Passed" testListId="8c84fa94-04c1-424b-9868-57a2d4851a1d" relativeResultsDirectory="72080e4b-8026-4d2c-a653-c30df4346536" />
    <UnitTestResult executionId="2c9ff175-2ce3-49ab-a8bd-6e90bd83ce20" testId="01c74d41-7dee-ef63-464f-60f46d5b2f03" testName="IssuanceWindowNotYetOpenIsTransient" computerName="marker" duration="00:00:00.0004680" startTime="2026-09-25T18:39:32.5022150+09:00" endTime="2026-09-25T18:39:32.5026820+09:00" testType="13cdc9d9-ddb5-4fa4-a97d-d965ccfc6d4b" outcome="Passed" testListId="8c84fa94-04c1-424b-9868-57a2d4851a1d" relativeResultsDirectory="2c9ff175-2ce3-49ab-a8bd-6e90bd83ce20" />
    <UnitTestResult executionId="b3e1837d-a5ec-4d1d-9aa5-c485f0c4c198" testId="ab3cea31-173a-0dae-282c-b583e32c5c64" testName="OwnedClientDoesNotFollowRedirects" computerName="marker" duration="00:00:00.0590870" startTime="2026-09-25T18:39:32.4114530+09:00" endTime="2026-09-25T18:39:32.4705410+09:00" testType="13cdc9d9-ddb5-4fa4-a97d-d965ccfc6d4b" outcome="Passed" testListId="8c84fa94-04c1-424b-9868-57a2d4851a1d" relativeResultsDirectory="b3e1837d-a5ec-4d1d-9aa5-c485f0c4c198" />
    <UnitTestResult executionId="4f8478ec-cd5a-4140-8604-168ccd22c7b3" testId="221b484c-ef29-c236-5ac7-cd5aa3f6571a" testName="CertificateFieldsRejectNonDigits(1,&quot;+100&quot;)" computerName="marker" duration="00:00:00.0004050" startTime="2026-09-25T18:39:37.7972070+09:00" endTime="2026-09-25T18:39:37.7976120+09:00" testType="13cdc9d9-ddb5-4fa4-a97d-d965ccfc6d4b" outcome="Passed" testListId="8c84fa94-04c1-424b-9868-57a2d4851a1d" relativeResultsDirectory="4f8478ec-cd5a-4140-8604-168ccd22c7b3" />
    <UnitTestResult executionId="1385da54-df24-4710-8e5f-b46971e0a168" testId="85e1bcf4-ed07-acf8-bc38-0355f3c02d3f" testName="ExpiredTokenIsNotMalformed" computerName="marker" duration="00:00:00.0006890" startTime="2026-09-25T18:39:32.4989310+09:00" endTime="2026-09-25T18:39:32.4996200+09:00" testType="13cdc9d9-ddb5-4fa4-a97d-d965ccfc6d4b" outcome="Passed" testListId="8c84fa94-04c1-424b-9868-57a2d4851a1d" relativeResultsDirectory="1385da54-df24-4710-8e5f-b46971e0a168" />
    <UnitTestResult executionId="1636ac2b-feab-4b31-b31d-ffe7e55cc56a" testId="feb5c990-b230-9519-b590-91553f969e40" testName="Test" computerName="marker" duration="00:00:00.0063680" startTime="2026-09-25T18:39:32.4843030+09:00" endTime="2026-09-25T18:39:32.4906700+09:00" testType="13cdc9d9-ddb5-4fa4-a97d-d965ccfc6d4b" outcome="Passed" testListId="8c84fa94-04c1-424b-9868-57a2d4851a1d" relativeResultsDirectory="1636ac2b-feab-4b31-b31d-ffe7e55cc56a" />
    <UnitTestResult executionId="a3196c60-ca30-4940-a1fb-654049166d75" testId="8dadc2d1-0100-18a6-50f9-cc6a2b534be7" testName="MalformedTokenShapes" computerName="marker" duration="00:00:00.0016410" startTime="2026-09-25T18:39:32.5032140+09:00" endTime="2026-09-25T18:39:32.5048550+09:00" testType="13cdc9d9-ddb5-4fa4-a97d-d965ccfc6d4b" outcome="Passed" testListId="8c84fa94-04c1-424b-9868-57a2d4851a1d" relativeResultsDirectory="a3196c60-ca30-4940-a1fb-654049166d75" />
    <UnitTestResult executionId="aa1974f1-1460-4861-b3b9-2110795c4471" testId="a8f8d0d7-6018-ab06-59e8-a60ad6c04cb5" testName="WrongKeySizeIsKeyInvalid" computerName="marker" duration="00:00:00.0001780" startTime="2026-09-25T18:39:32.5091080+09:00" endTime="2026-09-25T18:39:32.5092860+09:00" testType="13cdc9d9-ddb5-4fa4-a97d-d965ccfc6d4b" outcome="Passed" testListId="8c84fa94-04c1-424b-9868-57a2d4851a1d" relativeResultsDirectory="aa1974f1-1460-4861-b3b9-2110795c4471" />
    <UnitTestResult executionId="bcb370c0-6be3-4f44-aff8-168f52c5e15c" testId="d6a65219-596c-10f3-7e42-0b77d963431f" testName="NoCertificateAtAll" computerName="marker" duration="00:00:00.0001810" startTime="2026-09-25T18:39:32.5049230+09:00" endTime="2026-09-25T18:39:32.5051040+09:00" testType="13cdc9d9-ddb5-4fa4-a97d-d965ccfc6d4b" outcome="Passed" testListId="8c84fa94-04c1-424b-9868-57a2d4851a1d" relativeResultsDirectory="bcb370c0-6be3-4f44-aff8-168f52c5e15c" />
    <UnitTestResult executionId="14ae9f96-e5b9-4a6c-ab67-7aa5a49d28e9" testId="4a7a01fe-0aa8-2bef-2fba-c5bb66a6bbb7" testName="DatStillParsesUnmutated" computerName="marker" duration="00:00:00.0005330" startTime="2026-09-25T18:39:37.8010660+09:00" endTime="2026-09-25T18:39:37.8015990+09:00" testType="13cdc9d9-ddb5-4fa4-a97d-d965ccfc6d4b" outcome="Passed" testListId="8c84fa94-04c1-424b-9868-57a2d4851a1d" relativeResultsDirectory="14ae9f96-e5b9-4a6c-ab67-7aa5a49d28e9" />
    <UnitTestResult executionId="439034ae-775b-483e-bcae-3575d9a583d3" testId="bf674185-57f5-8fe5-6a0d-dc9ee66c835d" testName="CertificateFieldsRejectNonDigits(2,&quot;-1&quot;)" computerName="marker" duration="00:00:00.0002910" startTime="2026-09-25T18:39:37.7976240+09:00" endTime="2026-09-25T18:39:37.7979150+09:00" testType="13cdc9d9-ddb5-4fa4-a97d-d965ccfc6d4b" outcome="Passed" testListId="8c84fa94-04c1-424b-9868-57a2d4851a1d" relativeResultsDirectory="439034ae-775b-483e-bcae-3575d9a583d3" />
    <UnitTestResult executionId="1d7f28a8-2fe4-468f-8b75-b90745cbc150" testId="6b701ebb-f2df-2d03-c31c-28c9682070bb" testName="DatCidRejectsHexPrefix" computerName="marker" duration="00:00:00.0006130" startTime="2026-09-25T18:39:37.7988520+09:00" endTime="2026-09-25T18:39:37.7994650+09:00" testType="13cdc9d9-ddb5-4fa4-a97d-d965ccfc6d4b" outcome="Passed" testListId="8c84fa94-04c1-424b-9868-57a2d4851a1d" relativeResultsDirectory="1d7f28a8-2fe4-468f-8b75-b90745cbc150" />
    <UnitTestResult executionId="18e09f6c-db65-4608-af46-1da8c4a7e2fe" testId="37303f77-d05e-472d-4f4c-4c3fb6add7da" testName="RejectsDanglingCharacter" computerName="marker" duration="00:00:00.0015880" startTime="2026-09-25T18:39:31.4978900+09:00" endTime="2026-09-25T18:39:31.4994780+09:00" testType="13cdc9d9-ddb5-4fa4-a97d-d965ccfc6d4b" outcome="Passed" testListId="8c84fa94-04c1-424b-9868-57a2d4851a1d" relativeResultsDirectory="18e09f6c-db65-4608-af46-1da8c4a7e2fe" />
    <UnitTestResult executionId="803fe8ca-2676-4658-ae74-0508be91d0f1" testId="df7ce0b5-bde8-4e75-3b80-90e74af87c90" testName="ExpiredCertificateIsNotHeld" computerName="marker" duration="00:00:00.0007260" startTime="2026-09-25T18:39:32.4923720+09:00" endTime="2026-09-25T18:39:32.4930980+09:00" testType="13cdc9d9-ddb5-4fa4-a97d-d965ccfc6d4b" outcome="Passed" testListId="8c84fa94-04c1-424b-9868-57a2d4851a1d" relativeResultsDirectory="803fe8ca-2676-4658-ae74-0508be91d0f1" />
    <UnitTestResult executionId="1e8efe2d-f517-4ea9-84fa-7a97616888ae" testId="88434269-8db6-51e9-503e-67c7fa242a46" testName="RejectsNonAlphabetCharacters" computerName="marker" duration="00:00:00.0002060" startTime="2026-09-25T18:39:31.4999810+09:00" endTime="2026-09-25T18:39:31.5001880+09:00" testType="13cdc9d9-ddb5-4fa4-a97d-d965ccfc6d4b" outcome="Passed" testListId="8c84fa94-04c1-424b-9868-57a2d4851a1d" relativeResultsDirectory="1e8efe2d-f517-4ea9-84fa-7a97616888ae" />
    <UnitTestResult executionId="54339603-2c90-44af-9525-35e322910cb0" testId="a166790b-1b03-1d96-dec1-1134f23415fb" testName="CertificateFieldsRejectNonDigits(3,&quot;6 0&quot;)" computerName="marker" duration="00:00:00.0002799" startTime="2026-09-25T18:39:37.7979210+09:00" endTime="2026-09-25T18:39:37.7982010+09:00" testType="13cdc9d9-ddb5-4fa4-a97d-d965ccfc6d4b" outcome="Passed" testListId="8c84fa94-04c1-424b-9868-57a2d4851a1d" relativeResultsDirectory="54339603-2c90-44af-9525-35e322910cb0" />
    <UnitTestResult executionId="529f800b-766f-4c97-8cbf-2f82f25360fc" testId="5102d152-85d4-6af7-55d1-3ed07eb5ee2e" testName="DisposedCertificateRejectsSigning" computerName="marker" duration="00:00:00.0005210" startTime="2026-09-25T18:39:32.4908080+09:00" endTime="2026-09-25T18:39:32.4913290+09:00" testType="13cdc9d9-ddb5-4fa4-a97d-d965ccfc6d4b" outcome="Passed" testListId="8c84fa94-04c1-424b-9868-57a2d4851a1d" relativeResultsDirectory="529f800b-766f-4c97-8cbf-2f82f25360fc" />
    <UnitTestResult executionId="2b2fe674-bd60-425d-85da-c723c11bf756" testId="56e42a7a-4682-b023-ce63-df6391ff7cc2" testName="CertificateRoundTripsUnmutated" computerName="marker" duration="00:00:00.0005700" startTime="2026-09-25T18:39:37.7982670+09:00" endTime="2026-09-25T18:39:37.7988370+09:00" testType="13cdc9d9-ddb5-4fa4-a97d-d965ccfc6d4b" outcome="Passed" testListId="8c84fa94-04c1-424b-9868-57a2d4851a1d" relativeResultsDirectory="2b2fe674-bd60-425d-85da-c723c11bf756" />
    <UnitTestResult executionId="1dc44b58-5b86-4400-b68d-8cd1d5ee6b0b" testId="15a29d29-8db7-5db3-9119-873799e65004" testName="RejectsStandardAlphabet" computerName="marker" duration="00:00:00.0000940" startTime="2026-09-25T18:39:31.5001930+09:00" endTime="2026-09-25T18:39:31.5002860+09:00" testType="13cdc9d9-ddb5-4fa4-a97d-d965ccfc6d4b" outcome="Passed" testListId="8c84fa94-04c1-424b-9868-57a2d4851a1d" relativeResultsDirectory="1dc44b58-5b86-4400-b68d-8cd1d5ee6b0b" />
    <UnitTestResult executionId="b2dba25c-d7f6-4195-87e9-f1dea150e83f" testId="54e13e60-131a-d4fc-2a0b-52a1a069e7ef" testName="EmptySecurePayloadIsNotAnError" computerName="marker" duration="00:00:00.0001440" startTime="2026-09-25T18:39:32.4978490+09:00" endTime="2026-09-25T18:39:32.4979940+09:00" testType="13cdc9d9-ddb5-4fa4-a97d-d965ccfc6d4b" outcome="Passed" testListId="8c84fa94-04c1-424b-9868-57a2d4851a1d" relativeResultsDirectory="b2dba25c-d7f6-4195-87e9-f1dea150e83f" />
    <UnitTestResult executionId="8a31a6b8-2972-4de2-a97e-09ab4135a140" testId="43b95ba6-1d43-b563-768b-cc2cf780e7f1" testName="DisposeAsyncCancelsAnInFlightSync" computerName="marker" duration="00:00:00.0081750" startTime="2026-09-25T18:39:32.4032490+09:00" endTime="2026-09-25T18:39:32.4114240+09:00" testType="13cdc9d9-ddb5-4fa4-a97d-d965ccfc6d4b" outcome="Passed" testListId="8c84fa94-04c1-424b-9868-57a2d4851a1d" relativeResultsDirectory="8a31a6b8-2972-4de2-a97e-09ab4135a140" />
    <UnitTestResult executionId="9f66043b-a81f-4e81-a318-c655cf32ad40" testId="f09b9d3f-4c8b-ac62-5a2a-0d9818691409" testName="DisposeIsIdempotent" computerName="marker" duration="00:00:00.0000860" startTime="2026-09-25T18:39:32.4922810+09:00" endTime="2026-09-25T18:39:32.4923670+09:00" testType="13cdc9d9-ddb5-4fa4-a97d-d965ccfc6d4b" outcome="Passed" testListId="8c84fa94-04c1-424b-9868-57a2d4851a1d" relativeResultsDirectory="9f66043b-a81f-4e81-a318-c655cf32ad40" />
    <UnitTestResult executionId="b7d8e6a3-60ab-4bb8-a035-34f52a17e9ba" testId="72ee7b64-0655-3976-fc3e-913ae50da399" testName="HmacVerifyOnlyExportIsStructurallyUnsupported" computerName="marker" duration="00:00:00.0001180" startTime="2026-09-25T18:39:32.5011210+09:00" endTime="2026-09-25T18:39:32.5012380+09:00" testType="13cdc9d9-ddb5-4fa4-a97d-d965ccfc6d4b" outcome="Passed" testListId="8c84fa94-04c1-424b-9868-57a2d4851a1d" relativeResultsDirectory="b7d8e6a3-60ab-4bb8-a035-34f52a17e9ba" />
    <UnitTestResult executionId="07f963ec-f1f0-42e2-a7db-2edbc073e272" testId="23bd3ab4-1e49-8cd1-ce51-26700e30fe42" testName="CauseChainIsPreserved" computerName="marker" duration="00:00:00.0001870" startTime="2026-09-25T18:39:32.4955510+09:00" endTime="2026-09-25T18:39:32.4957390+09:00" testType="13cdc9d9-ddb5-4fa4-a97d-d965ccfc6d4b" outcome="Passed" testListId="8c84fa94-04c1-424b-9868-57a2d4851a1d" relativeResultsDirectory="07f963ec-f1f0-42e2-a7db-2edbc073e272" />
    <UnitTestResult executionId="5729d070-c2ab-42c4-8d4e-53fc823c7a96" testId="1157b0df-116d-b483-b6e4-4b261c94f634" testName="UnknownCidIsCertNotFound" computerName="marker" duration="00:00:00.0010250" startTime="2026-09-25T18:39:32.5075260+09:00" endTime="2026-09-25T18:39:32.5085500+09:00" testType="13cdc9d9-ddb5-4fa4-a97d-d965ccfc6d4b" outcome="Passed" testListId="8c84fa94-04c1-424b-9868-57a2d4851a1d" relativeResultsDirectory="5729d070-c2ab-42c4-8d4e-53fc823c7a96" />
    <UnitTestResult executionId="94866031-7f67-430a-b677-794ac81a880d" testId="dacf0fdd-8665-c676-817d-ef5539911af5" testName="Test" computerName="marker" duration="00:00:00.8893810" startTime="2026-09-25T18:39:31.5137170+09:00" endTime="2026-09-25T18:39:32.4031020+09:00" testType="13cdc9d9-ddb5-4fa4-a97d-d965ccfc6d4b" outcome="Passed" testListId="8c84fa94-04c1-424b-9868-57a2d4851a1d" relativeResultsDirectory="94866031-7f67-430a-b677-794ac81a880d" />
    <UnitTestResult executionId="8205a412-a62b-47aa-ba21-925fe649c5ed" testId="3e98b29d-e2df-7f3b-9c48-72793f5aecc7" testName="TamperedSecureIsCryptoTagMismatch" computerName="marker" duration="00:00:00.0007530" startTime="2026-09-25T18:39:32.5065220+09:00" endTime="2026-09-25T18:39:32.5072750+09:00" testType="13cdc9d9-ddb5-4fa4-a97d-d965ccfc6d4b" outcome="Passed" testListId="8c84fa94-04c1-424b-9868-57a2d4851a1d" relativeResultsDirectory="8205a412-a62b-47aa-ba21-925fe649c5ed" />
    <UnitTestResult executionId="07d82673-d34b-467a-a943-f167368a7ee5" testId="03634969-201f-6793-f519-844151136bb4" testName="EmptySignatureIsSigMalformedNotMismatch" computerName="marker" duration="00:00:00.0008700" startTime="2026-09-25T18:39:32.4980430+09:00" endTime="2026-09-25T18:39:32.4989140+09:00" testType="13cdc9d9-ddb5-4fa4-a97d-d965ccfc6d4b" outcome="Passed" testListId="8c84fa94-04c1-424b-9868-57a2d4851a1d" relativeResultsDirectory="07d82673-d34b-467a-a943-f167368a7ee5" />
    <UnitTestResult executionId="a1dbeba2-c1a2-4870-9bd1-08553260ff91" testId="16d247a4-1d43-df52-263b-09117395c1c5" testName="UsesUrlAlphabetAndNoPadding" computerName="marker" duration="00:00:00.0002860" startTime="2026-09-25T18:39:31.5082750+09:00" endTime="2026-09-25T18:39:31.5085610+09:00" testType="13cdc9d9-ddb5-4fa4-a97d-d965ccfc6d4b" outcome="Passed" testListId="8c84fa94-04c1-424b-9868-57a2d4851a1d" relativeResultsDirectory="a1dbeba2-c1a2-4870-9bd1-08553260ff91" />
    <UnitTestResult executionId="20da6846-0408-4fb5-9397-056725fc7e2c" testId="8400e53c-3dd0-5ccc-b8df-848fa72e4a8c" testName="RetryClassification" computerName="marker" duration="00:00:00.0001660" startTime="2026-09-25T18:39:32.5054800+09:00" endTime="2026-09-25T18:39:32.5056470+09:00" testType="13cdc9d9-ddb5-4fa4-a97d-d965ccfc6d4b" outcome="Passed" testListId="8c84fa94-04c1-424b-9868-57a2d4851a1d" relativeResultsDirectory="20da6846-0408-4fb5-9397-056725fc7e2c" />
    <UnitTestResult executionId="6fd14e16-536c-43d3-babf-337e5990a9d6" testId="ac04351f-531c-5212-7667-08c7bf99164c" testName="CiphertextShorterThanIv" computerName="marker" duration="00:00:00.0004070" startTime="2026-09-25T18:39:32.4957520+09:00" endTime="2026-09-25T18:39:32.4961580+09:00" testType="13cdc9d9-ddb5-4fa4-a97d-d965ccfc6d4b" outcome="Passed" testListId="8c84fa94-04c1-424b-9868-57a2d4851a1d" relativeResultsDirectory="6fd14e16-536c-43d3-babf-337e5990a9d6" />
    <UnitTestResult executionId="a8f0ed2f-d0b9-4f91-b0b9-f21f2e2f15f5" testId="cba78a58-ac4e-d30a-b128-c61589ca0f20" testName="DuplicateCidOnImport" computerName="marker" duration="00:00:00.0009350" startTime="2026-09-25T18:39:32.4968950+09:00" endTime="2026-09-25T18:39:32.4978300+09:00" testType="13cdc9d9-ddb5-4fa4-a97d-d965ccfc6d4b" outcome="Passed" testListId="8c84fa94-04c1-424b-9868-57a2d4851a1d" relativeResultsDirectory="a8f0ed2f-d0b9-4f91-b0b9-f21f2e2f15f5" />
    <UnitTestResult executionId="76006130-07f0-470d-ab02-859747ca0bad" testId="f580a959-4f64-7acc-900a-f9162f13512b" testName="TestHard" computerName="marker" duration="00:00:00.0069040" startTime="2026-09-25T18:39:37.5588610+09:00" endTime="2026-09-25T18:39:37.5657650+09:00" testType="13cdc9d9-ddb5-4fa4-a97d-d965ccfc6d4b" outcome="Passed" testListId="8c84fa94-04c1-424b-9868-57a2d4851a1d" relativeResultsDirectory="76006130-07f0-470d-ab02-859747ca0bad" />
    <UnitTestResult executionId="a758d117-fb9b-4b30-ba55-55b3ef783284" testId="91dba208-77a7-0f93-c64e-e9d6e4f3aacf" testName="TestIssueAndParse" computerName="marker" duration="00:00:00.0014570" startTime="2026-09-25T18:39:37.5572190+09:00" endTime="2026-09-25T18:39:37.5586760+09:00" testType="13cdc9d9-ddb5-4fa4-a97d-d965ccfc6d4b" outcome="Passed" testListId="8c84fa94-04c1-424b-9868-57a2d4851a1d" relativeResultsDirectory="a758d117-fb9b-4b30-ba55-55b3ef783284" />
    <UnitTestResult executionId="321472cc-80ea-4692-b503-05f5f0163958" testId="9bb8ebb0-895e-3e0e-bebe-03ed5de842ec" testName="RoundTripsEveryLength" computerName="marker" duration="00:00:00.0055680" startTime="2026-09-25T18:39:31.5003020+09:00" endTime="2026-09-25T18:39:31.5058690+09:00" testType="13cdc9d9-ddb5-4fa4-a97d-d965ccfc6d4b" outcome="Passed" testListId="8c84fa94-04c1-424b-9868-57a2d4851a1d" relativeResultsDirectory="321472cc-80ea-4692-b503-05f5f0163958" />
    <UnitTestResult executionId="8cde15fe-26da-47b1-94ca-cafb79a66414" testId="568765ff-0231-4a29-4b60-175e84eab41c" testName="RepeatedImportKeepsOneCertificatePerCid" computerName="marker" duration="00:00:00.0015890" startTime="2026-09-25T18:39:32.4937150+09:00" endTime="2026-09-25T18:39:32.4953040+09:00" testType="13cdc9d9-ddb5-4fa4-a97d-d965ccfc6d4b" outcome="Passed" testListId="8c84fa94-04c1-424b-9868-57a2d4851a1d" relativeResultsDirectory="8cde15fe-26da-47b1-94ca-cafb79a66414" />
  </Results>
  <TestDefinitions>
    <UnitTest name="Test" storage="/users/marker/rustroverprojects/dat/dat-nuget/saro.dat.tests/bin/debug/net8.0/saro.dat.tests.dll" id="6a14054d-9c29-4408-f503-7d6b0d53908a">
      <Execution id="817a6d7a-224c-46d8-8c14-b0be81746df8" />
      <TestMethod codeBase="/Users/marker/RustroverProjects/dat/dat-nuget/Saro.Dat.Tests/bin/Debug/net8.0/Saro.Dat.Tests.dll" adapterTypeName="executor://nunit3testexecutor/" className="Saro.Dat.Tests.SignatureTest" name="Test" />
    </UnitTest>
    <UnitTest name="EmptySignatureIsSigMalformedNotMismatch" storage="/users/marker/rustroverprojects/dat/dat-nuget/saro.dat.tests/bin/debug/net8.0/saro.dat.tests.dll" id="03634969-201f-6793-f519-844151136bb4">
      <Execution id="07d82673-d34b-467a-a943-f167368a7ee5" />
      <TestMethod codeBase="/Users/marker/RustroverProjects/dat/dat-nuget/Saro.Dat.Tests/bin/Debug/net8.0/Saro.Dat.Tests.dll" adapterTypeName="executor://nunit3testexecutor/" className="Saro.Dat.Tests.ErrorCodeTest" name="EmptySignatureIsSigMalformedNotMismatch" />
    </UnitTest>
    <UnitTest name="UnknownAlgorithmInCertificateIsNotFolded" storage="/users/marker/rustroverprojects/dat/dat-nuget/saro.dat.tests/bin/debug/net8.0/saro.dat.tests.dll" id="fbe06edf-7dbd-b202-9711-1ec8b9b1f14a">
      <Execution id="e8d426a8-9af8-4ab4-97af-c3ee439dbe1b" />
      <TestMethod codeBase="/Users/marker/RustroverProjects/dat/dat-nuget/Saro.Dat.Tests/bin/Debug/net8.0/Saro.Dat.Tests.dll" adapterTypeName="executor://nunit3testexecutor/" className="Saro.Dat.Tests.ErrorCodeTest" name="UnknownAlgorithmInCertificateIsNotFolded" />
    </UnitTest>
    <UnitTest name="DisposedManagerRejectsUse" storage="/users/marker/rustroverprojects/dat/dat-nuget/saro.dat.tests/bin/debug/net8.0/saro.dat.tests.dll" id="16a08f0f-87ff-b6cf-a647-9ae7db02fff5">
      <Execution id="72080e4b-8026-4d2c-a653-c30df4346536" />
      <TestMethod codeBase="/Users/marker/RustroverProjects/dat/dat-nuget/Saro.Dat.Tests/bin/Debug/net8.0/Saro.Dat.Tests.dll" adapterTypeName="executor://nunit3testexecutor/" className="Saro.Dat.Tests.DisposeTest" name="DisposedManagerRejectsUse" />
    </UnitTest>
    <UnitTest name="CiphertextShorterThanIv" storage="/users/marker/rustroverprojects/dat/dat-nuget/saro.dat.tests/bin/debug/net8.0/saro.dat.tests.dll" id="ac04351f-531c-5212-7667-08c7bf99164c">
      <Execution id="6fd14e16-536c-43d3-babf-337e5990a9d6" />
      <TestMethod codeBase="/Users/marker/RustroverProjects/dat/dat-nuget/Saro.Dat.Tests/bin/Debug/net8.0/Saro.Dat.Tests.dll" adapterTypeName="executor://nunit3testexecutor/" className="Saro.Dat.Tests.ErrorCodeTest" name="CiphertextShorterThanIv" />
    </UnitTest>
    <UnitTest name="Test" storage="/users/marker/rustroverprojects/dat/dat-nuget/saro.dat.tests/bin/debug/net8.0/saro.dat.tests.dll" id="f1bb189c-5adc-774c-9cba-016faf6f558f">
      <Execution id="00379cd3-8c15-4789-a7f6-535395b71d97" />
      <TestMethod codeBase="/Users/marker/RustroverProjects/dat/dat-nuget/Saro.Dat.Tests/bin/Debug/net8.0/Saro.Dat.Tests.dll" adapterTypeName="executor://nunit3testexecutor/" className="Saro.Dat.Tests.BenchTest" name="Test" />
    </UnitTest>
    <UnitTest name="DisposeIsIdempotent" storage="/users/marker/rustroverprojects/dat/dat-nuget/saro.dat.tests/bin/debug/net8.0/saro.dat.tests.dll" id="f09b9d3f-4c8b-ac62-5a2a-0d9818691409">
      <Execution id="9f66043b-a81f-4e81-a318-c655cf32ad40" />
      <TestMethod codeBase="/Users/marker/RustroverProjects/dat/dat-nuget/Saro.Dat.Tests/bin/Debug/net8.0/Saro.Dat.Tests.dll" adapterTypeName="executor://nunit3testexecutor/" className="Saro.Dat.Tests.DisposeTest" name="DisposeIsIdempotent" />
    </UnitTest>
    <UnitTest name="HmacVerifyOnlyExportIsStructurallyUnsupported" storage="/users/marker/rustroverprojects/dat/dat-nuget/saro.dat.tests/bin/debug/net8.0/saro.dat.tests.dll" id="72ee7b64-0655-3976-fc3e-913ae50da399">
      <Execution id="b7d8e6a3-60ab-4bb8-a035-34f52a17e9ba" />
      <TestMethod codeBase="/Users/marker/RustroverProjects/dat/dat-nuget/Saro.Dat.Tests/bin/Debug/net8.0/Saro.Dat.Tests.dll" adapterTypeName="executor://nunit3testexecutor/" className="Saro.Dat.Tests.ErrorCodeTest" name="HmacVerifyOnlyExportIsStructurallyUnsupported" />
    </UnitTest>
    <UnitTest name="RejectsNonAlphabetCharacters" storage="/users/marker/rustroverprojects/dat/dat-nuget/saro.dat.tests/bin/debug/net8.0/saro.dat.tests.dll" id="88434269-8db6-51e9-503e-67c7fa242a46">
      <Execution id="1e8efe2d-f517-4ea9-84fa-7a97616888ae" />
      <TestMethod codeBase="/Users/marker/RustroverProjects/dat/dat-nuget/Saro.Dat.Tests/bin/Debug/net8.0/Saro.Dat.Tests.dll" adapterTypeName="executor://nunit3testexecutor/" className="Saro.Dat.Tests.Base64UrlTest" name="RejectsNonAlphabetCharacters" />
    </UnitTest>
    <UnitTest name="SigningWithVerifyOnlyKeyIsKeyMissing" storage="/users/marker/rustroverprojects/dat/dat-nuget/saro.dat.tests/bin/debug/net8.0/saro.dat.tests.dll" id="5c8f4f85-6d40-9a73-184c-df875b6720df">
      <Execution id="4b2d8a12-e3d5-460d-91aa-a69301d76263" />
      <TestMethod codeBase="/Users/marker/RustroverProjects/dat/dat-nuget/Saro.Dat.Tests/bin/Debug/net8.0/Saro.Dat.Tests.dll" adapterTypeName="executor://nunit3testexecutor/" className="Saro.Dat.Tests.ErrorCodeTest" name="SigningWithVerifyOnlyKeyIsKeyMissing" />
    </UnitTest>
    <UnitTest name="IssuanceWindowNotYetOpenIsTransient" storage="/users/marker/rustroverprojects/dat/dat-nuget/saro.dat.tests/bin/debug/net8.0/saro.dat.tests.dll" id="01c74d41-7dee-ef63-464f-60f46d5b2f03">
      <Execution id="2c9ff175-2ce3-49ab-a8bd-6e90bd83ce20" />
      <TestMethod codeBase="/Users/marker/RustroverProjects/dat/dat-nuget/Saro.Dat.Tests/bin/Debug/net8.0/Saro.Dat.Tests.dll" adapterTypeName="executor://nunit3testexecutor/" className="Saro.Dat.Tests.ErrorCodeTest" name="IssuanceWindowNotYetOpenIsTransient" />
    </UnitTest>
    <UnitTest name="OwnedClientDoesNotFollowRedirects" storage="/users/marker/rustroverprojects/dat/dat-nuget/saro.dat.tests/bin/debug/net8.0/saro.dat.tests.dll" id="ab3cea31-173a-0dae-282c-b583e32c5c64">
      <Execution id="b3e1837d-a5ec-4d1d-9aa5-c485f0c4c198" />
      <TestMethod codeBase="/Users/marker/RustroverProjects/dat/dat-nuget/Saro.Dat.Tests/bin/Debug/net8.0/Saro.Dat.Tests.dll" adapterTypeName="executor://nunit3testexecutor/" className="Saro.Dat.Tests.CmsFixtureTest" name="OwnedClientDoesNotFollowRedirects" />
    </UnitTest>
    <UnitTest name="TestIssueAndParse" storage="/users/marker/rustroverprojects/dat/dat-nuget/saro.dat.tests/bin/debug/net8.0/saro.dat.tests.dll" id="91dba208-77a7-0f93-c64e-e9d6e4f3aacf">
      <Execution id="a758d117-fb9b-4b30-ba55-55b3ef783284" />
      <TestMethod codeBase="/Users/marker/RustroverProjects/dat/dat-nuget/Saro.Dat.Tests/bin/Debug/net8.0/Saro.Dat.Tests.dll" adapterTypeName="executor://nunit3testexecutor/" className="Saro.Dat.Tests.ExampleTest" name="TestIssueAndParse" />
    </UnitTest>
    <UnitTest name="IssuanceWindowClosedIsPermanent" storage="/users/marker/rustroverprojects/dat/dat-nuget/saro.dat.tests/bin/debug/net8.0/saro.dat.tests.dll" id="dbe92744-85ec-4752-9213-4cdb91f22a65">
      <Execution id="49aacda4-3cec-4708-bed6-e59c6acbefdd" />
      <TestMethod codeBase="/Users/marker/RustroverProjects/dat/dat-nuget/Saro.Dat.Tests/bin/Debug/net8.0/Saro.Dat.Tests.dll" adapterTypeName="executor://nunit3testexecutor/" className="Saro.Dat.Tests.ErrorCodeTest" name="IssuanceWindowClosedIsPermanent" />
    </UnitTest>
    <UnitTest name="TamperedSecureIsCryptoTagMismatch" storage="/users/marker/rustroverprojects/dat/dat-nuget/saro.dat.tests/bin/debug/net8.0/saro.dat.tests.dll" id="3e98b29d-e2df-7f3b-9c48-72793f5aecc7">
      <Execution id="8205a412-a62b-47aa-ba21-925fe649c5ed" />
      <TestMethod codeBase="/Users/marker/RustroverProjects/dat/dat-nuget/Saro.Dat.Tests/bin/Debug/net8.0/Saro.Dat.Tests.dll" adapterTypeName="executor://nunit3testexecutor/" className="Saro.Dat.Tests.ErrorCodeTest" name="TamperedSecureIsCryptoTagMismatch" />
    </UnitTest>
    <UnitTest name="NullArgumentsAreConfigErrors" storage="/users/marker/rustroverprojects/dat/dat-nuget/saro.dat.tests/bin/debug/net8.0/saro.dat.tests.dll" id="bb35b566-efae-e66f-ec6d-208ef44ea990">
      <Execution id="a73029f7-e7b8-41af-813f-27d8ede02cf4" />
      <TestMethod codeBase="/Users/marker/RustroverProjects/dat/dat-nuget/Saro.Dat.Tests/bin/Debug/net8.0/Saro.Dat.Tests.dll" adapterTypeName="executor://nunit3testexecutor/" className="Saro.Dat.Tests.ErrorCodeTest" name="NullArgumentsAreConfigErrors" />
    </UnitTest>
    <UnitTest name="Test" storage="/users/marker/rustroverprojects/dat/dat-nuget/saro.dat.tests/bin/debug/net8.0/saro.dat.tests.dll" id="dacf0fdd-8665-c676-817d-ef5539911af5">
      <Execution id="94866031-7f67-430a-b677-794ac81a880d" />
      <TestMethod codeBase="/Users/marker/RustroverProjects/dat/dat-nuget/Saro.Dat.Tests/bin/Debug/net8.0/Saro.Dat.Tests.dll" adapterTypeName="executor://nunit3testexecutor/" className="Saro.Dat.Tests.CertificateTest" name="Test" />
    </UnitTest>
    <UnitTest name="ForgedSignatureIsSigMismatch" storage="/users/marker/rustroverprojects/dat/dat-nuget/saro.dat.tests/bin/debug/net8.0/saro.dat.tests.dll" id="6f588d9b-043f-8a3c-0fe4-0f12cb6e7f56">
      <Execution id="133ccf3e-8f30-42df-855d-135485d66f40" />
      <TestMethod codeBase="/Users/marker/RustroverProjects/dat/dat-nuget/Saro.Dat.Tests/bin/Debug/net8.0/Saro.Dat.Tests.dll" adapterTypeName="executor://nunit3testexecutor/" className="Saro.Dat.Tests.ErrorCodeTest" name="ForgedSignatureIsSigMismatch" />
    </UnitTest>
    <UnitTest name="CauseChainIsPreserved" storage="/users/marker/rustroverprojects/dat/dat-nuget/saro.dat.tests/bin/debug/net8.0/saro.dat.tests.dll" id="23bd3ab4-1e49-8cd1-ce51-26700e30fe42">
      <Execution id="07f963ec-f1f0-42e2-a7db-2edbc073e272" />
      <TestMethod codeBase="/Users/marker/RustroverProjects/dat/dat-nuget/Saro.Dat.Tests/bin/Debug/net8.0/Saro.Dat.Tests.dll" adapterTypeName="executor://nunit3testexecutor/" className="Saro.Dat.Tests.ErrorCodeTest" name="CauseChainIsPreserved" />
    </UnitTest>
    <UnitTest name="DisposedCertificateRejectsSigning" storage="/users/marker/rustroverprojects/dat/dat-nuget/saro.dat.tests/bin/debug/net8.0/saro.dat.tests.dll" id="5102d152-85d4-6af7-55d1-3ed07eb5ee2e">
      <Execution id="529f800b-766f-4c97-8cbf-2f82f25360fc" />
      <TestMethod codeBase="/Users/marker/RustroverProjects/dat/dat-nuget/Saro.Dat.Tests/bin/Debug/net8.0/Saro.Dat.Tests.dll" adapterTypeName="executor://nunit3testexecutor/" className="Saro.Dat.Tests.DisposeTest" name="DisposedCertificateRejectsSigning" />
    </UnitTest>
    <UnitTest name="RejectsDanglingCharacter" storage="/users/marker/rustroverprojects/dat/dat-nuget/saro.dat.tests/bin/debug/net8.0/saro.dat.tests.dll" id="37303f77-d05e-472d-4f4c-4c3fb6add7da">
      <Execution id="18e09f6c-db65-4608-af46-1da8c4a7e2fe" />
      <TestMethod codeBase="/Users/marker/RustroverProjects/dat/dat-nuget/Saro.Dat.Tests/bin/Debug/net8.0/Saro.Dat.Tests.dll" adapterTypeName="executor://nunit3testexecutor/" className="Saro.Dat.Tests.Base64UrlTest" name="RejectsDanglingCharacter" />
    </UnitTest>
    <UnitTest name="DisposeAsyncCancelsAnInFlightSync" storage="/users/marker/rustroverprojects/dat/dat-nuget/saro.dat.tests/bin/debug/net8.0/saro.dat.tests.dll" id="43b95ba6-1d43-b563-768b-cc2cf780e7f1">
      <Execution id="8a31a6b8-2972-4de2-a97e-09ab4135a140" />
      <TestMethod codeBase="/Users/marker/RustroverProjects/dat/dat-nuget/Saro.Dat.Tests/bin/Debug/net8.0/Saro.Dat.Tests.dll" adapterTypeName="executor://nunit3testexecutor/" className="Saro.Dat.Tests.CmsFixtureTest" name="DisposeAsyncCancelsAnInFlightSync" />
    </UnitTest>
    <UnitTest name="StateTransitionsFollowSignedI64Fixture" storage="/users/marker/rustroverprojects/dat/dat-nuget/saro.dat.tests/bin/debug/net8.0/saro.dat.tests.dll" id="61aca1c6-095b-7891-f472-944e12228dad">
      <Execution id="99350a3c-55c9-4f1b-b43c-c9b68accd12e" />
      <TestMethod codeBase="/Users/marker/RustroverProjects/dat/dat-nuget/Saro.Dat.Tests/bin/Debug/net8.0/Saro.Dat.Tests.dll" adapterTypeName="executor://nunit3testexecutor/" className="Saro.Dat.Tests.CmsFixtureTest" name="StateTransitionsFollowSignedI64Fixture" />
    </UnitTest>
    <UnitTest name="UseDatCms" storage="/users/marker/rustroverprojects/dat/dat-nuget/saro.dat.tests/bin/debug/net8.0/saro.dat.tests.dll" id="10cc51f2-0a98-302c-b755-344d9859e35c">
      <Execution id="4f722f7b-2b5a-42ad-8568-adf297e741c3" />
      <TestMethod codeBase="/Users/marker/RustroverProjects/dat/dat-nuget/Saro.Dat.Tests/bin/Debug/net8.0/Saro.Dat.Tests.dll" adapterTypeName="executor://nunit3testexecutor/" className="Saro.Dat.Tests.ExampleCmsManagerTest" name="UseDatCms" />
    </UnitTest>
    <UnitTest name="EmptySecurePayloadIsNotAnError" storage="/users/marker/rustroverprojects/dat/dat-nuget/saro.dat.tests/bin/debug/net8.0/saro.dat.tests.dll" id="54e13e60-131a-d4fc-2a0b-52a1a069e7ef">
      <Execution id="b2dba25c-d7f6-4195-87e9-f1dea150e83f" />
      <TestMethod codeBase="/Users/marker/RustroverProjects/dat/dat-nuget/Saro.Dat.Tests/bin/Debug/net8.0/Saro.Dat.Tests.dll" adapterTypeName="executor://nunit3testexecutor/" className="Saro.Dat.Tests.ErrorCodeTest" name="EmptySecurePayloadIsNotAnError" />
    </UnitTest>
    <UnitTest name="ImportCopiesSoTheCallerKeepsOwnership" storage="/users/marker/rustroverprojects/dat/dat-nuget/saro.dat.tests/bin/debug/net8.0/saro.dat.tests.dll" id="e4bf563b-dbd1-8324-f2ef-29d781dedb8d">
      <Execution id="9587bc71-9154-4f70-bbf8-ff38513592a5" />
      <TestMethod codeBase="/Users/marker/RustroverProjects/dat/dat-nuget/Saro.Dat.Tests/bin/Debug/net8.0/Saro.Dat.Tests.dll" adapterTypeName="executor://nunit3testexecutor/" className="Saro.Dat.Tests.DisposeTest" name="ImportCopiesSoTheCallerKeepsOwnership" />
    </UnitTest>
    <UnitTest name="NoCertificateAtAll" storage="/users/marker/rustroverprojects/dat/dat-nuget/saro.dat.tests/bin/debug/net8.0/saro.dat.tests.dll" id="d6a65219-596c-10f3-7e42-0b77d963431f">
      <Execution id="bcb370c0-6be3-4f44-aff8-168f52c5e15c" />
      <TestMethod codeBase="/Users/marker/RustroverProjects/dat/dat-nuget/Saro.Dat.Tests/bin/Debug/net8.0/Saro.Dat.Tests.dll" adapterTypeName="executor://nunit3testexecutor/" className="Saro.Dat.Tests.ErrorCodeTest" name="NoCertificateAtAll" />
    </UnitTest>
    <UnitTest name="CertificateFieldsRejectNonDigits(1,&quot;+100&quot;)" storage="/users/marker/rustroverprojects/dat/dat-nuget/saro.dat.tests/bin/debug/net8.0/saro.dat.tests.dll" id="221b484c-ef29-c236-5ac7-cd5aa3f6571a">
      <Execution id="4f8478ec-cd5a-4140-8604-168ccd22c7b3" />
      <TestMethod codeBase="/Users/marker/RustroverProjects/dat/dat-nuget/Saro.Dat.Tests/bin/Debug/net8.0/Saro.Dat.Tests.dll" adapterTypeName="executor://nunit3testexecutor/" className="Saro.Dat.Tests.StrictParseTest" name="CertificateFieldsRejectNonDigits(1,&quot;+100&quot;)" />
    </UnitTest>
    <UnitTest name="RepeatedImportKeepsOneCertificatePerCid" storage="/users/marker/rustroverprojects/dat/dat-nuget/saro.dat.tests/bin/debug/net8.0/saro.dat.tests.dll" id="568765ff-0231-4a29-4b60-175e84eab41c">
      <Execution id="8cde15fe-26da-47b1-94ca-cafb79a66414" />
      <TestMethod codeBase="/Users/marker/RustroverProjects/dat/dat-nuget/Saro.Dat.Tests/bin/Debug/net8.0/Saro.Dat.Tests.dll" adapterTypeName="executor://nunit3testexecutor/" className="Saro.Dat.Tests.DisposeTest" name="RepeatedImportKeepsOneCertificatePerCid" />
    </UnitTest>
    <UnitTest name="EmptyMapsToEmpty" storage="/users/marker/rustroverprojects/dat/dat-nuget/saro.dat.tests/bin/debug/net8.0/saro.dat.tests.dll" id="f2e67cd3-72a0-6c85-86a1-a0766be53552">
      <Execution id="2a2539fe-b178-462b-95f0-bd4218e822e0" />
      <TestMethod codeBase="/Users/marker/RustroverProjects/dat/dat-nuget/Saro.Dat.Tests/bin/Debug/net8.0/Saro.Dat.Tests.dll" adapterTypeName="executor://nunit3testexecutor/" className="Saro.Dat.Tests.Base64UrlTest" name="EmptyMapsToEmpty" />
    </UnitTest>
    <UnitTest name="CodesAreWellFormed" storage="/users/marker/rustroverprojects/dat/dat-nuget/saro.dat.tests/bin/debug/net8.0/saro.dat.tests.dll" id="352f53c5-5ef4-21ad-0680-2c41b4ed3414">
      <Execution id="bfa81b74-ae9b-4a0e-9c9e-7665e6c58fcf" />
      <TestMethod codeBase="/Users/marker/RustroverProjects/dat/dat-nuget/Saro.Dat.Tests/bin/Debug/net8.0/Saro.Dat.Tests.dll" adapterTypeName="executor://nunit3testexecutor/" className="Saro.Dat.Tests.ErrorCodeTest" name="CodesAreWellFormed" />
    </UnitTest>
    <UnitTest name="RoundTripsEveryLength" storage="/users/marker/rustroverprojects/dat/dat-nuget/saro.dat.tests/bin/debug/net8.0/saro.dat.tests.dll" id="9bb8ebb0-895e-3e0e-bebe-03ed5de842ec">
      <Execution id="321472cc-80ea-4692-b503-05f5f0163958" />
      <TestMethod codeBase="/Users/marker/RustroverProjects/dat/dat-nuget/Saro.Dat.Tests/bin/Debug/net8.0/Saro.Dat.Tests.dll" adapterTypeName="executor://nunit3testexecutor/" className="Saro.Dat.Tests.Base64UrlTest" name="RoundTripsEveryLength" />
    </UnitTest>
    <UnitTest name="WrongKeySizeIsKeyInvalid" storage="/users/marker/rustroverprojects/dat/dat-nuget/saro.dat.tests/bin/debug/net8.0/saro.dat.tests.dll" id="a8f8d0d7-6018-ab06-59e8-a60ad6c04cb5">
      <Execution id="aa1974f1-1460-4861-b3b9-2110795c4471" />
      <TestMethod codeBase="/Users/marker/RustroverProjects/dat/dat-nuget/Saro.Dat.Tests/bin/Debug/net8.0/Saro.Dat.Tests.dll" adapterTypeName="executor://nunit3testexecutor/" className="Saro.Dat.Tests.ErrorCodeTest" name="WrongKeySizeIsKeyInvalid" />
    </UnitTest>
    <UnitTest name="ExpiredCertificateIsNotHeld" storage="/users/marker/rustroverprojects/dat/dat-nuget/saro.dat.tests/bin/debug/net8.0/saro.dat.tests.dll" id="df7ce0b5-bde8-4e75-3b80-90e74af87c90">
      <Execution id="803fe8ca-2676-4658-ae74-0508be91d0f1" />
      <TestMethod codeBase="/Users/marker/RustroverProjects/dat/dat-nuget/Saro.Dat.Tests/bin/Debug/net8.0/Saro.Dat.Tests.dll" adapterTypeName="executor://nunit3testexecutor/" className="Saro.Dat.Tests.DisposeTest" name="ExpiredCertificateIsNotHeld" />
    </UnitTest>
    <UnitTest name="DatExpireRejectsNegative" storage="/users/marker/rustroverprojects/dat/dat-nuget/saro.dat.tests/bin/debug/net8.0/saro.dat.tests.dll" id="55bf126b-33b4-23f2-810c-e00050888631">
      <Execution id="69143c87-551e-4707-a487-64603b2bf55f" />
      <TestMethod codeBase="/Users/marker/RustroverProjects/dat/dat-nuget/Saro.Dat.Tests/bin/Debug/net8.0/Saro.Dat.Tests.dll" adapterTypeName="executor://nunit3testexecutor/" className="Saro.Dat.Tests.StrictParseTest" name="DatExpireRejectsNegative" />
    </UnitTest>
    <UnitTest name="DuplicateCidOnImport" storage="/users/marker/rustroverprojects/dat/dat-nuget/saro.dat.tests/bin/debug/net8.0/saro.dat.tests.dll" id="cba78a58-ac4e-d30a-b128-c61589ca0f20">
      <Execution id="a8f0ed2f-d0b9-4f91-b0b9-f21f2e2f15f5" />
      <TestMethod codeBase="/Users/marker/RustroverProjects/dat/dat-nuget/Saro.Dat.Tests/bin/Debug/net8.0/Saro.Dat.Tests.dll" adapterTypeName="executor://nunit3testexecutor/" className="Saro.Dat.Tests.ErrorCodeTest" name="DuplicateCidOnImport" />
    </UnitTest>
    <UnitTest name="Test" storage="/users/marker/rustroverprojects/dat/dat-nuget/saro.dat.tests/bin/debug/net8.0/saro.dat.tests.dll" id="feb5c990-b230-9519-b590-91553f969e40">
      <Execution id="1636ac2b-feab-4b31-b31d-ffe7e55cc56a" />
      <TestMethod codeBase="/Users/marker/RustroverProjects/dat/dat-nuget/Saro.Dat.Tests/bin/Debug/net8.0/Saro.Dat.Tests.dll" adapterTypeName="executor://nunit3testexecutor/" className="Saro.Dat.Tests.CryptoTest" name="Test" />
    </UnitTest>
    <UnitTest name="DatExpireRejectsNonDigits(&quot; &quot;)" storage="/users/marker/rustroverprojects/dat/dat-nuget/saro.dat.tests/bin/debug/net8.0/saro.dat.tests.dll" id="e6a7a97c-8d89-53cc-d69c-fd34a64214b8">
      <Execution id="1d51d4b5-383d-4017-ac27-e20bea4cf859" />
      <TestMethod codeBase="/Users/marker/RustroverProjects/dat/dat-nuget/Saro.Dat.Tests/bin/Debug/net8.0/Saro.Dat.Tests.dll" adapterTypeName="executor://nunit3testexecutor/" className="Saro.Dat.Tests.StrictParseTest" name="DatExpireRejectsNonDigits(&quot; &quot;)" />
    </UnitTest>
    <UnitTest name="ParseRustVectors" storage="/users/marker/rustroverprojects/dat/dat-nuget/saro.dat.tests/bin/debug/net8.0/saro.dat.tests.dll" id="246e21b9-07aa-327b-a67a-7f5b81bc62a6">
      <Execution id="3a3b6caa-659f-4e26-be1a-cf97627d552b" />
      <TestMethod codeBase="/Users/marker/RustroverProjects/dat/dat-nuget/Saro.Dat.Tests/bin/Debug/net8.0/Saro.Dat.Tests.dll" adapterTypeName="executor://nunit3testexecutor/" className="Saro.Dat.Tests.InteropVectorTest" name="ParseRustVectors" />
    </UnitTest>
    <UnitTest name="CertificateFieldsRejectNonDigits(2,&quot;-1&quot;)" storage="/users/marker/rustroverprojects/dat/dat-nuget/saro.dat.tests/bin/debug/net8.0/saro.dat.tests.dll" id="bf674185-57f5-8fe5-6a0d-dc9ee66c835d">
      <Execution id="439034ae-775b-483e-bcae-3575d9a583d3" />
      <TestMethod codeBase="/Users/marker/RustroverProjects/dat/dat-nuget/Saro.Dat.Tests/bin/Debug/net8.0/Saro.Dat.Tests.dll" adapterTypeName="executor://nunit3testexecutor/" className="Saro.Dat.Tests.StrictParseTest" name="CertificateFieldsRejectNonDigits(2,&quot;-1&quot;)" />
    </UnitTest>
    <UnitTest name="CertificateRoundTripsUnmutated" storage="/users/marker/rustroverprojects/dat/dat-nuget/saro.dat.tests/bin/debug/net8.0/saro.dat.tests.dll" id="56e42a7a-4682-b023-ce63-df6391ff7cc2">
      <Execution id="2b2fe674-bd60-425d-85da-c723c11bf756" />
      <TestMethod codeBase="/Users/marker/RustroverProjects/dat/dat-nuget/Saro.Dat.Tests/bin/Debug/net8.0/Saro.Dat.Tests.dll" adapterTypeName="executor://nunit3testexecutor/" className="Saro.Dat.Tests.StrictParseTest" name="CertificateRoundTripsUnmutated" />
    </UnitTest>
    <UnitTest name="DatStillParsesUnmutated" storage="/users/marker/rustroverprojects/dat/dat-nuget/saro.dat.tests/bin/debug/net8.0/saro.dat.tests.dll" id="4a7a01fe-0aa8-2bef-2fba-c5bb66a6bbb7">
      <Execution id="14ae9f96-e5b9-4a6c-ab67-7aa5a49d28e9" />
      <TestMethod codeBase="/Users/marker/RustroverProjects/dat/dat-nuget/Saro.Dat.Tests/bin/Debug/net8.0/Saro.Dat.Tests.dll" adapterTypeName="executor://nunit3testexecutor/" className="Saro.Dat.Tests.StrictParseTest" name="DatStillParsesUnmutated" />
    </UnitTest>
    <UnitTest name="UnknownAlgorithmNames" storage="/users/marker/rustroverprojects/dat/dat-nuget/saro.dat.tests/bin/debug/net8.0/saro.dat.tests.dll" id="ee16fdfb-6f45-f276-a50d-4700c66b4b4f">
      <Execution id="139131b1-b7bd-4215-8168-5df45404919a" />
      <TestMethod codeBase="/Users/marker/RustroverProjects/dat/dat-nuget/Saro.Dat.Tests/bin/Debug/net8.0/Saro.Dat.Tests.dll" adapterTypeName="executor://nunit3testexecutor/" className="Saro.Dat.Tests.ErrorCodeTest" name="UnknownAlgorithmNames" />
    </UnitTest>
    <UnitTest name="MalformedTokenShapes" storage="/users/marker/rustroverprojects/dat/dat-nuget/saro.dat.tests/bin/debug/net8.0/saro.dat.tests.dll" id="8dadc2d1-0100-18a6-50f9-cc6a2b534be7">
      <Execution id="a3196c60-ca30-4940-a1fb-654049166d75" />
      <TestMethod codeBase="/Users/marker/RustroverProjects/dat/dat-nuget/Saro.Dat.Tests/bin/Debug/net8.0/Saro.Dat.Tests.dll" adapterTypeName="executor://nunit3testexecutor/" className="Saro.Dat.Tests.ErrorCodeTest" name="MalformedTokenShapes" />
    </UnitTest>
    <UnitTest name="DatCidRejectsHexPrefix" storage="/users/marker/rustroverprojects/dat/dat-nuget/saro.dat.tests/bin/debug/net8.0/saro.dat.tests.dll" id="6b701ebb-f2df-2d03-c31c-28c9682070bb">
      <Execution id="1d7f28a8-2fe4-468f-8b75-b90745cbc150" />
      <TestMethod codeBase="/Users/marker/RustroverProjects/dat/dat-nuget/Saro.Dat.Tests/bin/Debug/net8.0/Saro.Dat.Tests.dll" adapterTypeName="executor://nunit3testexecutor/" className="Saro.Dat.Tests.StrictParseTest" name="DatCidRejectsHexPrefix" />
    </UnitTest>
    <UnitTest name="MalformedCertificateShapes" storage="/users/marker/rustroverprojects/dat/dat-nuget/saro.dat.tests/bin/debug/net8.0/saro.dat.tests.dll" id="38dba45b-9ae0-aee6-d818-66be400c7139">
      <Execution id="a56714b4-4c9d-4203-ab55-80fd28bf7223" />
      <TestMethod codeBase="/Users/marker/RustroverProjects/dat/dat-nuget/Saro.Dat.Tests/bin/Debug/net8.0/Saro.Dat.Tests.dll" adapterTypeName="executor://nunit3testexecutor/" className="Saro.Dat.Tests.ErrorCodeTest" name="MalformedCertificateShapes" />
    </UnitTest>
    <UnitTest name="CertificateFieldsRejectNonDigits(3,&quot;6 0&quot;)" storage="/users/marker/rustroverprojects/dat/dat-nuget/saro.dat.tests/bin/debug/net8.0/saro.dat.tests.dll" id="a166790b-1b03-1d96-dec1-1134f23415fb">
      <Execution id="54339603-2c90-44af-9525-35e322910cb0" />
      <TestMethod codeBase="/Users/marker/RustroverProjects/dat/dat-nuget/Saro.Dat.Tests/bin/Debug/net8.0/Saro.Dat.Tests.dll" adapterTypeName="executor://nunit3testexecutor/" className="Saro.Dat.Tests.StrictParseTest" name="CertificateFieldsRejectNonDigits(3,&quot;6 0&quot;)" />
    </UnitTest>
    <UnitTest name="RejectsStandardAlphabet" storage="/users/marker/rustroverprojects/dat/dat-nuget/saro.dat.tests/bin/debug/net8.0/saro.dat.tests.dll" id="15a29d29-8db7-5db3-9119-873799e65004">
      <Execution id="1dc44b58-5b86-4400-b68d-8cd1d5ee6b0b" />
      <TestMethod codeBase="/Users/marker/RustroverProjects/dat/dat-nuget/Saro.Dat.Tests/bin/Debug/net8.0/Saro.Dat.Tests.dll" adapterTypeName="executor://nunit3testexecutor/" className="Saro.Dat.Tests.Base64UrlTest" name="RejectsStandardAlphabet" />
    </UnitTest>
    <UnitTest name="VerifyOnlyCertificateCannotIssue" storage="/users/marker/rustroverprojects/dat/dat-nuget/saro.dat.tests/bin/debug/net8.0/saro.dat.tests.dll" id="8bc2e755-4b2f-b36d-fcc3-11d254d2d8e7">
      <Execution id="71a694b5-f0a7-47e3-8d24-2873bc9e88ee" />
      <TestMethod codeBase="/Users/marker/RustroverProjects/dat/dat-nuget/Saro.Dat.Tests/bin/Debug/net8.0/Saro.Dat.Tests.dll" adapterTypeName="executor://nunit3testexecutor/" className="Saro.Dat.Tests.ErrorCodeTest" name="VerifyOnlyCertificateCannotIssue" />
    </UnitTest>
    <UnitTest name="CertificateCidRejectsHexPrefix" storage="/users/marker/rustroverprojects/dat/dat-nuget/saro.dat.tests/bin/debug/net8.0/saro.dat.tests.dll" id="22d6214f-6b3b-5e45-14fe-43193fec951a">
      <Execution id="6431e0ca-320a-4baa-adea-e255ccb2d335" />
      <TestMethod codeBase="/Users/marker/RustroverProjects/dat/dat-nuget/Saro.Dat.Tests/bin/Debug/net8.0/Saro.Dat.Tests.dll" adapterTypeName="executor://nunit3testexecutor/" className="Saro.Dat.Tests.StrictParseTest" name="CertificateCidRejectsHexPrefix" />
    </UnitTest>
    <UnitTest name="UnknownCidIsCertNotFound" storage="/users/marker/rustroverprojects/dat/dat-nuget/saro.dat.tests/bin/debug/net8.0/saro.dat.tests.dll" id="1157b0df-116d-b483-b6e4-4b261c94f634">
      <Execution id="5729d070-c2ab-42c4-8d4e-53fc823c7a96" />
      <TestMethod codeBase="/Users/marker/RustroverProjects/dat/dat-nuget/Saro.Dat.Tests/bin/Debug/net8.0/Saro.Dat.Tests.dll" adapterTypeName="executor://nunit3testexecutor/" className="Saro.Dat.Tests.ErrorCodeTest" name="UnknownCidIsCertNotFound" />
    </UnitTest>
    <UnitTest name="UsesUrlAlphabetAndNoPadding" storage="/users/marker/rustroverprojects/dat/dat-nuget/saro.dat.tests/bin/debug/net8.0/saro.dat.tests.dll" id="16d247a4-1d43-df52-263b-09117395c1c5">
      <Execution id="a1dbeba2-c1a2-4870-9bd1-08553260ff91" />
      <TestMethod codeBase="/Users/marker/RustroverProjects/dat/dat-nuget/Saro.Dat.Tests/bin/Debug/net8.0/Saro.Dat.Tests.dll" adapterTypeName="executor://nunit3testexecutor/" className="Saro.Dat.Tests.Base64UrlTest" name="UsesUrlAlphabetAndNoPadding" />
    </UnitTest>
    <UnitTest name="DatExpireRejectsNonDigits(&quot;+&quot;)" storage="/users/marker/rustroverprojects/dat/dat-nuget/saro.dat.tests/bin/debug/net8.0/saro.dat.tests.dll" id="c5bdd727-214b-3bab-bc0e-00d5cf3c7a13">
      <Execution id="cf6969a3-58de-434d-b6ed-e47afd09b94e" />
      <TestMethod codeBase="/Users/marker/RustroverProjects/dat/dat-nuget/Saro.Dat.Tests/bin/Debug/net8.0/Saro.Dat.Tests.dll" adapterTypeName="executor://nunit3testexecutor/" className="Saro.Dat.Tests.StrictParseTest" name="DatExpireRejectsNonDigits(&quot;+&quot;)" />
    </UnitTest>
    <UnitTest name="CertificateFieldsRejectNonDigits(1,&quot; 100&quot;)" storage="/users/marker/rustroverprojects/dat/dat-nuget/saro.dat.tests/bin/debug/net8.0/saro.dat.tests.dll" id="b79beb50-2bb3-8e50-778b-7056242eca77">
      <Execution id="c9682428-5ff6-4e5a-8a44-b29e9113a0c0" />
      <TestMethod codeBase="/Users/marker/RustroverProjects/dat/dat-nuget/Saro.Dat.Tests/bin/Debug/net8.0/Saro.Dat.Tests.dll" adapterTypeName="executor://nunit3testexecutor/" className="Saro.Dat.Tests.StrictParseTest" name="CertificateFieldsRejectNonDigits(1,&quot; 100&quot;)" />
    </UnitTest>
    <UnitTest name="TestHard" storage="/users/marker/rustroverprojects/dat/dat-nuget/saro.dat.tests/bin/debug/net8.0/saro.dat.tests.dll" id="f580a959-4f64-7acc-900a-f9162f13512b">
      <Execution id="76006130-07f0-470d-ab02-859747ca0bad" />
      <TestMethod codeBase="/Users/marker/RustroverProjects/dat/dat-nuget/Saro.Dat.Tests/bin/Debug/net8.0/Saro.Dat.Tests.dll" adapterTypeName="executor://nunit3testexecutor/" className="Saro.Dat.Tests.HardTest" name="TestHard" />
    </UnitTest>
    <UnitTest name="RetryClassification" storage="/users/marker/rustroverprojects/dat/dat-nuget/saro.dat.tests/bin/debug/net8.0/saro.dat.tests.dll" id="8400e53c-3dd0-5ccc-b8df-848fa72e4a8c">
      <Execution id="20da6846-0408-4fb5-9397-056725fc7e2c" />
      <TestMethod codeBase="/Users/marker/RustroverProjects/dat/dat-nuget/Saro.Dat.Tests/bin/Debug/net8.0/Saro.Dat.Tests.dll" adapterTypeName="executor://nunit3testexecutor/" className="Saro.Dat.Tests.ErrorCodeTest" name="RetryClassification" />
    </UnitTest>
    <UnitTest name="ExpiredTokenIsNotMalformed" storage="/users/marker/rustroverprojects/dat/dat-nuget/saro.dat.tests/bin/debug/net8.0/saro.dat.tests.dll" id="85e1bcf4-ed07-acf8-bc38-0355f3c02d3f">
      <Execution id="1385da54-df24-4710-8e5f-b46971e0a168" />
      <TestMethod codeBase="/Users/marker/RustroverProjects/dat/dat-nuget/Saro.Dat.Tests/bin/Debug/net8.0/Saro.Dat.Tests.dll" adapterTypeName="executor://nunit3testexecutor/" className="Saro.Dat.Tests.ErrorCodeTest" name="ExpiredTokenIsNotMalformed" />
    </UnitTest>
  </TestDefinitions>
  <TestEntries>
    <TestEntry testId="fbe06edf-7dbd-b202-9711-1ec8b9b1f14a" executionId="e8d426a8-9af8-4ab4-97af-c3ee439dbe1b" testListId="8c84fa94-04c1-424b-9868-57a2d4851a1d" />
    <TestEntry testId="ee16fdfb-6f45-f276-a50d-4700c66b4b4f" executionId="139131b1-b7bd-4215-8168-5df45404919a" testListId="8c84fa94-04c1-424b-9868-57a2d4851a1d" />
    <TestEntry testId="10cc51f2-0a98-302c-b755-344d9859e35c" executionId="4f722f7b-2b5a-42ad-8568-adf297e741c3" testListId="8c84fa94-04c1-424b-9868-57a2d4851a1d" />
    <TestEntry testId="5c8f4f85-6d40-9a73-184c-df875b6720df" executionId="4b2d8a12-e3d5-460d-91aa-a69301d76263" testListId="8c84fa94-04c1-424b-9868-57a2d4851a1d" />
    <TestEntry testId="38dba45b-9ae0-aee6-d818-66be400c7139" executionId="a56714b4-4c9d-4203-ab55-80fd28bf7223" testListId="8c84fa94-04c1-424b-9868-57a2d4851a1d" />
    <TestEntry testId="bb35b566-efae-e66f-ec6d-208ef44ea990" executionId="a73029f7-e7b8-41af-813f-27d8ede02cf4" testListId="8c84fa94-04c1-424b-9868-57a2d4851a1d" />
    <TestEntry testId="e6a7a97c-8d89-53cc-d69c-fd34a64214b8" executionId="1d51d4b5-383d-4017-ac27-e20bea4cf859" testListId="8c84fa94-04c1-424b-9868-57a2d4851a1d" />
    <TestEntry testId="f1bb189c-5adc-774c-9cba-016faf6f558f" executionId="00379cd3-8c15-4789-a7f6-535395b71d97" testListId="8c84fa94-04c1-424b-9868-57a2d4851a1d" />
    <TestEntry testId="f2e67cd3-72a0-6c85-86a1-a0766be53552" executionId="2a2539fe-b178-462b-95f0-bd4218e822e0" testListId="8c84fa94-04c1-424b-9868-57a2d4851a1d" />
    <TestEntry testId="dbe92744-85ec-4752-9213-4cdb91f22a65" executionId="49aacda4-3cec-4708-bed6-e59c6acbefdd" testListId="8c84fa94-04c1-424b-9868-57a2d4851a1d" />
    <TestEntry testId="22d6214f-6b3b-5e45-14fe-43193fec951a" executionId="6431e0ca-320a-4baa-adea-e255ccb2d335" testListId="8c84fa94-04c1-424b-9868-57a2d4851a1d" />
    <TestEntry testId="e4bf563b-dbd1-8324-f2ef-29d781dedb8d" executionId="9587bc71-9154-4f70-bbf8-ff38513592a5" testListId="8c84fa94-04c1-424b-9868-57a2d4851a1d" />
    <TestEntry testId="246e21b9-07aa-327b-a67a-7f5b81bc62a6" executionId="3a3b6caa-659f-4e26-be1a-cf97627d552b" testListId="8c84fa94-04c1-424b-9868-57a2d4851a1d" />
    <TestEntry testId="6f588d9b-043f-8a3c-0fe4-0f12cb6e7f56" executionId="133ccf3e-8f30-42df-855d-135485d66f40" testListId="8c84fa94-04c1-424b-9868-57a2d4851a1d" />
    <TestEntry testId="55bf126b-33b4-23f2-810c-e00050888631" executionId="69143c87-551e-4707-a487-64603b2bf55f" testListId="8c84fa94-04c1-424b-9868-57a2d4851a1d" />
    <TestEntry testId="61aca1c6-095b-7891-f472-944e12228dad" executionId="99350a3c-55c9-4f1b-b43c-c9b68accd12e" testListId="8c84fa94-04c1-424b-9868-57a2d4851a1d" />
    <TestEntry testId="c5bdd727-214b-3bab-bc0e-00d5cf3c7a13" executionId="cf6969a3-58de-434d-b6ed-e47afd09b94e" testListId="8c84fa94-04c1-424b-9868-57a2d4851a1d" />
    <TestEntry testId="6a14054d-9c29-4408-f503-7d6b0d53908a" executionId="817a6d7a-224c-46d8-8c14-b0be81746df8" testListId="8c84fa94-04c1-424b-9868-57a2d4851a1d" />
    <TestEntry testId="8bc2e755-4b2f-b36d-fcc3-11d254d2d8e7" executionId="71a694b5-f0a7-47e3-8d24-2873bc9e88ee" testListId="8c84fa94-04c1-424b-9868-57a2d4851a1d" />
    <TestEntry testId="b79beb50-2bb3-8e50-778b-7056242eca77" executionId="c9682428-5ff6-4e5a-8a44-b29e9113a0c0" testListId="8c84fa94-04c1-424b-9868-57a2d4851a1d" />
    <TestEntry testId="352f53c5-5ef4-21ad-0680-2c41b4ed3414" executionId="bfa81b74-ae9b-4a0e-9c9e-7665e6c58fcf" testListId="8c84fa94-04c1-424b-9868-57a2d4851a1d" />
    <TestEntry testId="16a08f0f-87ff-b6cf-a647-9ae7db02fff5" executionId="72080e4b-8026-4d2c-a653-c30df4346536" testListId="8c84fa94-04c1-424b-9868-57a2d4851a1d" />
    <TestEntry testId="01c74d41-7dee-ef63-464f-60f46d5b2f03" executionId="2c9ff175-2ce3-49ab-a8bd-6e90bd83ce20" testListId="8c84fa94-04c1-424b-9868-57a2d4851a1d" />
    <TestEntry testId="ab3cea31-173a-0dae-282c-b583e32c5c64" executionId="b3e1837d-a5ec-4d1d-9aa5-c485f0c4c198" testListId="8c84fa94-04c1-424b-9868-57a2d4851a1d" />
    <TestEntry testId="221b484c-ef29-c236-5ac7-cd5aa3f6571a" executionId="4f8478ec-cd5a-4140-8604-168ccd22c7b3" testListId="8c84fa94-04c1-424b-9868-57a2d4851a1d" />
    <TestEntry testId="85e1bcf4-ed07-acf8-bc38-0355f3c02d3f" executionId="1385da54-df24-4710-8e5f-b46971e0a168" testListId="8c84fa94-04c1-424b-9868-57a2d4851a1d" />
    <TestEntry testId="feb5c990-b230-9519-b590-91553f969e40" executionId="1636ac2b-feab-4b31-b31d-ffe7e55cc56a" testListId="8c84fa94-04c1-424b-9868-57a2d4851a1d" />
    <TestEntry testId="8dadc2d1-0100-18a6-50f9-cc6a2b534be7" executionId="a3196c60-ca30-4940-a1fb-654049166d75" testListId="8c84fa94-04c1-424b-9868-57a2d4851a1d" />
    <TestEntry testId="a8f8d0d7-6018-ab06-59e8-a60ad6c04cb5" executionId="aa1974f1-1460-4861-b3b9-2110795c4471" testListId="8c84fa94-04c1-424b-9868-57a2d4851a1d" />
    <TestEntry testId="d6a65219-596c-10f3-7e42-0b77d963431f" executionId="bcb370c0-6be3-4f44-aff8-168f52c5e15c" testListId="8c84fa94-04c1-424b-9868-57a2d4851a1d" />
    <TestEntry testId="4a7a01fe-0aa8-2bef-2fba-c5bb66a6bbb7" executionId="14ae9f96-e5b9-4a6c-ab67-7aa5a49d28e9" testListId="8c84fa94-04c1-424b-9868-57a2d4851a1d" />
    <TestEntry testId="bf674185-57f5-8fe5-6a0d-dc9ee66c835d" executionId="439034ae-775b-483e-bcae-3575d9a583d3" testListId="8c84fa94-04c1-424b-9868-57a2d4851a1d" />
    <TestEntry testId="6b701ebb-f2df-2d03-c31c-28c9682070bb" executionId="1d7f28a8-2fe4-468f-8b75-b90745cbc150" testListId="8c84fa94-04c1-424b-9868-57a2d4851a1d" />
    <TestEntry testId="37303f77-d05e-472d-4f4c-4c3fb6add7da" executionId="18e09f6c-db65-4608-af46-1da8c4a7e2fe" testListId="8c84fa94-04c1-424b-9868-57a2d4851a1d" />
    <TestEntry testId="df7ce0b5-bde8-4e75-3b80-90e74af87c90" executionId="803fe8ca-2676-4658-ae74-0508be91d0f1" testListId="8c84fa94-04c1-424b-9868-57a2d4851a1d" />
    <TestEntry testId="88434269-8db6-51e9-503e-67c7fa242a46" executionId="1e8efe2d-f517-4ea9-84fa-7a97616888ae" testListId="8c84fa94-04c1-424b-9868-57a2d4851a1d" />
    <TestEntry testId="a166790b-1b03-1d96-dec1-1134f23415fb" executionId="54339603-2c90-44af-9525-35e322910cb0" testListId="8c84fa94-04c1-424b-9868-57a2d4851a1d" />
    <TestEntry testId="5102d152-85d4-6af7-55d1-3ed07eb5ee2e" executionId="529f800b-766f-4c97-8cbf-2f82f25360fc" testListId="8c84fa94-04c1-424b-9868-57a2d4851a1d" />
    <TestEntry testId="56e42a7a-4682-b023-ce63-df6391ff7cc2" executionId="2b2fe674-bd60-425d-85da-c723c11bf756" testListId="8c84fa94-04c1-424b-9868-57a2d4851a1d" />
    <TestEntry testId="15a29d29-8db7-5db3-9119-873799e65004" executionId="1dc44b58-5b86-4400-b68d-8cd1d5ee6b0b" testListId="8c84fa94-04c1-424b-9868-57a2d4851a1d" />
    <TestEntry testId="54e13e60-131a-d4fc-2a0b-52a1a069e7ef" executionId="b2dba25c-d7f6-4195-87e9-f1dea150e83f" testListId="8c84fa94-04c1-424b-9868-57a2d4851a1d" />
    <TestEntry testId="43b95ba6-1d43-b563-768b-cc2cf780e7f1" executionId="8a31a6b8-2972-4de2-a97e-09ab4135a140" testListId="8c84fa94-04c1-424b-9868-57a2d4851a1d" />
    <TestEntry testId="f09b9d3f-4c8b-ac62-5a2a-0d9818691409" executionId="9f66043b-a81f-4e81-a318-c655cf32ad40" testListId="8c84fa94-04c1-424b-9868-57a2d4851a1d" />
    <TestEntry testId="72ee7b64-0655-3976-fc3e-913ae50da399" executionId="b7d8e6a3-60ab-4bb8-a035-34f52a17e9ba" testListId="8c84fa94-04c1-424b-9868-57a2d4851a1d" />
    <TestEntry testId="23bd3ab4-1e49-8cd1-ce51-26700e30fe42" executionId="07f963ec-f1f0-42e2-a7db-2edbc073e272" testListId="8c84fa94-04c1-424b-9868-57a2d4851a1d" />
    <TestEntry testId="1157b0df-116d-b483-b6e4-4b261c94f634" executionId="5729d070-c2ab-42c4-8d4e-53fc823c7a96" testListId="8c84fa94-04c1-424b-9868-57a2d4851a1d" />
    <TestEntry testId="dacf0fdd-8665-c676-817d-ef5539911af5" executionId="94866031-7f67-430a-b677-794ac81a880d" testListId="8c84fa94-04c1-424b-9868-57a2d4851a1d" />
    <TestEntry testId="3e98b29d-e2df-7f3b-9c48-72793f5aecc7" executionId="8205a412-a62b-47aa-ba21-925fe649c5ed" testListId="8c84fa94-04c1-424b-9868-57a2d4851a1d" />
    <TestEntry testId="03634969-201f-6793-f519-844151136bb4" executionId="07d82673-d34b-467a-a943-f167368a7ee5" testListId="8c84fa94-04c1-424b-9868-57a2d4851a1d" />
    <TestEntry testId="16d247a4-1d43-df52-263b-09117395c1c5" executionId="a1dbeba2-c1a2-4870-9bd1-08553260ff91" testListId="8c84fa94-04c1-424b-9868-57a2d4851a1d" />
    <TestEntry testId="8400e53c-3dd0-5ccc-b8df-848fa72e4a8c" executionId="20da6846-0408-4fb5-9397-056725fc7e2c" testListId="8c84fa94-04c1-424b-9868-57a2d4851a1d" />
    <TestEntry testId="ac04351f-531c-5212-7667-08c7bf99164c" executionId="6fd14e16-536c-43d3-babf-337e5990a9d6" testListId="8c84fa94-04c1-424b-9868-57a2d4851a1d" />
    <TestEntry testId="cba78a58-ac4e-d30a-b128-c61589ca0f20" executionId="a8f0ed2f-d0b9-4f91-b0b9-f21f2e2f15f5" testListId="8c84fa94-04c1-424b-9868-57a2d4851a1d" />
    <TestEntry testId="f580a959-4f64-7acc-900a-f9162f13512b" executionId="76006130-07f0-470d-ab02-859747ca0bad" testListId="8c84fa94-04c1-424b-9868-57a2d4851a1d" />
    <TestEntry testId="91dba208-77a7-0f93-c64e-e9d6e4f3aacf" executionId="a758d117-fb9b-4b30-ba55-55b3ef783284" testListId="8c84fa94-04c1-424b-9868-57a2d4851a1d" />
    <TestEntry testId="9bb8ebb0-895e-3e0e-bebe-03ed5de842ec" executionId="321472cc-80ea-4692-b503-05f5f0163958" testListId="8c84fa94-04c1-424b-9868-57a2d4851a1d" />
    <TestEntry testId="568765ff-0231-4a29-4b60-175e84eab41c" executionId="8cde15fe-26da-47b1-94ca-cafb79a66414" testListId="8c84fa94-04c1-424b-9868-57a2d4851a1d" />
  </TestEntries>
  <TestLists>
    <TestList name="Results Not in a List" id="8c84fa94-04c1-424b-9868-57a2d4851a1d" />
    <TestList name="All Loaded Results" id="19431567-8539-422a-85d7-44ee4e166bda" />
  </TestLists>
  <ResultSummary outcome="Completed">
    <Counters total="57" executed="55" passed="55" failed="0" error="0" timeout="0" aborted="0" inconclusive="0" passedButRunAborted="0" notRunnable="0" notExecuted="0" disconnected="0" warning="0" completed="0" inProgress="0" pending="0" />
    <Output>
      <StdOut>NUnit Adapter 6.3.0.0: Test execution started
Running all tests in /Users/marker/RustroverProjects/dat/dat-nuget/Saro.Dat.Tests/bin/Debug/net8.0/Saro.Dat.Tests.dll
   NUnit3TestExecutor discovered 56 of 57 NUnit test cases using Current Discovery mode, Non-Explicit run
HMAC-SHA256-MFS IV-AES128-GCM CERT: 796bfce8078a2c00.1790329161.600.60.HMAC-SHA256-MFS.IV-AES128-GCM.rvs4sbFM-gby_4DdaEfZbcZyAvauBLBHdlJapMpgRBM.blWvi7-lvMS4JiIlG_S5-w
HMAC-SHA256-MFS IV-AES128-GCM: 1790329231.796bfce8078a2c00.QjV4VXRSTGpadjZuT3NwT1ZJMzNzYmdhdndra0dM.jLvd6Tt4FhK7LToaBOdthHrU6h0ZU83X_mGZuV3maTmfYY-pRQaLNZkIJoqjkZ5wZO2e9SOoowIFzA.ydH9oU640zDy2uPyKCgezA_Q6dducH0yKyDFGbW7f_Q
HMAC-SHA256-MFS IV-AES128-GCM: B5xUtRLjZv6nOspOVI33sbgavwkkGL / 7oXw9AGsnqbAUIshRxevIISuOXx24P
HMAC-SHA256-MFS IV-AES128-GCM CERT: 5a1da38c9cbd6400.1790329161.600.60.HMAC-SHA256-MFS.IV-AES128-GCM.5Gr-vTe0bzSuXa0aa4dQGt8rvg_zIfztzyMxaW0EZLY.uxStd7J10t_VHRKY4m9C6w
HMAC-SHA256-MFS IV-AES128-GCM: 1790329231.5a1da38c9cbd6400.cTFWckNCeTdvRTVCbDF5bTBzUTV0cUlNc0txcERx.yTOrP9uWmu1NNZSD4D9QmTUeBA3bznRVLHtwTTXu8ceITBN4hwbG1fdnRApAbkr0vhapSD-hKSn_-g.kOPQbf19A2x9QnxQw9Z32JCsfwUc6LeE2-LW00uOj14
HMAC-SHA256-MFS IV-AES128-GCM: q1VrCBy7oE5Bl1ym0sQ5tqIMsKqpDq / qiYRMhAVGBqjHbv69cykTlbmxybFT4
HMAC-SHA256-MFS IV-AES128-GCM CERT: 435e51135e2b400.1790329161.600.60.HMAC-SHA256-MFS.IV-AES128-GCM.Ks4PQu9xS0xwk8G3FAL5PVR5KN77p66fNvP7ctybA6o.pB3F1CxtjTAAPvM-jdSlGQ
HMAC-SHA256-MFS IV-AES128-GCM: 1790329231.435e51135e2b400.Y1VYcDd2a09nT3NKdTM3czNERmpSSm4xOUZvRHZI.1n09O6AnS3-PQT4BvN8CnBauyiEh5-cWkTM2Non3Fo7k6CgsM2PRe7SEmXnSTQ39W4L93nFPohnUBA.A3mExj_dpHBcH84j31i7pie9poVhASi5TfbyiWUJaBg
HMAC-SHA256-MFS IV-AES128-GCM: cUXp7vkOgOsJu37s3DFjRJn19FoDvH / 1x4duqghFF5lMKnLCZHotYysqCnGfQ
HMAC-SHA256-MFS IV-AES128-GCM CERT: 2e8b4481ba97bc00.1790329161.600.60.HMAC-SHA256-MFS.IV-AES128-GCM.QrqoGi4wmjYL5EldmMhYGiRFhSDPpo7nlCopwGcZ3xM.WAWxwGelYi_1BXl6W2-BiA
HMAC-SHA256-MFS IV-AES128-GCM: 1790329231.2e8b4481ba97bc00.V2VxckNydGt4Z3hvY2NsYjNJdHl6T21palNqMTVn.NzwO9uBQheZGhW5-lrTQCy-qR5H1kyk25qtuLCNSucZi4imVNmwzPDBg8kgwDzeqDxWngp1Uk-rFtQ.EZ4LsOZX2o9Wi4x6Qskc-C9GLFRVZvyoKiXt5ZN8nGU
HMAC-SHA256-MFS IV-AES128-GCM: WeqrCrtkxgxocclb3ItyzOmijSj15g / xC9KgGfa5duxiCSIZiujo3Vbyh1JOJ
HMAC-SHA256-MFS IV-AES128-GCM CERT: 178a68b41de3cc00.1790329161.600.60.HMAC-SHA256-MFS.IV-AES128-GCM.UYOU2bGod2Uet_HlTWD7Q5EpEmMnfCgnLLAcUDbtsLo.XM46Qa-1EGxERM_ujJfJGA
HMAC-SHA256-MFS IV-AES128-GCM: 1790329231.178a68b41de3cc00.R3FpSFdId0l5VlJ2Z1JQMFFzSjBvTG8wV2JXcXB3.3wijPHB9p_GSHuh7TikHRSjzIrRb-IJcqhCvskqq6Nxz3CQz8qpC-N5Sbx0B1tA93Efd1Y0k5sRRDg.SbhOLqyZBdgbL7uJzCSjxN3QhCxZsjRIvtDs6hbImR8
HMAC-SHA256-MFS IV-AES128-GCM: GqiHWHwIyVRvgRP0QsJ0oLo0WbWqpw / Zvch3lCjRZxr2m1bqT4QHviEw611tM
HMAC-SHA256-MFS IV-AES128-GCM CERT: 22397ab417dc00.1790329161.600.60.HMAC-SHA256-MFS.IV-AES128-GCM.OUpo-LGyqh3rm7UseqzGd4EUwYEYGtIcYsyVz08cVqA.VXr5ii36-z6PByE6nVxTMg
HMAC-SHA256-MFS IV-AES128-GCM: 1790329231.22397ab417dc00.d0FlSTM1QUtiS1dYZEJWV2dybjJTYVhrbEdkbHJY.Eg3w6ab3EDwj4W_JzyrApkzaYrpX7LctSq94jNWAiVWzV2fk7lq3CLd-hsOxJoh3GolwvnbFU1wNtA.Olzigp52Sj_UdH2rCPqoDUhhU4rMohnkPJqkET8Doiw
HMAC-SHA256-MFS IV-AES128-GCM: wAeI35AKbKWXdBVWgrn2SaXklGdlrX / IHF9CkKyQk8Mt1fCIbkWhDQTlIUIAI
HMAC-SHA256-MFS IV-AES128-GCM CERT: 3510dff13ae5b400.1790329161.600.60.HMAC-SHA256-MFS.IV-AES128-GCM.rZ7j7NsDUYKnUrFdUXGNYETWAX1xn1xc-kvkk4DqRiU.aIZPMCftPRPO8XvTzk9GnA
HMAC-SHA256-MFS IV-AES128-GCM: 1790329231.3510dff13ae5b400.bHpzZlh6bTB2cWVpUlJ3cXFlU2pMRGt6U1RHUVZQ.6c4wznzcPlhx4yZRsSuLM3wZZtRPZtlWIde3hL0nonueaJ0F1LMBt5DzM20Y2CsWlt2227y-WJvceQ.wjdyyCPcrPGwZfZ4LbBfpydlOjCbt6sggGmX2D5oga4
HMAC-SHA256-MFS IV-AES128-GCM: lzsfXzm0vqeiRRwqqeSjLDkzSTGQVP / obiFS157eTsN3utj2CocGHggSEIgPx
HMAC-SHA256-MFS IV-AES128-GCM CERT: 47e26c2e81767000.1790329161.600.60.HMAC-SHA256-MFS.IV-AES128-GCM.wbvy5ztcyG8pIPsdfJkTc8I0G-q5-nuQDdxF8GbB7cM.a27qI7qqQmxeByaDtDcfoQ
HMAC-SHA256-MFS IV-AES128-GCM: 1790329231.47e26c2e81767000.VnNOMU9TbXgzOWJoalV2RFRJelljTkVEcnFDVWZp.vR2do7wpA6sblnIQn7bRmb2q0Fr9X50sa0bQOnjhAH0TBEw8GWsRU_mMQKNeJQkppEUH8JiH4EOCMQ.KC4GdZr_z0zxwss7QbMLTgCbfsMYRnDnIpAzzGO-wME
HMAC-SHA256-MFS IV-AES128-GCM: VsN1OSmx39bhjUvDTIzYcNEDrqCUfi / zzc5kp7Q5f0vvEMUYJc1aubijRwMjn
HMAC-SHA256-MFS IV-AES128-GCM CERT: 6835685e75738c00.1790329161.600.60.HMAC-SHA256-MFS.IV-AES128-GCM.JJ2nhcqnUx7JEpP3pqRyv-DEarAv-4zEX3a7wJTsudY.0kaBxP2Wm3vbOjSSFXN4iw
HMAC-SHA256-MFS IV-AES128-GCM: 1790329231.6835685e75738c00.UWlyTTgzTWZWQlFtT0ZoWGdubm9WcmV0UzFGbkhz.bxGVfmyHgQFGX6BqfgGuGjpfmo3D0kvP_-j4wOflb-2-Pzew-OHyotheVNKhGl0VDyd3aGaaNrOE7w.gkE1BA_bYJyph2cLgCAysik-ncwW8nBlsVKFOzKgR5c
HMAC-SHA256-MFS IV-AES128-GCM: QirM83MfVBQmOFhXgnnoVretS1FnHs / eW7oKqWb84ZALss1P44ImSNV8lEUwH
HMAC-SHA256-MFS IV-AES128-GCM CERT: 5adfc642b0ff3000.1790329161.600.60.HMAC-SHA256-MFS.IV-AES128-GCM.AhJvKSXCOs2Jn05GcR9P-TMPxeLLHFOTqighaRl2ziA.dkiraTiThVM22cAmuY9AXA
HMAC-SHA256-MFS IV-AES128-GCM: 1790329231.5adfc642b0ff3000.NGQ1TFVCNG8yZGh1WENSSDRnYzQ4UFYzbEN5M2FH.EbFt9vU7KjcGPNvqToHSzme23heQfj2mCG8B75UO_wUXrhzOsm08AgSwd1RrW7dbt7WuVgDUUx_Z0w.AgCdDHwhmcAYkfGUMi9xcT1VzOkHrCULWDCITPFv1g4
HMAC-SHA256-MFS IV-AES128-GCM: 4d5LUB4o2dhuXCRH4gc48PV3lCy3aG / 70JsVxaFz3D5mjzMoUgFNpwPE6jzCs
HMAC-SHA256-MFS IV-AES128-GCM CERT: 11d59e7ddaf56000.1790329161.600.60.HMAC-SHA256-MFS.IV-AES128-GCM.URNVNMVVtW7NU1XxmeA4LFXqqVbsT7g2SpLb8K0JTHk.L28muV4fnLO_cVrmw5jaAA
HMAC-SHA256-MFS IV-AES128-GCM: 1790329231.11d59e7ddaf56000.bWxNZDJoOHpVVVVvY0IzNzBidXBsb21vemROVEpU.iaRZiTytszlslk1G1edGoxlJHHb58ScUokfwvNLWzgJBM7-JL-o5Y4oy5dvVRW0yth5ZnWieE-Jzow.xlokNGVat8qRyT9R1MwfKVfHdh0RqGlkx_Uoyupott8
HMAC-SHA256-MFS IV-AES128-GCM: mlMd2h8zUUUocB370buplomozdNTJT / bcfrjyJv8CAMBHUUAfNDSsatoHP2F9
HMAC-SHA256-MFS IV-AES128-GCM CERT: 1f263742d20c8c00.1790329161.600.60.HMAC-SHA256-MFS.IV-AES128-GCM.qQuhbCXh6NEbwocvO4ZObuzPHvtO22hv4CD1KzfOVvU.PTO6ozibN_tvSgnPb_2NOg
HMAC-SHA256-MFS IV-AES128-GCM: 1790329231.1f263742d20c8c00.VmRxTVdoU3h3Z2hZT2NCOEdBbFk5UFdnUkszMm5P.9uWPEQsq9NgoZGbY8L30JBvaNHMwGVYTiHyYHnXtr2Btb3WqmSe28vOFM5X4q9Zlwmnh31P9NU1TJQ.1Dj9NGIQXocWekSwkKNElDoHhVCb0I0vc4du1cy1Ws8
HMAC-SHA256-MFS IV-AES128-GCM: VdqMWhSxwghYOcB8GAlY9PWgRK32nO / iq9R9mqzZigNTauCoTqiEd1aTnIn9v
HMAC-SHA256-MFS IV-AES128-GCM CERT: 764956c0b67fb800.1790329161.600.60.HMAC-SHA256-MFS.IV-AES128-GCM.o1d9rH-Dcy2ZTGufYoB_t2oF2fMSd-nBu9YL-W_tPaw.8WsTPcawHavDMjIYmPC96Q
HMAC-SHA256-MFS IV-AES128-GCM: 1790329231.764956c0b67fb800.eFFBbFY0RXlYVDUwcVBiZmhpQ0lQZHlpbHh3RDVF.8aitwxFuedBLxOmsPo1EYeKO4NrUNEBvXgLyTpaaV4Qsv5w9Umc5g1BuZOsChGZICf6CVnG9cJnOjA.GYoge6ulwAGid8J49DcbaxqNaX7G8r2EATuF6rzcPIc
HMAC-SHA256-MFS IV-AES128-GCM: xQAlV4EyXT50qPbfhiCIPdyilxwD5E / B8wDfsifdRBrOmv7REE94Wn7qT4mJJ
HMAC-SHA256-MFS IV-AES128-GCM CERT: 76111cb9d6cf7000.1790329161.600.60.HMAC-SHA256-MFS.IV-AES128-GCM.H058oDMBI3P3y08X9hnb2IU0iPcGFoi0qNJrC-qX37I.wtfews34ZU_dqF-sGRI8_g
HMAC-SHA256-MFS IV-AES128-GCM: 1790329231.76111cb9d6cf7000.NEJwcEx6ZnlKQXdVQ0lFVTNzdGFFYzBoT0pYZFdN.0JkTfIrhfY9qe71mJvbMdsQy0Q3poVk_uOy0wWWzHKyCHI3jHVfdswFUVcI1EDoV0VQ19oCH2DGsLQ.oPHBOFcn9E0NmatnQCB1ahKKFhTR3hLQ4AAOY9ul8Os
HMAC-SHA256-MFS IV-AES128-GCM: 4BppLzfyJAwUCIEU3staEc0hOJXdWM / aiPQycADi2Z7UdzEssUavkav9s1ued
HMAC-SHA256-MFS IV-AES128-GCM CERT: 6e4d8ccaf3fa6400.1790329161.600.60.HMAC-SHA256-MFS.IV-AES128-GCM.FhXni04HL0IRj4Vu0GUVEDFu2pAHFjunpZySDyGRzhQ.u-ds8-CU62W2WFPExYshuA
HMAC-SHA256-MFS IV-AES128-GCM: 1790329231.6e4d8ccaf3fa6400.cHc2NVdBcTljek8yVGJldHVjT0I4eDltZEY4QXpJ.32Z0dlCrDxcnccdtFptb2FWjvyB268biI78gNI_HBAbOeGFONQaH_crR_pXHWjVYlwaZ-QBjyWc0mA.ytMdce-D7qpqzfUz7RdXkeYVvbUjA_uxQA4u1BMrkR4
HMAC-SHA256-MFS IV-AES128-GCM: pw65WAq9czO2TbetucOB8x9mdF8AzI / zkZAEPHPImGyv85DJt5taYZyfWaBjn
HMAC-SHA256-MFS IV-AES128-GCM CERT: 1d9208f148e85800.1790329161.600.60.HMAC-SHA256-MFS.IV-AES128-GCM.w5CrqYOyYc6YmutVqZiE5ASxcQCOcZjDC7CeGQkzj5E.7zsGF4ngSKlFHtzZ9japjA
HMAC-SHA256-MFS IV-AES128-GCM: 1790329231.1d9208f148e85800.MmxaY2ozQXI4aXBoa2dXdTd0ZXBvWXRoVDlZajNB.UDZFS4tU_AxLO6jdTHVk9969uwzZzbAKo3ZVoFp784LOR23ljUGdw4sRVn4bOojNR2Kr7jSSwLKaFg.nsEyxOa7Wjn3_BAyIs8QFQPPdZdRRwo-qAlkiqs7C6c
HMAC-SHA256-MFS IV-AES128-GCM: 2lZcj3Ar8iphkgWu7tepoYthT9Yj3A / ih4ZVROWV9RQl9auXUUUaFJ2vIir8x
HMAC-SHA256-MFS IV-AES128-GCM CERT: 34ad2d616637e400.1790329161.600.60.HMAC-SHA256-MFS.IV-AES128-GCM.uVHgv4FsrCf0WcKSqvf-i13mwJC0JzDe9DrPBa5K9b0.pk2WQ7bCiAuMPX3WOkSLfQ
HMAC-SHA256-MFS IV-AES128-GCM: 1790329231.34ad2d616637e400.ZUViVnM2V2dnUGNZZWh5TFBWV3J3cUlvb2E3WFMz.7ZKMKygZWfUO0YlGDoxLxZQ4n_YdETonAgC_2wahY3fopc4b7qI2qmb5yDc6GmGjpcpNfqwjOMWOJA.4Y-SSUKxND0bu6zw4kSb1tkFrCiGRIDwoxLwATL8nYg
HMAC-SHA256-MFS IV-AES128-GCM: eEbVs6WggPcYehyLPVWrwqIooa7XS3 / aNgw1qj4acR36fU0MU8JRqihK5tGZS
HMAC-SHA256-MFS IV-AES128-GCM CERT: 69a196d019e17800.1790329161.600.60.HMAC-SHA256-MFS.IV-AES128-GCM.OG2ZDtjUtswFhms4l9Awz99bzu-WN0sztCHDdrrBEnc.S87uHfObxM4I1BkAYWK7_A
HMAC-SHA256-MFS IV-AES128-GCM: 1790329231.69a196d019e17800.aXk5Y0lLeVpTNlBiZktpdmZmTFJCR2lrajBzVE9s.BC6XoSv36N6A8e2kB4aPbvRYhtm2FIFqarc3HHHLe7_Wp3HbOrgoMptKb43Osv-x9Sn4_O__c3RBCg.pY7GJtXtkgyU6Vb_sQN4Hn25rFvLq8p2q5i8KiEvXwE
HMAC-SHA256-MFS IV-AES128-GCM: iy9cIKyZS6PbfKivffLRBGikj0sTOl / 8iYvXeh1Rx32aLJPdJy048TvbQioGv
HMAC-SHA256-MFS IV-AES128-GCM CERT: 6b373b978afcb000.1790329161.600.60.HMAC-SHA256-MFS.IV-AES128-GCM.BW3IQf9l_vYwUr0lSjp2eO4qzEcyZVrl_19jQ9KuhDA.S3beYqEg1lazNZYRH5SdaQ
HMAC-SHA256-MFS IV-AES128-GCM: 1790329231.6b373b978afcb000.WWdodzNUWmxhU1Fhd2VUM29ZdThWbUs2cDNoTTdM.rqYWOEPEwGxNKe6iLlc0fPiiXIWWjWxKz3rKtm0LzoXBBukI9Zej7EQSuIrF7Q2TKLGY_I04b-eYjA.br3NRX72fk8nVDC3DAILH5EYlOYEUXpgxEOlqBPA0fk
HMAC-SHA256-MFS IV-AES128-GCM: Yghw3TZlaSQaweT3oYu8VmK6p3hM7L / MVZqtEHwKJdnsbTE8luOhrtfbbzwdo
HMAC-SHA256-MFS IV-AES128-GCM CERT: b69ddd803724400.1790329161.600.60.HMAC-SHA256-MFS.IV-AES128-GCM.cn5EKba8b0PL3XJ5YKvcY9k9iC-Vb7vWol48mRlH9XE.pgSsDfBux6vHY8OiXvPV-A
HMAC-SHA256-MFS IV-AES128-GCM: 1790329231.b69ddd803724400.bjdpTlA0YzdsenR0ZWpDaXVqSjB2U280UWpWcGpM.i5ETWhWX4BjZP9aG0r0Uaj55Hj9OZ-Xlw-RUiYDW040QRvhZwyP6_lNMZcEgQBJko_nblbOe3Vnz4w.yDNTJCZld9OQjjDCwBcAmLd69Qqs7xfQQSHH3Z-wshM
HMAC-SHA256-MFS IV-AES128-GCM: n7iNP4c7lzttejCiujJ0vSo4QjVpjL / FEnmXMoRaS5LtGRCZMTodH3wDx8t32
HMAC-SHA256-MFS IV-AES256-GCM CERT: 4abb9b3f088acc00.1790329161.600.60.HMAC-SHA256-MFS.IV-AES256-GCM.1XS_N6gnvfyl_lBYWIvipMbigrOO0Z6qY9BsCXp0Y2M._WP2ysEEn7gOIitI9jYri4A0gSPz8aeM6BplB9Ukhl4
[...]
ECDSA-P521 IV-AES256-GCM: 1790329232.140e59219e3f8c00.YUI3Y2Rlb1NmYVY5MEVlWkxsRTFKNjRoODRnZkZQ.A6G6uIzf9mfPYu0DCwcqNxBurtvvyHuNinx-dv4ehoxqSshLHmBX_4TH0cRG3lCoXqLxorh29DOEvQ.Acgk3wXggPYYpiGdJBmETkaSdMtdVWcQovStAYKgs_6vpvB21iFVFpZFpm_NqbSQfOu2R4iogxCdarOE1Zs9dpwzAMEp9yBicx5XQbHbr5FgGaUubkxLVv1cWeThrK23w-GW_TfOzxCRQP8Lhdritj69kWnIYVwDg7CwMdYAK8pxIw4S
ECDSA-P521 IV-AES256-GCM: aB7cdeoSfaV90EeZLlE1J64h84gfFP / wLSXrnpmZkWR2QDNPBFtwpS3BplOiY
ECDSA-P521 IV-AES256-GCM CERT: 24140426aa6f400.1790329162.600.60.ECDSA-P521.IV-AES256-GCM.ACZT_LHnVVAMNvqmhKaxR8ePTfBFY2q_LxgptLVZ77EVN8dH-OKTQ_IUgxjWJGserAxseMlHDmsy8tRw3tIh_md5BAGLtvNiZ3r6RtL-P-sVsJEzLXRqtHq9u8KvJ_Ri_m2PyIIzfKgkBiTf4QmaItgy0Uds8AjwWaCQzWunXd8MYmtAJABY4ubCZzFMjtP3nkteqeiGOcGlE67ooEQQ7JgS_SSbkB5BQxY4SvaqiFTn8vndAwHs-SepVvnnOlwkmwgz28KLLg.JvGL9MJst91nr5Ts1taDsPXAO1300kntGvg3cJEqpCo
ECDSA-P521 IV-AES256-GCM: 1790329232.24140426aa6f400.clFBdjQwV0RXUmwzbjBLazJDM0QwcElQR1FLT09u.EZorKYPoA6yOYP8-AQGDiLrgrC8D6OkS_jlfCzzgm2Qn1oYN1XspZ-G5whiC5lbDTdAfbjvguwKgXA.Aa0k4Kw7d7oSEAoxkTqEkO_0t7gBuHSycUDs8T1zhB-mE0N5p76JaOlaCanY995j6cL8XVQhx6dy47xNj5nlrWtBAaZLGiIXqRItCIWdee3rZtmz19VtCIDQ-iGSYbRTaDKsk3FuBrrA0nPs1FlR8fbDUN2V6sykX3uwcyQrmwMAgEfd
ECDSA-P521 IV-AES256-GCM: rQAv40WDWRl3n0Kk2C3D0pIPGQKOOn / FftwAPxcMQW3ZiPwQBE09wsqFdzAGR
ECDSA-P521 IV-AES256-GCM CERT: 41afa00a30cf800.1790329162.600.60.ECDSA-P521.IV-AES256-GCM.ANuCQtfcfjnsAb54RiuluqqY_d1gSSixDkbb5ZB72YPeCvDBpjiWD4Y03rBm8l_VRy2qZRmBbul32fEhMYnNHupIBAG1L1DvB6sX4Cw52Tky8rfxki7cGYCKVlepGgqxMd5Og2PlaO3Z5NzBvQsPKBKm_uhseGEy67m9mAxx5edX7k5SmQDlNNCVbgnLr3-ZJv7_DOaAlmP473oe5Zpe2uqkdv3mX4_8PjAg05TLPpVvnUNu08yg5P5mHdNUBvgbyBxCNe2v2g.A6OQTiK-kh6zJaN8pkJ2vtq9QATnYfyADKyE2nZk9RE
ECDSA-P521 IV-AES256-GCM: 1790329232.41afa00a30cf800.OHZiM05laVNDUDlNMHhCdWp3NUZaZWllQ0dqT2Vz.1EIpkc9rtyYXURwT57OLdAgsDJG_s3xt3Fp28nZPjQEmzx__TzJAS1-5tyqEvANFMdB5x0rKIJ6tGA.ACKWCPg2Rl6JDbJ-TakQDDV1H9iup2d2jYVMIJa-jxhOraUHWMPZ2uAVERJvfuPNmNc9QgYZNwmsI1hOdWorMiMwAZzCBHurlzLTEVURcWLf5AneG7S2b4BXbXXvEWGKUyukzVjKhw2yL4evcJ60VPEAifzShxowRR2Ccwnn4NidjLqo
ECDSA-P521 IV-AES256-GCM: 8vb3NeiSCP9M0xBujw5FZeieCGjOes / zTxlwHvTKCgUm5J0NsMHAwWy5dgbIf
ECDSA-P521 IV-AES256-GCM CERT: 61c12fadc79ccc00.1790329162.600.60.ECDSA-P521.IV-AES256-GCM.AU6Gxhi_xSHRe3QQH4C3qAHUfZCyYj1189KoCubwV_RxxH-W_uIA-J5g3w-dGtlxs3ctai-pK5rzCFFL8mqEagOCBADL1OS6vX7l5idzpT7k5GwEdGzCPbkdIZr8u8TUyHQ8OQtZur3Tg3pG08DIUawbO2bsl9uC4e7sQZlhwLb3zOBlAwBGvOum04xQtXt75huqVu9X-rD1op5FsvKWmLSnxePQPx_yxra5T-mZjaXLdvgOmLhg8WH3F7OrKaiFwzz2ywNfuQ.MkcccgfKIo-o-YOdP0zhSdOjpz98xr3HCGWOT7rkBKw
ECDSA-P521 IV-AES256-GCM: 1790329232.61c12fadc79ccc00.VHF3UUhONFYwUmZ3YkFvWjhpN1BaNjhJV1hodWRO.WT4tO1eYWIAcMYt0N-v9qGuqhsL_600iuX20ezHXCsNKuYcZNg3DcBysNmjSxqt4r6gZSFrhtkUcOA.ANOypaFNWuBOXzGhOLi0J4zIICncU8PvW0VBpUkGRVEJHEyDOBsCVlcDQPJkC6EE3sQVVUtAf8Vsmyxs0o5fp5mnAGBzcd2yBIULkUjEWFz0PM9B2otY9PrOjMwWEuqQljQUr5KFZ4tLF0qpG0e3CWBEC6SWFleqnAkeQSlx3UFOZ_BW
ECDSA-P521 IV-AES256-GCM: TqwQHN4V0RfwbAoZ8i7PZ68IWXhudN / 2ecNSsn3khVIWP4dDM5w2F8rihILTt
ECDSA-P521 IV-AES256-GCM CERT: 6caafde61cbfe000.1790329162.600.60.ECDSA-P521.IV-AES256-GCM.AZN3eNdFl_ValuzCqXtfoszn3GWlALWPyGel0nhU-zR4HcUsn0YPkx7bKR2-159kRMoAiDD6_jZQyB1HxKRyk8x4BACvYEavWO0Nndnn1d_nkA4VBQI72-UkdxBXVYtLkHL71FaPYYUtWAJBDjw_HszgKVyLo76Fx3T1dOwFRXj_oW3TwQGw8D4fT7X4-dYRiwgnZ9FZKNLjbjC2gblDD8RwfA250cOeYK01lat_G-8InKmD2wMx6a394LL2iog87lh2M_rzxw.-PgCGIbPFobu6hdPcJTHRVgxpoLimvodQMl7hjriNDE
ECDSA-P521 IV-AES256-GCM: 1790329232.6caafde61cbfe000.c3VMWDhuOG9GSktmNFpEQ211b0V1emZPdThrZ2o4.OnNQQbQPnEGZO-asmZTv6gswtgYngChEH2pXr0-f-Ij9ftbhpkXmQHJrKCEiKd9Py13UvOycbhogSQ.Aba_izWoivEm4QbErY-ql53hdDoZPsOmonHWLI0jNj4ESs-_7bp5txY2TMvOjuPJS9Luhm7mhwfIAhO1T_xsB8saAJHwZGmAOaZwOf4m8uk6zpMgSvK9uChMiXszjqtNxhMrd36eIhBAmiMapJO918FUPLZh7CBEvsqTs_WlDc4lRhK2
ECDSA-P521 IV-AES256-GCM: suLX8n8oFJKf4ZDCmuoEuzfOu8kgj8 / LXaoiGfMNSpHL7hz3L4t1GUn0HsP3r
ECDSA-P521 IV-AES256-GCM CERT: 86b558467bbc00.1790329162.600.60.ECDSA-P521.IV-AES256-GCM.AM88VvfRMJpBEyWtXB-RfmeD3bzwxo6ZKG9sGMlfeaFKk6IzO6KWALUYkkVO6jrCMlnaNugnNrPg8FOtMQHfzcdUBAA8a3RF2ZQnRDxpIyefKqZgtCHD1WO7l6-DFy_YB72acvPUT7yahAJGuTwRfUnfK2pvfvFR5bW2YpZIumcX2d_CPACcuErIWprhlN7gu3qLCMLb6YPDWm9EyXJNy3rhoRTY8sH9zxKWBs8BGHw9k_B11KUQv6CP67V8YmXL8i1UjFUoUw.P35y22U5gPiiboxqLRUJdv_hEiioEKMKN_dF-RnVnGg
ECDSA-P521 IV-AES256-GCM: 1790329232.86b558467bbc00.eGJ1dDd3YkF1ZVMyTjRHSUNwUFIxc3pIelhEUHh6.f0jPeDGS_yvHFha5PVRWH3kqZSDXu6ztR8Dg8fFV-pqjVfLufcDc4cDs5pGsWkylPdoTPGX-AfPClA.AXMYOPoHBMLuEU_269e4JGBE68YtTsQiol8EzDfT5oBk_PY0DkUBIYNa4kl9d356PLgqxfQfK7ShUKc4XuTGrHAkAFIzaINI-vr3meaMHujIeM4F-QX9h0tW90aFSczzthXTra5PTudQv0QOPMwGZ4soYfRC-s6u_9QJcO5SjJwMcloE
ECDSA-P521 IV-AES256-GCM: xbut7wbAueS2N4GICpPR1szHzXDPxz / WObC9jUrxbxEtIubx9GBaRQlniu7qk
ECDSA-P521 IV-AES256-GCM CERT: 15b4c472ff1cf400.1790329162.600.60.ECDSA-P521.IV-AES256-GCM.ALhTp9TSWkR0xh3_sxrvepNweoCV1do2q8-Skciz-Pue9TrTA_uR2TQP5FaFWWkag5zFzfvO1FgN3cK6NY_TMc0sBAHzXPEKMyJJrk8wwupfdf1_xejXGJkpfpDJqyyuhDqj84OfxWPv0Cqc7Y-jssSDpBFV7UApzB3W8FsLUjYtxNFoeAAdH-pJheOTAby83HK45aY5DqyTSF9Z1NC6EiXHBlvG3maTnjFJQeR3fBj6ks83bbalrZMQ81hm7Jb4vQWTzQHT_Q.G1kgmqF59rBn1ZN8FH7588ebXwcUSNK-PUE1gwqkVIw
ECDSA-P521 IV-AES256-GCM: 1790329232.15b4c472ff1cf400.NzByNzN0MGttbUtDU1V3TVBudld4eE1JakdpdG5B.rfAVkqc93bn_hsi-anlJ6nNMxVqGGHVsWTE1nwLt6kCVUW8UQ_8xJuMrZ-dRrcr8y3eXARpSAcu4DA.AauBCoaWFmppj9umrK7_asKEh4euFoxxh9UMpz0jpe_w7IXeH1Sw5Ubyce4iAabb0d2bOyCxafH-kqp1k09Oo-uSAWjTJZad0oy4vWp67gNQrcF_4KKUIezSYHdGqfPNRsZZDjjC2FrtSc4ECR7YagnJraNl6wptgRcQJrV5072tboNr
ECDSA-P521 IV-AES256-GCM: 70r73t0kmmKCSUwMPnvWxxMIjGitnA / r821vcgihK2BnzdKQYtcp94vYN0esE
crypto test - IV-AES128-GCM
crypto test - IV-AES256-GCM
[18:39:32 INF] renew 7 certificates: http://localhost:8088/v1/certs?version=0
plain : Unicode 유니코드 ユニコード 万国码 يونيكود यूनिकोड Юникод \ud83e\udd84\ud83d\udcbb
secure : Ciphertext 암호문 暗号文 密文 Шифротекст Texte chiffré Geheimtext نص مشفر सिफरपाठ \ud83d\udd10
dat : 1790329772.6eb35667.VW5pY29kZSDsnKDri4jsvZTrk5wg44Om44OL44Kz44O844OJIOS4h-WbveeggSDZitmI2YbZitmD2YjYryDgpK_gpYLgpKjgpL_gpJXgpYvgpKEg0K7QvdC40LrQvtC0IPCfpoTwn5K7.tiiJHUERI9N1T_Vh0p-3e5rBT6RJ_cyla-_V9jqGjVsrQ51j0EomIESRHEYfVn2bYuglIyijRy4aHB6FLuzHt2Yd4LGEUA3LgkaXwRjjDl1EsdVAzQig2_4cQi5VtrZdK9VnRGL0DxJ_TSmsdc16qn0wFkZRkeDXTJvk-HXTXWt4OylapRMSnBKMfOP_E0PCe95_IqSmaclw.A-fpf5zi7HBhxOifWdpvMVfvXqRds25-Sz8ZegyXBUWHf1dt2AFH8ognfeX2uJQp3xTWH6nflTQsvCW3e8wjXw
payload plain : Unicode 유니코드 ユニコード 万国码 يونيكود यूनिकोड Юникод \ud83e\udd84\ud83d\udcbb
payload secure : Ciphertext 암호문 暗号文 密文 Шифротекст Texte chiffré Geheimtext نص مشفر सिफरपाठ \ud83d\udd10
[18:39:33 DBG] no new certificate: http://localhost:8088/v1/certs?version=295
[18:39:34 DBG] no new certificate: http://localhost:8088/v1/certs?version=295
[18:39:35 DBG] no new certificate: http://localhost:8088/v1/certs?version=295
[18:39:36 DBG] no new certificate: http://localhost:8088/v1/certs?version=295
[18:39:37 DBG] no new certificate: http://localhost:8088/v1/certs?version=295

PARSE DAT: 1790330977.0.VW5pY29kZSDsnKDri4jsvZTrk5wg44Om44OL44Kz44O844OJIOS4h-WbveeggSDZitmI2YbZitmD2YjYryDgpK_gpYLgpKjgpL_gpJXgpYvgpKEg0K7QvdC40LrQvtC0IPCfpoTwn5K7.xmrUgT2_rbt_3y46IV674Cr-yjLN_tF5QTsYZoRsFqTArcu8gCp45JGYzcMxHQGCjd4KwDMQuowMB8X8PElJE8JE6Fbv4dp5KIRBTYsbJ-P5VrViHO2NnCYQBT6s1vdG0_vS5hugQ5LabK5AsZ5Um3rbhofh6lRpbQNsr69QfpwVytbwQDgxEuNxAHmOlglqZE_0Xz5TsUgy.ZA_v2XFcwz2SFfUxMQ8IW5VwcFgB0Rn6hYuNZJRFO8aWgtsG6CvuHIeNURWTw_jHWusks9fWIoHXwZluysG9OA
plain: Unicode 유니코드 ユニコード 万国码 يونيكود यूनिकोड Юникод \ud83e\udd84\ud83d\udcbb
secure: Ciphertext 암호문 暗号文 密文 Шифротекст Texte chiffré Geheimtext نص مشفر सिफरपाठ \ud83d\udd10
PASS 34285962080.0.VW5pY29kZSDsnKDri4jsvZTrk5wg44Om44OL44Kz44O844OJIOS4h-WbveeggSDZitmI2YbZitmD2YjYryDgpK_gpYLgpKjgpL_gpJXgpYvgpKEg0K7QvdC40LrQvtC0IPCfpoTwn5K7.9fatat3QsSMDFbRaXVa0AhdOlfI6Hza-KXHeO8-JQdfdnljME_ShMXicVtmII5AjiS24TeZMcAoPaRyxwouIUWXZyqwjeIfcvGI_wdWRLSIVgdGqk3xtxRfvmnWj35ymUQ6LxkV5RLzTre1fmC1UJI6yyiGnvNS91kZBodsfxIlkQb670crqJQh3yd_o8z3bG-_rZDiDtw2s.VQMvWd7OxH0su7t2Q0M9DbGFdp1H9f2Clblewn3EL_8
PASS Unicode 유니코드 ユニコード 万国码 يونيكود यूनिकोड Юникод \ud83e\udd84\ud83d\udcbb Ciphertext 암호문 暗号文 密文 Шифротекст Texte chiffré Geheimtext نص مشفر सिफरपाठ \ud83d\udd10
PASS 34285962080.a.VW5pY29kZSDsnKDri4jsvZTrk5wg44Om44OL44Kz44O844OJIOS4h-WbveeggSDZitmI2YbZitmD2YjYryDgpK_gpYLgpKjgpL_gpJXgpYvgpKEg0K7QvdC40LrQvtC0IPCfpoTwn5K7.ziiPJLOTLLDplGuwXlTpU29fqaFOV0RYrEPrY5uVldHhA4OHhU679u2qmf4AbcufETSrCS7KURel4OF110Ybmcu6w2_dShVr6GIs3XNJJGC46qbEUY6K0t5LwZMTbNaX_tJrd4CzDNL4AjDE8OKPcBFvnV_PQNRhRq5dFcJsNhUC8QDnfY2IwNXSuaughUy9cp1ch-gaOcxk.Woox76u5QKOvIpsEgnRIyds3MmeXWjhBTGylXsNfr_I
PASS Unicode 유니코드 ユニコード 万国码 يونيكود यूनिकोड Юникод \ud83e\udd84\ud83d\udcbb Ciphertext 암호문 暗号文 密文 Шифротекст Texte chiffré Geheimtext نص مشفر सिफरपाठ \ud83d\udd10
PASS 34285962080.ab.VW5pY29kZSDsnKDri4jsvZTrk5wg44Om44OL44Kz44O844OJIOS4h-WbveeggSDZitmI2YbZitmD2YjYryDgpK_gpYLgpKjgpL_gpJXgpYvgpKEg0K7QvdC40LrQvtC0IPCfpoTwn5K7.06XxkBDSHZSSo5QX2cbFcDA4K9RgmetHdHb37zhDVxjPuYGBrPcZqc2XR-xUakS4IpQhu7wqs-sJ8yVt7DidwlSkfIYUyH0qCwAiWi9TjpOKsamYFzkgb7dN9PSBTCmL5su6KHEms-XLzSBXn2hnJ4vrF-eq5BBqPeGUJWyXGNr78xHeZFqYkhcoNIRBaCgClEldIgsWooBC.3tcnZ9IFkQbxtw1R03yJdIVzR8aagovQdZZXavHpxnNd6NLAB2esdQyzASRk094u
PASS Unicode 유니코드 ユニコード 万国码 يونيكود यूनिकोड Юникод \ud83e\udd84\ud83d\udcbb Ciphertext 암호문 暗号文 密文 Шифротекст Texte chiffré Geheimtext نص مشفر सिफरपाठ \ud83d\udd10
PASS 34285962080.abcde.VW5pY29kZSDsnKDri4jsvZTrk5wg44Om44OL44Kz44O844OJIOS4h-WbveeggSDZitmI2YbZitmD2YjYryDgpK_gpYLgpKjgpL_gpJXgpYvgpKEg0K7QvdC40LrQvtC0IPCfpoTwn5K7.xX1NDOzpojonxytTtgkYkaSHaSAZN0aKUh-eW9Oj59D1ez9t9NhVy6FiH_YFyQQhr_bPYeGj5n7hhn7ZR1A-ejhqxby6u0W42qoSnyte0gubUNLzLomCfUuMEAsw7UvNRNCFN9UeNEyGR2sxhAwP4gcSwlkpvzs1L-wQVIzlJvPcMbXPX6A-X2Q29HZ4lqgVWT1l-hL-YgLa.LOXp2pUH7pMenPwkdkJQzgMg72MNTVui005-YtwwP6nLlNkl6DFAuiUglC8cj81l
PASS Unicode 유니코드 ユニコード 万国码 يونيكود यूनिकोड Юникод \ud83e\udd84\ud83d\udcbb Ciphertext 암호문 暗号文 密文 Шифротекст Texte chiffré Geheimtext نص مشفر सिफरपाठ \ud83d\udd10
PASS 34285962080.abcdef.VW5pY29kZSDsnKDri4jsvZTrk5wg44Om44OL44Kz44O844OJIOS4h-WbveeggSDZitmI2YbZitmD2YjYryDgpK_gpYLgpKjgpL_gpJXgpYvgpKEg0K7QvdC40LrQvtC0IPCfpoTwn5K7.aYaJzK5fuSt8g89idfIgP06IqI-M60AsHlqGhqIh-vb8GoDA4KqRdZnvvWj_Ei3021Bm1XnuHeNJ3CWgHQxuA3sewGXNeJgCxRposcEKuY9aEidMyTz4O47By_78xjgkcJo0vcihqZuInGWYnURWOVaBb0B2Znemme6YK5NGrUW9Jx9MdiYNHeN6KxQdKh8lmLkKSE732I4P.Z_yBd6xHmwVPRf1Mj630tieXTb2X6--3gI6sJKyAdsXDh-ziAhfcBDX5--an28STbjHUrYvStucwItYP7i2TYw
PASS Unicode 유니코드 ユニコード 万国码 يونيكود यूनिकोड Юникод \ud83e\udd84\ud83d\udcbb Ciphertext 암호문 暗号文 密文 Шифротекст Texte chiffré Geheimtext نص مشفر सिफरपाठ \ud83d\udd10
PASS 34285962080.abcedf0.VW5pY29kZSDsnKDri4jsvZTrk5wg44Om44OL44Kz44O844OJIOS4h-WbveeggSDZitmI2YbZitmD2YjYryDgpK_gpYLgpKjgpL_gpJXgpYvgpKEg0K7QvdC40LrQvtC0IPCfpoTwn5K7.Ef2q0vzp1C-odVXwwjzivwjutMccJFGaCUAHUgncM0qt1SzzCsFmivkTH-Tjv7H3VruoGRoSXcUYCN0W-aJyRzbvo6YqEul3D_uIsSe2zk0xKlDzubfvXH0nlhv1RQYVHSowuLEXNgjcXqoukiTVbW2bkD3Sr9efMT_04Fg1-MtC_3htAgVqg7SWPwMWVrmTSG7nfqzT4iGL.omEhT4TrUg-QnNsctRFYvIpB5aNlY8K2ly0QOq7WTiV4g4WHkrcX3AtDRGU3V619gvTf0-hlF07aDQXpDMdE9g
PASS Unicode 유니코드 ユニコード 万国码 يونيكود यूनिकोड Юникод \ud83e\udd84\ud83d\udcbb Ciphertext 암호문 暗号文 密文 Шифротекст Texte chiffré Geheimtext نص مشفر सिफरपाठ \ud83d\udd10
PASS 34285962080.abcedf01.VW5pY29kZSDsnKDri4jsvZTrk5wg44Om44OL44Kz44O844OJIOS4h-WbveeggSDZitmI2YbZitmD2YjYryDgpK_gpYLgpKjgpL_gpJXgpYvgpKEg0K7QvdC40LrQvtC0IPCfpoTwn5K7.38mqXFWDWll3IEHfGMMBW1OS-kuflqUMDu3i6qkP1jOQgfT2Cc2ILTWldvPz4QWZT8sxizsMJw_Bq_7U9y052uzz0rWtcXQHPjLDZ0jMKKE2Sa_RCaeRKyg_IzsBP5Fp3fEnZplwPns57pZdHYMfwEgNxExXDehVYdwHV_S9Y8h4S2fOcVIHRelAett6XwP69AHVWU7U2ZhW.6wjD01YlZeJBX5bF0XGbo8P9W-Mvlush87rd8h7ub-JujHrJFWUsX891JSifev5eglTrMe96lC8nBklfaXoSpw
PASS Unicode 유니코드 ユニコード 万国码 يونيكود यूनिकोड Юникод \ud83e\udd84\ud83d\udcbb Ciphertext 암호문 暗号文 密文 Шифротекст Texte chiffré Geheimtext نص مشفر सिफरपाठ \ud83d\udd10
PASS 34285962080.abcedf012.VW5pY29kZSDsnKDri4jsvZTrk5wg44Om44OL44Kz44O844OJIOS4h-WbveeggSDZitmI2YbZitmD2YjYryDgpK_gpYLgpKjgpL_gpJXgpYvgpKEg0K7QvdC40LrQvtC0IPCfpoTwn5K7.We60Y8ETnOjm6CwpLoao29Ddl3tmmB9WyMVU_r6y4zAVxr5xAKl0ftYAekZJN5EjT7TRAMxgB-quEHaOD90xdOezcBigK5rBspGqwxTYgeFBG-uK-6FKIXRmKkA6oCw0vgs3_5_fq6e1zvhZrp6r-7eVMFunBeCcUBY5mrPE3TLIKE5NAzFehqfDHLm6F8nD6BtSpfgvTh0i.Xepzk-lmyju-nwLN7wDN83IK_3AQl1oMvqApbc-PVjcgbz2uiPH6QMNQECIX4uWF1v0QnrPFvnweGa-Yc9lQig
PASS Unicode 유니코드 ユニコード 万国码 يونيكود यूनिकोड Юникод \ud83e\udd84\ud83d\udcbb Ciphertext 암호문 暗号文 密文 Шифротекст Texte chiffré Geheimtext نص مشفر सिफरपाठ \ud83d\udd10
PASS 34285962080.abcedf0123.VW5pY29kZSDsnKDri4jsvZTrk5wg44Om44OL44Kz44O844OJIOS4h-WbveeggSDZitmI2YbZitmD2YjYryDgpK_gpYLgpKjgpL_gpJXgpYvgpKEg0K7QvdC40LrQvtC0IPCfpoTwn5K7.TaeofSYGcD8HfwPIH3bvf5v6XgPfuPqrKKOTBv7_P2Y-iOoYZx41aHSpqbGd3WNnL7MBYg5A-hGrTErBHTujk_1D_41DnHm6NlY4eKVe_CcD0mpR_bHXT2sVa3CeTw3tWruWJZUWWp_QyOQroK2cJldazid3uXbzOe7WX4N0Dkc5xBgtuo5YBVTiOXrZGz8-CSLtzCjEj0Hh.-IrMXxzQHSdz9YPxZlW24P1PVBn69EUbXj9AyAlrMBFLuQJ0Am6LKi-DNh3zQijMQbTR2CbDTc6YsVgthadlcg
PASS Unicode 유니코드 ユニコード 万国码 يونيكود यूनिकोड Юникод \ud83e\udd84\ud83d\udcbb Ciphertext 암호문 暗号文 密文 Шифротекст Texte chiffré Geheimtext نص مشفر सिफरपाठ \ud83d\udd10
PASS 34285962080.abcedf01234.VW5pY29kZSDsnKDri4jsvZTrk5wg44Om44OL44Kz44O844OJIOS4h-WbveeggSDZitmI2YbZitmD2YjYryDgpK_gpYLgpKjgpL_gpJXgpYvgpKEg0K7QvdC40LrQvtC0IPCfpoTwn5K7.QDpbXl4JQnpp9bQp2H8hQIl4s6mODwMCi-IyD-ohkySFvUa-B8cFPoOiDR8pdOo6R9JVCQ5GFVmvBceJEzh-tsO7y-PHJO-qr6HYEJNn_StyHlv1UgC_2F7ye8juIIUf7fuYYtUrljStaOrZT7uo0fF_EaeUHuzbRC711U1HrSU1T66zMSNACFJOwM2lCbPsjH5W2RvtBASe.Twwyx75ZkIUnqKcwc4S9Yus_JJqGP10FZtXUNnhW2fZJyGPvPU14bNFYXkXsWaxlQqDSR2FS6cOhfeUAFvQqnA
PASS Unicode 유니코드 ユニコード 万国码 يونيكود यूनिकोड Юникод \ud83e\udd84\ud83d\udcbb Ciphertext 암호문 暗号文 密文 Шифротекст Texte chiffré Geheimtext نص مشفر सिफरपाठ \ud83d\udd10
PASS 34285962080.abcedf012345.VW5pY29kZSDsnKDri4jsvZTrk5wg44Om44OL44Kz44O844OJIOS4h-WbveeggSDZitmI2YbZitmD2YjYryDgpK_gpYLgpKjgpL_gpJXgpYvgpKEg0K7QvdC40LrQvtC0IPCfpoTwn5K7.csD9c5pKrLgXS9ZB-GeDcma26wWYkXTnmlJX5HLAZRZTdQcfpKVY2PbTPYqWWvFhhtCDXilp2wd-oNqAT9qcJwGGWPjik6NSCbB8-4chHVSVjM_rruV8I-oUfFKRChRlZXhRXkTNREcXBeT8ZzNw03SfcGPJlIgl0fq8LAlhOVtgV-pe_LQ4qURuh0SfjaYNl1TWBAlF9gTA.45LHg1zZHC2uNWBXS-rlPv8Q9mQYJF08GIaWY7Iog3uZ0nTCs4LsoLP2LEgsYM6onJA-EsRfgagyhKxByYWU-93X3VXYcWkk79Q-1GuY4ZRm2px187yM7ZYDcavUQ7nx
PASS Unicode 유니코드 ユニコード 万国码 يونيكود यूनिकोड Юникод \ud83e\udd84\ud83d\udcbb Ciphertext 암호문 暗号文 密文 Шифротекст Texte chiffré Geheimtext نص مشفر सिफरपाठ \ud83d\udd10
PASS 34285962080.abcedf0123456.VW5pY29kZSDsnKDri4jsvZTrk5wg44Om44OL44Kz44O844OJIOS4h-WbveeggSDZitmI2YbZitmD2YjYryDgpK_gpYLgpKjgpL_gpJXgpYvgpKEg0K7QvdC40LrQvtC0IPCfpoTwn5K7.VDzANdWX2vPxRBPLFv6P7RWjD_Aabit1-QqEAMwbOzd45j7st75SyCqi5qhxJjkuiKK_gUaO5Pn5hXwCbKyd6LmBFUXnAIqRk58nEPGUtDsFs1xRySf1Gjpa4ZoEr_6Y_ilPv6Fn38QiYN951rpJ2CDRiVej5NDBNZA3XDl6JcpByr0l0EKXQWcVf2V7uV0FHOcFA27FzsQ7.dWqjRltOamDjEeLRTCxZ9h-frOw9cR-QxmGrSy91PWiiW5QgdKIFq-ouW1tNhk18yIsYxB0WDqDeiHZDx4erEz3GMaGOlmXZVmn1vwAhvUueZFiJv97jj8l2k9qUMtzQ
PASS Unicode 유니코드 ユニコード 万国码 يونيكود यूनिकोड Юникод \ud83e\udd84\ud83d\udcbb Ciphertext 암호문 暗号文 密文 Шифротекст Texte chiffré Geheimtext نص مشفر सिफरपाठ \ud83d\udd10
PASS 34285962080.abcedf01234567.VW5pY29kZSDsnKDri4jsvZTrk5wg44Om44OL44Kz44O844OJIOS4h-WbveeggSDZitmI2YbZitmD2YjYryDgpK_gpYLgpKjgpL_gpJXgpYvgpKEg0K7QvdC40LrQvtC0IPCfpoTwn5K7.Ls-5azXze1YRlrNYXtdrzfEwPa0gkmjxDCGnVFwD-8sGPISMkAkiyaktMq4FVo0S2P3c2JE5LDsBwgoLyZh_OHXqdHs5-u5O8ahF7H3sBi1_B1scQyikP7fSwbEvT1TN0BryiedzMEg6KIu8p-kzpQzA5X2-0FznibEiTxt40dZuUHmBYWZgB4-O3ekfd6sU2waz5aGFJ_b5.EDh5sak9JNdpj11BAB0mWAGaL3Ylh9PesVJ1TOYyEQU3kSuBudmSIYLPKxrOWkkQgs9nbLOf4kNmXLaFFLtNzqB7HMXjey8f66d1VdqQ4-If6plMoZYIoF1SeclYmjWg
PASS Unicode 유니코드 ユニコード 万国码 يونيكود यूनिकोड Юникод \ud83e\udd84\ud83d\udcbb Ciphertext 암호문 暗号文 密文 Шифротекст Texte chiffré Geheimtext نص مشفر सिफरपाठ \ud83d\udd10
PASS 34285962080.abcedf012345678.VW5pY29kZSDsnKDri4jsvZTrk5wg44Om44OL44Kz44O844OJIOS4h-WbveeggSDZitmI2YbZitmD2YjYryDgpK_gpYLgpKjgpL_gpJXgpYvgpKEg0K7QvdC40LrQvtC0IPCfpoTwn5K7.-gzkcoAzkOyYGFsjUG4kQ2NeD2TND4gxN-R8J_hdFef8gq_DY8khdOtK0Jno0T1tGFqYJWIZgA0g9K-mJcjO9doXAdquo86-oSR8T5x8MWoAYQCLLx3WMXE1J0M_j30si8eJFyKye6UhnJcPpe5nzH32KR-2rJjKHQ3KGqrRmmIiJPWM9HJryxQJWnflXWDFfBUXt_XVqgew.bvsYwMFnU7-hwWZqYaJX7xnHn7tc_LIGNVqIwJIPvu6HmzWNo8UGi1sRwjhNHprV1HWqS6RyFxbX0Cujf_8TVprlB9qnrfHPONyNUAN_D9BcGiBkG4LZkiLQUVQLnjT3
PASS Unicode 유니코드 ユニコード 万国码 يونيكود यूनिकोड Юникод \ud83e\udd84\ud83d\udcbb Ciphertext 암호문 暗号文 密文 Шифротекст Texte chiffré Geheimtext نص مشفر सिफरपाठ \ud83d\udd10
PASS 34285962080.abcedf0123456789.VW5pY29kZSDsnKDri4jsvZTrk5wg44Om44OL44Kz44O844OJIOS4h-WbveeggSDZitmI2YbZitmD2YjYryDgpK_gpYLgpKjgpL_gpJXgpYvgpKEg0K7QvdC40LrQvtC0IPCfpoTwn5K7.lZ1GMlIO_9XIJMDK1ZYX3Z039TdP9kcbTbaMAMiV-1puJlGSIP2__O-CytXq6Qw84KocidYyNN0UxK2tWkjn7B-6PitdtxJb_xHF8NmtvFy4w2nM_Q3VNLbjlC9Tzsn7fhcvjTW8gotv41RtMtjAH3kPBnoE02zM_HMmxflyZYmXh87ppRS6sh-HbDCsEQ4tl8__CKryYXqP.AQ43fRJCBsbVpttCPEECR1nBsPvPM8twCiEBZy_9A6nB10vKzZvGwSOrO3px3J-xrR5upM40hQGoI3SvjhatXF4PASJ4YFwDLQbBEpyD5K9AytWenvXCm5BHOKOw62T7r2FzzGazlvMdu0SKYJaw8v-sDuDy35oX7nFQUXo_UydCVZ_G
PASS Unicode 유니코드 ユニコード 万国码 يونيكود यूनिकोड Юникод \ud83e\udd84\ud83d\udcbb Ciphertext 암호문 暗号文 密文 Шифротекст Texte chiffré Geheimtext نص مشفر सिफरपाठ \ud83d\udd10
PASS 34285962080.7fffffffffffffff.VW5pY29kZSDsnKDri4jsvZTrk5wg44Om44OL44Kz44O844OJIOS4h-WbveeggSDZitmI2YbZitmD2YjYryDgpK_gpYLgpKjgpL_gpJXgpYvgpKEg0K7QvdC40LrQvtC0IPCfpoTwn5K7.iOCnxHyoEf4kSuwHUgcsypXh0DRIq4AsyX1kGUDlfIvTC-Xc_HEmPa3j72xElDA4nEhZWsU6MaDewt6dNV6XpMDnHqSxe5UUhQ8wCZwwbMCT6paGlE7H3weS5e1Mxg_ZYQ3UHmeiCdpUiRzLaokAeDB_nHg9kAjXJ2xT9QGYNAHl4NHeCk1iUP19XPmYSdXDOOJeIGhX18GQ.APmQomZmOEPkjuVCoo4NynulbAGeqWJ2CYdQwEfmhjDMnHm_q2T4RqVCJR0y8KkQrxnhHBqQ-UkfguOQZZsuRGVwABf1prj9PhIYiECFH96JLDUBEBzLnSK6zk2m--3WMCupQ2Sos3ZvdsYfgUmoSsK5SVP3BlVOYedeQixKCoPf2NFq
PASS Unicode 유니코드 ユニコード 万国码 يونيكود यूनिकोड Юникод \ud83e\udd84\ud83d\udcbb Ciphertext 암호문 暗号文 密文 Шифротекст Texte chiffré Geheimtext نص مشفر सिफरपाठ \ud83d\udd10
PASS 34285962080.ffffffffffffffff.VW5pY29kZSDsnKDri4jsvZTrk5wg44Om44OL44Kz44O844OJIOS4h-WbveeggSDZitmI2YbZitmD2YjYryDgpK_gpYLgpKjgpL_gpJXgpYvgpKEg0K7QvdC40LrQvtC0IPCfpoTwn5K7.CB4sUN2OOwUCgCqJSc6o_rlnIuO7U_Oq7NobA4vroqlAUgf8DYjsWtLRFrQPVwMbENiFuiQJah2NkYZi1N_1VYj_AfHTjufIGs6oMkeQHLUSk2Ps5tJlwsbRYZepy5tkpgTFfAJCaCYiXxYhviqM17s5clfJ3EFbhK3kHmw_Gv3Xh2sJsVt_E6o-y_lo1oZ_OO1eC9Sga9k8.AartOe5JeQK8hqcDGYBfbIdY-kc8IWF4fWFrX28crwNtbxy2OKulw-jYsY5BqSW05Ekpt55eEvfMCwMZK-5nRMmwAK3-t_YtxmwzXXORipJC_hQH6gFKKj6PDRc3V-fWkQBS44op5XCsavwUzha_JDr4un5n9zFO6SQNz466MZhgcmqf
PASS Unicode 유니코드 ユニコード 万国码 يونيكود यूनिकोड Юникод \ud83e\udd84\ud83d\udcbb Ciphertext 암호문 暗号文 密文 Шифротекст Texte chiffré Geheimtext نص مشفر सिफरपाठ \ud83d\udd10
PASS 34285962080.f000000000000000.VW5pY29kZSDsnKDri4jsvZTrk5wg44Om44OL44Kz44O844OJIOS4h-WbveeggSDZitmI2YbZitmD2YjYryDgpK_gpYLgpKjgpL_gpJXgpYvgpKEg0K7QvdC40LrQvtC0IPCfpoTwn5K7.TmxzY2YJ3OjIqoTjUBMaJt2jxpQ2drRgjSjJihKSJ-SkOQL6AWaW5j5_XGLg0CxJ8ac4FQOb4rt9Y7E-so1TI_dVQEVk8IeBovob6yQDx_dqpHrwfN7HfX-_D2GvgJb-R1syal2jKV4ESQsuhWrqaRl9_TcGkzDPKsTg2GDStf45FJ8fisPAECMtAUo3fVqPnGJcl0k7JXAX.AFxCzP8FerpzUx6TWKL-Sbj9C8wHWR5b1vHd_MFnd-2141T-vdgHlI94e2WkaxZv9T9vElbQMA7_JeuWOdKObygoAJCFJ53O-qX_xcaD5tbUTtDPEeWtlV0c9wulzN6ZvjEd2x_7Immj0tHk2ni2r7oKTH9pBPKfWC2fWrvCZMYtjX5M
PASS Unicode 유니코드 ユニコード 万国码 يونيكود यूनिकोड Юникод \ud83e\udd84\ud83d\udcbb Ciphertext 암호문 暗号文 密文 Шифротекст Texte chiffré Geheimtext نص مشفر सिफरपाठ \ud83d\udd10
PASS DAT 34296687577.ffffffffffffffff.VW5pY29kZSDsnKDri4jsvZTrk5wg44Om44OL44Kz44O844OJIOS4h-WbveeggSDZitmI2YbZitmD2YjYryDgpK_gpYLgpKjgpL_gpJXgpYvgpKEg0K7QvdC40LrQvtC0IPCfpoTwn5K7.zFto7LUFNGbpYd4VZ8JFitzGhYlIoMYcZvWsGdW_t_qUrA5aCHMEaONz3fWzKRmkilHF3s3qzNb8JDGqo94NfRjDyEQxuNZvu6-m-_Z41ArjsqBWB1BCHnfB1kC1XheKECK1xcdpfMihqeu3oPRxgvMsAu_OVAZhjl6Bp6dKVxTj3v5Kmsc3dpr-EXAJxlBEOF7k33EK7zGC.AKfakdGq2kllPcmwZRwZuOBG8AeWAiq_dINuHR_U082FVZbWQ5pIQXYmYCH55q-pziSGwsYjZlyc1o6T3rqTd_NYACt8KDzeNKZHf1PDdy-t5qNupRB-6rccEvcw0Df76yUfUrlb6hmjeG09_LyvscxpLkQPOk8T_i2jV-GJtIweNsRW
ParseRustVectors: DAT_INTEROP_VECTORS not set
sign test - HMAC-SHA256-MFS
sign test - HMAC-SHA384-MFS
sign test - HMAC-SHA512-MFS
sign test - ECDSA-P256
sign test - ECDSA-P384
sign test - ECDSA-P521
Test 'ParseRustVectors' was skipped in the test run.
</StdOut>
    </Output>
  </ResultSummary>
</TestRun>