<?xml version="1.0" encoding="utf-8"?>
<TestRun id="68d0f788-b84e-4275-ae47-f098d52bc333" name="@marker 2026-09-25 18:39:32" xmlns="http://microsoft.com/schemas/VisualStudio/TeamTest/2010">
  <Times creation="2026-09-25T18:39:32.4488560+09:00" queuing="2026-09-25T18:39:32.4488560+09:00" start="2026-09-25T18:39:30.9502130+09:00" finish="2026-09-25T18:39:37.8301880+09:00" />
  <TestSettings name="default" id="8e16f6b6-2f8e-483e-8e41-e28618fcd30d">
    <Deployment runDeploymentRoot="_marker_2026-09-25_18_39_32" />
  </TestSettings>
  <Results>
    <UnitTestResult executionId="1052e61e-574a-49ce-8711-42a10fb63c4a" testId="a166790b-1b03-1d96-dec1-1134f23415fb" testName="CertificateFieldsRejectNonDigits(3,&quot;6 0&quot;)" computerName="marker" duration="00:00:00.0002780" startTime="2026-09-25T18:39:37.8010950+09:00" endTime="2026-09-25T18:39:37.8013730+09:00" testType="13cdc9d9-ddb5-4fa4-a97d-d965ccfc6d4b" outcome="Passed" testListId="8c84fa94-04c1-424b-9868-57a2d4851a1d" relativeResultsDirectory="1052e61e-574a-49ce-8711-42a10fb63c4a" />
    <UnitTestResult executionId="0179b740-62a1-4143-bace-604de1d00352" testId="d6a65219-596c-10f3-7e42-0b77d963431f" testName="NoCertificateAtAll" computerName="marker" duration="00:00:00.0001080" startTime="2026-09-25T18:39:32.5032750+09:00" endTime="2026-09-25T18:39:32.5033820+09:00" testType="13cdc9d9-ddb5-4fa4-a97d-d965ccfc6d4b" outcome="Passed" testListId="8c84fa94-04c1-424b-9868-57a2d4851a1d" relativeResultsDirectory="0179b740-62a1-4143-bace-604de1d00352" />
    <UnitTestResult executionId="e6de26f0-a304-46ac-a97e-4092b72f7072" testId="b79beb50-2bb3-8e50-778b-7056242eca77" testName="CertificateFieldsRejectNonDigits(1,&quot; 100&quot;)" computerName="marker" duration="00:00:00.0003669" startTime="2026-09-25T18:39:37.8000570+09:00" endTime="2026-09-25T18:39:37.8004240+09:00" testType="13cdc9d9-ddb5-4fa4-a97d-d965ccfc6d4b" outcome="Passed" testListId="8c84fa94-04c1-424b-9868-57a2d4851a1d" relativeResultsDirectory="e6de26f0-a304-46ac-a97e-4092b72f7072" />
    <UnitTestResult executionId="3ae8a01a-d8f8-4fac-9c81-c746b3a0f08d" testId="4a7a01fe-0aa8-2bef-2fba-c5bb66a6bbb7" testName="DatStillParsesUnmutated" computerName="marker" duration="00:00:00.0005460" startTime="2026-09-25T18:39:37.8040660+09:00" endTime="2026-09-25T18:39:37.8046120+09:00" testType="13cdc9d9-ddb5-4fa4-a97d-d965ccfc6d4b" outcome="Passed" testListId="8c84fa94-04c1-424b-9868-57a2d4851a1d" relativeResultsDirectory="3ae8a01a-d8f8-4fac-9c81-c746b3a0f08d" />
    <UnitTestResult executionId="778455db-6d3f-40a5-ae4e-fc739cdd30f0" testId="01c74d41-7dee-ef63-464f-60f46d5b2f03" testName="IssuanceWindowNotYetOpenIsTransient" computerName="marker" duration="00:00:00.0004240" startTime="2026-09-25T18:39:32.5016190+09:00" endTime="2026-09-25T18:39:32.5020430+09:00" testType="13cdc9d9-ddb5-4fa4-a97d-d965ccfc6d4b" outcome="Passed" testListId="8c84fa94-04c1-424b-9868-57a2d4851a1d" relativeResultsDirectory="778455db-6d3f-40a5-ae4e-fc739cdd30f0" />
    <UnitTestResult executionId="8a0b28ff-cf72-4d72-bd9f-650169318b4c" testId="568765ff-0231-4a29-4b60-175e84eab41c" testName="RepeatedImportKeepsOneCertificatePerCid" computerName="marker" duration="00:00:00.0015420" startTime="2026-09-25T18:39:32.4937710+09:00" endTime="2026-09-25T18:39:32.4953130+09:00" testType="13cdc9d9-ddb5-4fa4-a97d-d965ccfc6d4b" outcome="Passed" testListId="8c84fa94-04c1-424b-9868-57a2d4851a1d" relativeResultsDirectory="8a0b28ff-cf72-4d72-bd9f-650169318b4c" />
    <UnitTestResult executionId="a1022843-1262-4d93-8bfe-3b4235d0d271" testId="43b95ba6-1d43-b563-768b-cc2cf780e7f1" testName="DisposeAsyncCancelsAnInFlightSync" computerName="marker" duration="00:00:00.0098510" startTime="2026-09-25T18:39:32.4071880+09:00" endTime="2026-09-25T18:39:32.4170380+09:00" testType="13cdc9d9-ddb5-4fa4-a97d-d965ccfc6d4b" outcome="Passed" testListId="8c84fa94-04c1-424b-9868-57a2d4851a1d" relativeResultsDirectory="a1022843-1262-4d93-8bfe-3b4235d0d271" />
    <UnitTestResult executionId="265ab4e0-c269-49a8-8c5d-3a98981a89d8" testId="feb5c990-b230-9519-b590-91553f969e40" testName="Test" computerName="marker" duration="00:00:00.0065080" startTime="2026-09-25T18:39:32.4841880+09:00" endTime="2026-09-25T18:39:32.4906960+09:00" testType="13cdc9d9-ddb5-4fa4-a97d-d965ccfc6d4b" outcome="Passed" testListId="8c84fa94-04c1-424b-9868-57a2d4851a1d" relativeResultsDirectory="265ab4e0-c269-49a8-8c5d-3a98981a89d8" />
    <UnitTestResult executionId="37a9dbeb-212f-4b1c-ace5-943e65a455d3" testId="dacf0fdd-8665-c676-817d-ef5539911af5" testName="Test" computerName="marker" duration="00:00:00.8809270" startTime="2026-09-25T18:39:31.5260010+09:00" endTime="2026-09-25T18:39:32.4069310+09:00" testType="13cdc9d9-ddb5-4fa4-a97d-d965ccfc6d4b" outcome="Passed" testListId="8c84fa94-04c1-424b-9868-57a2d4851a1d" relativeResultsDirectory="37a9dbeb-212f-4b1c-ace5-943e65a455d3" />
    <UnitTestResult executionId="4a49fc66-36c2-4763-8eac-94b573abffc7" testId="15a29d29-8db7-5db3-9119-873799e65004" testName="RejectsStandardAlphabet" computerName="marker" duration="00:00:00.0000640" startTime="2026-09-25T18:39:31.5151020+09:00" endTime="2026-09-25T18:39:31.5151670+09:00" testType="13cdc9d9-ddb5-4fa4-a97d-d965ccfc6d4b" outcome="Passed" testListId="8c84fa94-04c1-424b-9868-57a2d4851a1d" relativeResultsDirectory="4a49fc66-36c2-4763-8eac-94b573abffc7" />
    <UnitTestResult executionId="62ebdf2f-fac8-472c-9bd9-7f93014a65d1" testId="38dba45b-9ae0-aee6-d818-66be400c7139" testName="MalformedCertificateShapes" computerName="marker" duration="00:00:00.0005350" startTime="2026-09-25T18:39:32.5020630+09:00" endTime="2026-09-25T18:39:32.5025980+09:00" testType="13cdc9d9-ddb5-4fa4-a97d-d965ccfc6d4b" outcome="Passed" testListId="8c84fa94-04c1-424b-9868-57a2d4851a1d" relativeResultsDirectory="62ebdf2f-fac8-472c-9bd9-7f93014a65d1" />
    <UnitTestResult executionId="ced35511-1e0e-4f32-9953-bb8457514722" testId="e6a7a97c-8d89-53cc-d69c-fd34a64214b8" testName="DatExpireRejectsNonDigits(&quot; &quot;)" computerName="marker" duration="00:00:00.0004450" startTime="2026-09-25T18:39:37.8030230+09:00" endTime="2026-09-25T18:39:37.8034670+09:00" testType="13cdc9d9-ddb5-4fa4-a97d-d965ccfc6d4b" outcome="Passed" testListId="8c84fa94-04c1-424b-9868-57a2d4851a1d" relativeResultsDirectory="ced35511-1e0e-4f32-9953-bb8457514722" />
    <UnitTestResult executionId="cdd868db-fa0a-47ae-b8e0-6609eaf6df68" testId="10cc51f2-0a98-302c-b755-344d9859e35c" testName="UseDatCms" computerName="marker" duration="00:00:05.0486910" startTime="2026-09-25T18:39:32.5088170+09:00" endTime="2026-09-25T18:39:37.5575300+09:00" testType="13cdc9d9-ddb5-4fa4-a97d-d965ccfc6d4b" outcome="Passed" testListId="8c84fa94-04c1-424b-9868-57a2d4851a1d" relativeResultsDirectory="cdd868db-fa0a-47ae-b8e0-6609eaf6df68">
      <Output>
        <StdOut>[18:39:32 INF] renew 7 certificates: http://localhost:8088/v1/certs?version=0
plain : Unicode 유니코드 ユニコード 万国码 يونيكود यूनिकोड Юникод \ud83e\udd84\ud83d\udcbb
secure : Ciphertext 암호문 暗号文 密文 Шифротекст Texte chiffré Geheimtext نص مشفر सिफरपाठ \ud83d\udd10
dat : 1790329772.6eb35667.VW5pY29kZSDsnKDri4jsvZTrk5wg44Om44OL44Kz44O844OJIOS4h-WbveeggSDZitmI2YbZitmD2YjYryDgpK_gpYLgpKjgpL_gpJXgpYvgpKEg0K7QvdC40LrQvtC0IPCfpoTwn5K7.xKwGgTCFtf4AQgO5kqJY4jH2wwIxnM4a3uEgqd6ecf6eX2Tkh3z0NV3rXwnaZoEEHQRUkZ4AEsZ_YBBZwAWAVW6XLDk5us1xRDkfBAyex4IsTUl77LJawUZqa4iBbTjKGu6AT6rTcEJ62NQei37TfszZ6ahGkFqGzOtFKvBkU5yWsCc2Ab7n_3ZnloCh4bZ1tMZmtaOSKP2Z.YBUVD8e9JHpGipUQ6QgnUr6l6O8zUs4trw3-sNSiBlE3ERv4bumju77_gPex45BW2TO9gdfrk0lQVkDComDWDQ
payload plain : Unicode 유니코드 ユニコード 万国码 يونيكود यूनिकोड Юникод \ud83e\udd84\ud83d\udcbb
payload secure : Ciphertext 암호문 暗号文 密文 Шифротекст Texte chiffré Geheimtext نص مشفر सिफरपाठ \ud83d\udd10
[18:39:33 DBG] no new certificate: http://localhost:8088/v1/certs?version=295
[18:39:34 DBG] no new certificate: http://localhost:8088/v1/certs?version=295
[18:39:35 DBG] no new certificate: http://localhost:8088/v1/certs?version=295
[18:39:36 DBG] no new certificate: http://localhost:8088/v1/certs?version=295
[18:39:37 DBG] no new certificate: http://localhost:8088/v1/certs?version=295</StdOut>
      </Output>
    </UnitTestResult>
    <UnitTestResult executionId="4a076179-1e72-4718-a5c2-a3d931f2e41a" testId="8bc2e755-4b2f-b36d-fcc3-11d254d2d8e7" testName="VerifyOnlyCertificateCannotIssue" computerName="marker" duration="00:00:00.0015000" startTime="2026-09-25T18:39:32.5069160+09:00" endTime="2026-09-25T18:39:32.5084170+09:00" testType="13cdc9d9-ddb5-4fa4-a97d-d965ccfc6d4b" outcome="Passed" testListId="8c84fa94-04c1-424b-9868-57a2d4851a1d" relativeResultsDirectory="4a076179-1e72-4718-a5c2-a3d931f2e41a" />
    <UnitTestResult executionId="e54bdb6d-c741-42b2-9c08-9981a4a8eedf" testId="c5bdd727-214b-3bab-bc0e-00d5cf3c7a13" testName="DatExpireRejectsNonDigits(&quot;+&quot;)" computerName="marker" duration="00:00:00.0005320" startTime="2026-09-25T18:39:37.8034840+09:00" endTime="2026-09-25T18:39:37.8040160+09:00" testType="13cdc9d9-ddb5-4fa4-a97d-d965ccfc6d4b" outcome="Passed" testListId="8c84fa94-04c1-424b-9868-57a2d4851a1d" relativeResultsDirectory="e54bdb6d-c741-42b2-9c08-9981a4a8eedf" />
    <UnitTestResult executionId="855ac4d8-2e12-4a9f-890a-0415c320d7d6" testId="6f588d9b-043f-8a3c-0fe4-0f12cb6e7f56" testName="ForgedSignatureIsSigMismatch" computerName="marker" duration="00:00:00.0015180" startTime="2026-09-25T18:39:32.4993720+09:00" endTime="2026-09-25T18:39:32.5008900+09:00" testType="13cdc9d9-ddb5-4fa4-a97d-d965ccfc6d4b" outcome="Passed" testListId="8c84fa94-04c1-424b-9868-57a2d4851a1d" relativeResultsDirectory="855ac4d8-2e12-4a9f-890a-0415c320d7d6" />
    <UnitTestResult executionId="c1527c33-28d5-4d52-ac21-d8b8fbe1ad4b" testId="221b484c-ef29-c236-5ac7-cd5aa3f6571a" testName="CertificateFieldsRejectNonDigits(1,&quot;+100&quot;)" computerName="marker" duration="00:00:00.0003700" startTime="2026-09-25T18:39:37.8004310+09:00" endTime="2026-09-25T18:39:37.8008010+09:00" testType="13cdc9d9-ddb5-4fa4-a97d-d965ccfc6d4b" outcome="Passed" testListId="8c84fa94-04c1-424b-9868-57a2d4851a1d" relativeResultsDirectory="c1527c33-28d5-4d52-ac21-d8b8fbe1ad4b" />
    <UnitTestResult executionId="79447339-2321-4804-bc32-4745b1b41062" testId="ee16fdfb-6f45-f276-a50d-4700c66b4b4f" testName="UnknownAlgorithmNames" computerName="marker" duration="00:00:00.0002520" startTime="2026-09-25T18:39:32.5054730+09:00" endTime="2026-09-25T18:39:32.5057250+09:00" testType="13cdc9d9-ddb5-4fa4-a97d-d965ccfc6d4b" outcome="Passed" testListId="8c84fa94-04c1-424b-9868-57a2d4851a1d" relativeResultsDirectory="79447339-2321-4804-bc32-4745b1b41062" />
    <UnitTestResult executionId="0f9c8274-757e-4d00-a9fb-dbee8972b22c" testId="e4bf563b-dbd1-8324-f2ef-29d781dedb8d" testName="ImportCopiesSoTheCallerKeepsOwnership" computerName="marker" duration="00:00:00.0005019" startTime="2026-09-25T18:39:32.4932520+09:00" endTime="2026-09-25T18:39:32.4937530+09:00" testType="13cdc9d9-ddb5-4fa4-a97d-d965ccfc6d4b" outcome="Passed" testListId="8c84fa94-04c1-424b-9868-57a2d4851a1d" relativeResultsDirectory="0f9c8274-757e-4d00-a9fb-dbee8972b22c" />
    <UnitTestResult executionId="51ec1ac5-b5f5-4e5d-aba5-b2815ae850e2" testId="a8f8d0d7-6018-ab06-59e8-a60ad6c04cb5" testName="WrongKeySizeIsKeyInvalid" computerName="marker" duration="00:00:00.0002880" startTime="2026-09-25T18:39:32.5084400+09:00" endTime="2026-09-25T18:39:32.5087280+09:00" testType="13cdc9d9-ddb5-4fa4-a97d-d965ccfc6d4b" outcome="Passed" testListId="8c84fa94-04c1-424b-9868-57a2d4851a1d" relativeResultsDirectory="51ec1ac5-b5f5-4e5d-aba5-b2815ae850e2" />
    <UnitTestResult executionId="e948a2e1-e3c3-4c58-8d97-e782acdb8ee5" testId="56e42a7a-4682-b023-ce63-df6391ff7cc2" testName="CertificateRoundTripsUnmutated" computerName="marker" duration="00:00:00.0004610" startTime="2026-09-25T18:39:37.8014130+09:00" endTime="2026-09-25T18:39:37.8018730+09:00" testType="13cdc9d9-ddb5-4fa4-a97d-d965ccfc6d4b" outcome="Passed" testListId="8c84fa94-04c1-424b-9868-57a2d4851a1d" relativeResultsDirectory="e948a2e1-e3c3-4c58-8d97-e782acdb8ee5" />
    <UnitTestResult executionId="c10d91eb-fcdb-4b35-a34e-54eeebbca386" testId="fbe06edf-7dbd-b202-9711-1ec8b9b1f14a" testName="UnknownAlgorithmInCertificateIsNotFolded" computerName="marker" duration="00:00:00.0002650" startTime="2026-09-25T18:39:32.5051990+09:00" endTime="2026-09-25T18:39:32.5054640+09:00" testType="13cdc9d9-ddb5-4fa4-a97d-d965ccfc6d4b" outcome="Passed" testListId="8c84fa94-04c1-424b-9868-57a2d4851a1d" relativeResultsDirectory="c10d91eb-fcdb-4b35-a34e-54eeebbca386" />
    <UnitTestResult executionId="40b64b4f-94e9-4b7e-b45f-d272ac60fa3d" testId="cba78a58-ac4e-d30a-b128-c61589ca0f20" testName="DuplicateCidOnImport" computerName="marker" duration="00:00:00.0011700" startTime="2026-09-25T18:39:32.4963750+09:00" endTime="2026-09-25T18:39:32.4975450+09:00" testType="13cdc9d9-ddb5-4fa4-a97d-d965ccfc6d4b" outcome="Passed" testListId="8c84fa94-04c1-424b-9868-57a2d4851a1d" relativeResultsDirectory="40b64b4f-94e9-4b7e-b45f-d272ac60fa3d" />
    <UnitTestResult executionId="4b764048-4f2b-44dc-acb4-0522960e0eec" testId="5c8f4f85-6d40-9a73-184c-df875b6720df" testName="SigningWithVerifyOnlyKeyIsKeyMissing" computerName="marker" duration="00:00:00.0005730" startTime="2026-09-25T18:39:32.5037400+09:00" endTime="2026-09-25T18:39:32.5043130+09:00" testType="13cdc9d9-ddb5-4fa4-a97d-d965ccfc6d4b" outcome="Passed" testListId="8c84fa94-04c1-424b-9868-57a2d4851a1d" relativeResultsDirectory="4b764048-4f2b-44dc-acb4-0522960e0eec" />
    <UnitTestResult executionId="fefc8bb7-31ed-4bd6-8131-7cf5f6e5fb9e" testId="6a14054d-9c29-4408-f503-7d6b0d53908a" testName="Test" computerName="marker" duration="00:00:00.2251980" startTime="2026-09-25T18:39:37.5741900+09:00" endTime="2026-09-25T18:39:37.7993890+09:00" testType="13cdc9d9-ddb5-4fa4-a97d-d965ccfc6d4b" outcome="Passed" testListId="8c84fa94-04c1-424b-9868-57a2d4851a1d" relativeResultsDirectory="fefc8bb7-31ed-4bd6-8131-7cf5f6e5fb9e" />
    <UnitTestResult executionId="af97aff6-94e3-465c-b654-8e26e882ba15" testId="246e21b9-07aa-327b-a67a-7f5b81bc62a6" testName="ParseRustVectors" computerName="marker" duration="00:00:00.0075560" startTime="2026-09-25T18:39:37.5663860+09:00" endTime="2026-09-25T18:39:37.5739410+09:00" testType="13cdc9d9-ddb5-4fa4-a97d-d965ccfc6d4b" outcome="NotExecuted" testListId="8c84fa94-04c1-424b-9868-57a2d4851a1d" relativeResultsDirectory="af97aff6-94e3-465c-b654-8e26e882ba15">
      <Output>
        <StdOut>DAT_INTEROP_VECTORS not set</StdOut>
        <ErrorInfo>
          <Message>DAT_INTEROP_VECTORS not set</Message>
        </ErrorInfo>
      </Output>
    </UnitTestResult>
    <UnitTestResult executionId="e63950b4-2bf4-4965-a511-3ac5e2880d4a" testId="23bd3ab4-1e49-8cd1-ce51-26700e30fe42" testName="CauseChainIsPreserved" computerName="marker" duration="00:00:00.0000840" startTime="2026-09-25T18:39:32.4953870+09:00" endTime="2026-09-25T18:39:32.4954720+09:00" testType="13cdc9d9-ddb5-4fa4-a97d-d965ccfc6d4b" outcome="Passed" testListId="8c84fa94-04c1-424b-9868-57a2d4851a1d" relativeResultsDirectory="e63950b4-2bf4-4965-a511-3ac5e2880d4a" />
    <UnitTestResult executionId="879f1825-9fed-4aa6-a057-3c0094d526f8" testId="5102d152-85d4-6af7-55d1-3ed07eb5ee2e" testName="DisposedCertificateRejectsSigning" computerName="marker" duration="00:00:00.0004530" startTime="2026-09-25T18:39:32.4909450+09:00" endTime="2026-09-25T18:39:32.4913980+09:00" testType="13cdc9d9-ddb5-4fa4-a97d-d965ccfc6d4b" outcome="Passed" testListId="8c84fa94-04c1-424b-9868-57a2d4851a1d" relativeResultsDirectory="879f1825-9fed-4aa6-a057-3c0094d526f8" />
    <UnitTestResult executionId="be4d21eb-3296-453a-81c9-fede6c45b6d5" testId="6b701ebb-f2df-2d03-c31c-28c9682070bb" testName="DatCidRejectsHexPrefix" computerName="marker" duration="00:00:00.0006240" startTime="2026-09-25T18:39:37.8019320+09:00" endTime="2026-09-25T18:39:37.8025560+09:00" testType="13cdc9d9-ddb5-4fa4-a97d-d965ccfc6d4b" outcome="Passed" testListId="8c84fa94-04c1-424b-9868-57a2d4851a1d" relativeResultsDirectory="be4d21eb-3296-453a-81c9-fede6c45b6d5" />
    <UnitTestResult executionId="a7171f44-131c-48dc-a214-eb65bdf444e0" testId="f580a959-4f64-7acc-900a-f9162f13512b" testName="TestHard" computerName="marker" duration="00:00:00.0070380" startTime="2026-09-25T18:39:37.5591770+09:00" endTime="2026-09-25T18:39:37.5662150+09:00" testType="13cdc9d9-ddb5-4fa4-a97d-d965ccfc6d4b" outcome="Passed" testListId="8c84fa94-04c1-424b-9868-57a2d4851a1d" relativeResultsDirectory="a7171f44-131c-48dc-a214-eb65bdf444e0" />
    <UnitTestResult executionId="7f42e21b-5382-4eda-aa81-e150c73d9219" testId="9bb8ebb0-895e-3e0e-bebe-03ed5de842ec" testName="RoundTripsEveryLength" computerName="marker" duration="00:00:00.0053520" startTime="2026-09-25T18:39:31.5166090+09:00" endTime="2026-09-25T18:39:31.5219610+09:00" testType="13cdc9d9-ddb5-4fa4-a97d-d965ccfc6d4b" outcome="Passed" testListId="8c84fa94-04c1-424b-9868-57a2d4851a1d" relativeResultsDirectory="7f42e21b-5382-4eda-aa81-e150c73d9219" />
    <UnitTestResult executionId="238861b9-b805-467c-b381-af8e66e20fb7" testId="ac04351f-531c-5212-7667-08c7bf99164c" testName="CiphertextShorterThanIv" computerName="marker" duration="00:00:00.0001250" startTime="2026-09-25T18:39:32.4954770+09:00" endTime="2026-09-25T18:39:32.4956020+09:00" testType="13cdc9d9-ddb5-4fa4-a97d-d965ccfc6d4b" outcome="Passed" testListId="8c84fa94-04c1-424b-9868-57a2d4851a1d" relativeResultsDirectory="238861b9-b805-467c-b381-af8e66e20fb7" />
    <UnitTestResult executionId="686e0830-dac8-490b-a87b-a54e02d71174" testId="91dba208-77a7-0f93-c64e-e9d6e4f3aacf" testName="TestIssueAndParse" computerName="marker" duration="00:00:00.0012550" startTime="2026-09-25T18:39:37.5578160+09:00" endTime="2026-09-25T18:39:37.5590710+09:00" testType="13cdc9d9-ddb5-4fa4-a97d-d965ccfc6d4b" outcome="Passed" testListId="8c84fa94-04c1-424b-9868-57a2d4851a1d" relativeResultsDirectory="686e0830-dac8-490b-a87b-a54e02d71174" />
    <UnitTestResult executionId="b28e9c52-2760-4d54-8e78-80fa9225ee0e" testId="bf674185-57f5-8fe5-6a0d-dc9ee66c835d" testName="CertificateFieldsRejectNonDigits(2,&quot;-1&quot;)" computerName="marker" duration="00:00:00.0002820" startTime="2026-09-25T18:39:37.8008060+09:00" endTime="2026-09-25T18:39:37.8010880+09:00" testType="13cdc9d9-ddb5-4fa4-a97d-d965ccfc6d4b" outcome="Passed" testListId="8c84fa94-04c1-424b-9868-57a2d4851a1d" relativeResultsDirectory="b28e9c52-2760-4d54-8e78-80fa9225ee0e" />
    <UnitTestResult executionId="d7853228-3eac-45b8-b49e-a07877005767" testId="df7ce0b5-bde8-4e75-3b80-90e74af87c90" testName="ExpiredCertificateIsNotHeld" computerName="marker" duration="00:00:00.0006550" startTime="2026-09-25T18:39:32.4925910+09:00" endTime="2026-09-25T18:39:32.4932460+09:00" testType="13cdc9d9-ddb5-4fa4-a97d-d965ccfc6d4b" outcome="Passed" testListId="8c84fa94-04c1-424b-9868-57a2d4851a1d" relativeResultsDirectory="d7853228-3eac-45b8-b49e-a07877005767" />
    <UnitTestResult executionId="b572d0da-f865-48b9-97e9-3512441a045b" testId="ab3cea31-173a-0dae-282c-b583e32c5c64" testName="OwnedClientDoesNotFollowRedirects" computerName="marker" duration="00:00:00.0537660" startTime="2026-09-25T18:39:32.4170740+09:00" endTime="2026-09-25T18:39:32.4708390+09:00" testType="13cdc9d9-ddb5-4fa4-a97d-d965ccfc6d4b" outcome="Passed" testListId="8c84fa94-04c1-424b-9868-57a2d4851a1d" relativeResultsDirectory="b572d0da-f865-48b9-97e9-3512441a045b" />
    <UnitTestResult executionId="5e3c41c4-6039-40fd-8414-e52d976318c2" testId="61aca1c6-095b-7891-f472-944e12228dad" testName="StateTransitionsFollowSignedI64Fixture" computerName="marker" duration="00:00:00.0132090" startTime="2026-09-25T18:39:32.4708650+09:00" endTime="2026-09-25T18:39:32.4840730+09:00" testType="13cdc9d9-ddb5-4fa4-a97d-d965ccfc6d4b" outcome="Passed" testListId="8c84fa94-04c1-424b-9868-57a2d4851a1d" relativeResultsDirectory="5e3c41c4-6039-40fd-8414-e52d976318c2" />
    <UnitTestResult executionId="13481f50-d582-41f9-9899-b79c51bdcd50" testId="54e13e60-131a-d4fc-2a0b-52a1a069e7ef" testName="EmptySecurePayloadIsNotAnError" computerName="marker" duration="00:00:00.0001570" startTime="2026-09-25T18:39:32.4975670+09:00" endTime="2026-09-25T18:39:32.4977250+09:00" testType="13cdc9d9-ddb5-4fa4-a97d-d965ccfc6d4b" outcome="Passed" testListId="8c84fa94-04c1-424b-9868-57a2d4851a1d" relativeResultsDirectory="13481f50-d582-41f9-9899-b79c51bdcd50" />
    <UnitTestResult executionId="6440b4d5-e9ca-466c-a6bc-105df18ab12b" testId="16d247a4-1d43-df52-263b-09117395c1c5" testName="UsesUrlAlphabetAndNoPadding" computerName="marker" duration="00:00:00.0001250" startTime="2026-09-25T18:39:31.5221700+09:00" endTime="2026-09-25T18:39:31.5222950+09:00" testType="13cdc9d9-ddb5-4fa4-a97d-d965ccfc6d4b" outcome="Passed" testListId="8c84fa94-04c1-424b-9868-57a2d4851a1d" relativeResultsDirectory="6440b4d5-e9ca-466c-a6bc-105df18ab12b" />
    <UnitTestResult executionId="fbd4cb34-9aa4-44a4-8816-c3b1f1d9007f" testId="16a08f0f-87ff-b6cf-a647-9ae7db02fff5" testName="DisposedManagerRejectsUse" computerName="marker" duration="00:00:00.0010090" startTime="2026-09-25T18:39:32.4914140+09:00" endTime="2026-09-25T18:39:32.4924240+09:00" testType="13cdc9d9-ddb5-4fa4-a97d-d965ccfc6d4b" outcome="Passed" testListId="8c84fa94-04c1-424b-9868-57a2d4851a1d" relativeResultsDirectory="fbd4cb34-9aa4-44a4-8816-c3b1f1d9007f" />
    <UnitTestResult executionId="5aa82412-c7bb-4937-a144-55abb45bbe5c" testId="22d6214f-6b3b-5e45-14fe-43193fec951a" testName="CertificateCidRejectsHexPrefix" computerName="marker" duration="00:00:00.0005019" startTime="2026-09-25T18:39:37.7995360+09:00" endTime="2026-09-25T18:39:37.8000370+09:00" testType="13cdc9d9-ddb5-4fa4-a97d-d965ccfc6d4b" outcome="Passed" testListId="8c84fa94-04c1-424b-9868-57a2d4851a1d" relativeResultsDirectory="5aa82412-c7bb-4937-a144-55abb45bbe5c" />
    <UnitTestResult executionId="8e1a5862-1be3-4539-bcfc-e43e90e91310" testId="88434269-8db6-51e9-503e-67c7fa242a46" testName="RejectsNonAlphabetCharacters" computerName="marker" duration="00:00:00.0001720" startTime="2026-09-25T18:39:31.5148090+09:00" endTime="2026-09-25T18:39:31.5149810+09:00" testType="13cdc9d9-ddb5-4fa4-a97d-d965ccfc6d4b" outcome="Passed" testListId="8c84fa94-04c1-424b-9868-57a2d4851a1d" relativeResultsDirectory="8e1a5862-1be3-4539-bcfc-e43e90e91310" />
    <UnitTestResult executionId="ef1d8c42-ce33-4a83-bec8-458c7951179e" testId="37303f77-d05e-472d-4f4c-4c3fb6add7da" testName="RejectsDanglingCharacter" computerName="marker" duration="00:00:00.0058030" startTime="2026-09-25T18:39:31.5083900+09:00" endTime="2026-09-25T18:39:31.5141920+09:00" testType="13cdc9d9-ddb5-4fa4-a97d-d965ccfc6d4b" outcome="Passed" testListId="8c84fa94-04c1-424b-9868-57a2d4851a1d" relativeResultsDirectory="ef1d8c42-ce33-4a83-bec8-458c7951179e" />
    <UnitTestResult executionId="9deec892-d573-43a4-afc9-0bd8d2262608" testId="85e1bcf4-ed07-acf8-bc38-0355f3c02d3f" testName="ExpiredTokenIsNotMalformed" computerName="marker" duration="00:00:00.0007100" startTime="2026-09-25T18:39:32.4986430+09:00" endTime="2026-09-25T18:39:32.4993530+09:00" testType="13cdc9d9-ddb5-4fa4-a97d-d965ccfc6d4b" outcome="Passed" testListId="8c84fa94-04c1-424b-9868-57a2d4851a1d" relativeResultsDirectory="9deec892-d573-43a4-afc9-0bd8d2262608" />
    <UnitTestResult executionId="3eed4aa0-727d-4e5b-afbf-45480dacb6a0" testId="72ee7b64-0655-3976-fc3e-913ae50da399" testName="HmacVerifyOnlyExportIsStructurallyUnsupported" computerName="marker" duration="00:00:00.0001130" startTime="2026-09-25T18:39:32.5009070+09:00" endTime="2026-09-25T18:39:32.5010200+09:00" testType="13cdc9d9-ddb5-4fa4-a97d-d965ccfc6d4b" outcome="Passed" testListId="8c84fa94-04c1-424b-9868-57a2d4851a1d" relativeResultsDirectory="3eed4aa0-727d-4e5b-afbf-45480dacb6a0" />
    <UnitTestResult executionId="7885861c-eda1-440c-8d3c-10cd0ee430ae" testId="f09b9d3f-4c8b-ac62-5a2a-0d9818691409" testName="DisposeIsIdempotent" computerName="marker" duration="00:00:00.0001120" startTime="2026-09-25T18:39:32.4924710+09:00" endTime="2026-09-25T18:39:32.4925830+09:00" testType="13cdc9d9-ddb5-4fa4-a97d-d965ccfc6d4b" outcome="Passed" testListId="8c84fa94-04c1-424b-9868-57a2d4851a1d" relativeResultsDirectory="7885861c-eda1-440c-8d3c-10cd0ee430ae" />
    <UnitTestResult executionId="ec8301cb-eec4-43ed-9049-d5f6b4c202c4" testId="03634969-201f-6793-f519-844151136bb4" testName="EmptySignatureIsSigMalformedNotMismatch" computerName="marker" duration="00:00:00.0008630" startTime="2026-09-25T18:39:32.4977650+09:00" endTime="2026-09-25T18:39:32.4986280+09:00" testType="13cdc9d9-ddb5-4fa4-a97d-d965ccfc6d4b" outcome="Passed" testListId="8c84fa94-04c1-424b-9868-57a2d4851a1d" relativeResultsDirectory="ec8301cb-eec4-43ed-9049-d5f6b4c202c4" />
    <UnitTestResult executionId="33f2e2a8-7246-40a2-b91d-07bbc5f2ccec" testId="8dadc2d1-0100-18a6-50f9-cc6a2b534be7" testName="MalformedTokenShapes" computerName="marker" duration="00:00:00.0006510" startTime="2026-09-25T18:39:32.5026110+09:00" endTime="2026-09-25T18:39:32.5032610+09:00" testType="13cdc9d9-ddb5-4fa4-a97d-d965ccfc6d4b" outcome="Passed" testListId="8c84fa94-04c1-424b-9868-57a2d4851a1d" relativeResultsDirectory="33f2e2a8-7246-40a2-b91d-07bbc5f2ccec" />
    <UnitTestResult executionId="6b67f925-ced1-46db-b5db-3416d3f8e64c" testId="bb35b566-efae-e66f-ec6d-208ef44ea990" testName="NullArgumentsAreConfigErrors" computerName="marker" duration="00:00:00.0001750" startTime="2026-09-25T18:39:32.5033940+09:00" endTime="2026-09-25T18:39:32.5035690+09:00" testType="13cdc9d9-ddb5-4fa4-a97d-d965ccfc6d4b" outcome="Passed" testListId="8c84fa94-04c1-424b-9868-57a2d4851a1d" relativeResultsDirectory="6b67f925-ced1-46db-b5db-3416d3f8e64c" />
    <UnitTestResult executionId="f20789c6-6146-45d2-9f35-c9a778fc1a2b" testId="1157b0df-116d-b483-b6e4-4b261c94f634" testName="UnknownCidIsCertNotFound" computerName="marker" duration="00:00:00.0011120" startTime="2026-09-25T18:39:32.5057480+09:00" endTime="2026-09-25T18:39:32.5068600+09:00" testType="13cdc9d9-ddb5-4fa4-a97d-d965ccfc6d4b" outcome="Passed" testListId="8c84fa94-04c1-424b-9868-57a2d4851a1d" relativeResultsDirectory="f20789c6-6146-45d2-9f35-c9a778fc1a2b" />
    <UnitTestResult executionId="a1c4352c-1469-4233-99a5-1259d580dbd7" testId="f1bb189c-5adc-774c-9cba-016faf6f558f" testName="Test" computerName="marker" duration="00:00:00.0001810" startTime="2026-09-25T18:39:31.5239320+09:00" endTime="2026-09-25T18:39:31.5241130+09:00" testType="13cdc9d9-ddb5-4fa4-a97d-d965ccfc6d4b" outcome="NotExecuted" testListId="8c84fa94-04c1-424b-9868-57a2d4851a1d" relativeResultsDirectory="a1c4352c-1469-4233-99a5-1259d580dbd7" />
    <UnitTestResult executionId="d8911455-2c5e-4cce-83a4-c8f74df493a4" testId="8400e53c-3dd0-5ccc-b8df-848fa72e4a8c" testName="RetryClassification" computerName="marker" duration="00:00:00.0001320" startTime="2026-09-25T18:39:32.5035920+09:00" endTime="2026-09-25T18:39:32.5037240+09:00" testType="13cdc9d9-ddb5-4fa4-a97d-d965ccfc6d4b" outcome="Passed" testListId="8c84fa94-04c1-424b-9868-57a2d4851a1d" relativeResultsDirectory="d8911455-2c5e-4cce-83a4-c8f74df493a4" />
    <UnitTestResult executionId="a68ad8f4-3ab4-4ade-b261-a042755b404f" testId="dbe92744-85ec-4752-9213-4cdb91f22a65" testName="IssuanceWindowClosedIsPermanent" computerName="marker" duration="00:00:00.0005770" startTime="2026-09-25T18:39:32.5010330+09:00" endTime="2026-09-25T18:39:32.5016090+09:00" testType="13cdc9d9-ddb5-4fa4-a97d-d965ccfc6d4b" outcome="Passed" testListId="8c84fa94-04c1-424b-9868-57a2d4851a1d" relativeResultsDirectory="a68ad8f4-3ab4-4ade-b261-a042755b404f" />
    <UnitTestResult executionId="94257d2d-442f-4d02-b151-9960e3ee6ea8" testId="55bf126b-33b4-23f2-810c-e00050888631" testName="DatExpireRejectsNegative" computerName="marker" duration="00:00:00.0004420" startTime="2026-09-25T18:39:37.8025640+09:00" endTime="2026-09-25T18:39:37.8030060+09:00" testType="13cdc9d9-ddb5-4fa4-a97d-d965ccfc6d4b" outcome="Passed" testListId="8c84fa94-04c1-424b-9868-57a2d4851a1d" relativeResultsDirectory="94257d2d-442f-4d02-b151-9960e3ee6ea8" />
    <UnitTestResult executionId="3aa3cd3b-8ac2-410b-a78b-86f2cc4e4ed3" testId="3e98b29d-e2df-7f3b-9c48-72793f5aecc7" testName="TamperedSecureIsCryptoTagMismatch" computerName="marker" duration="00:00:00.0008160" startTime="2026-09-25T18:39:32.5043300+09:00" endTime="2026-09-25T18:39:32.5051460+09:00" testType="13cdc9d9-ddb5-4fa4-a97d-d965ccfc6d4b" outcome="Passed" testListId="8c84fa94-04c1-424b-9868-57a2d4851a1d" relativeResultsDirectory="3aa3cd3b-8ac2-410b-a78b-86f2cc4e4ed3" />
    <UnitTestResult executionId="35eeed57-ce06-471d-87ec-9302977f8e92" testId="f2e67cd3-72a0-6c85-86a1-a0766be53552" testName="EmptyMapsToEmpty" computerName="marker" duration="00:00:00.0023690" startTime="2026-09-25T18:39:31.5048570+09:00" endTime="2026-09-25T18:39:31.5072060+09:00" testType="13cdc9d9-ddb5-4fa4-a97d-d965ccfc6d4b" outcome="Passed" testListId="8c84fa94-04c1-424b-9868-57a2d4851a1d" relativeResultsDirectory="35eeed57-ce06-471d-87ec-9302977f8e92" />
    <UnitTestResult executionId="1b129e2d-9ce8-42c2-b0bd-9731ddec7856" testId="352f53c5-5ef4-21ad-0680-2c41b4ed3414" testName="CodesAreWellFormed" computerName="marker" duration="00:00:00.0006190" startTime="2026-09-25T18:39:32.4956260+09:00" endTime="2026-09-25T18:39:32.4962440+09:00" testType="13cdc9d9-ddb5-4fa4-a97d-d965ccfc6d4b" outcome="Passed" testListId="8c84fa94-04c1-424b-9868-57a2d4851a1d" relativeResultsDirectory="1b129e2d-9ce8-42c2-b0bd-9731ddec7856" />
  </Results>
  <TestDefinitions>
    <UnitTest name="Test" storage="/users/marker/rustroverprojects/dat/dat-nuget/saro.dat.tests/bin/debug/net10.0/saro.dat.tests.dll" id="6a14054d-9c29-4408-f503-7d6b0d53908a">
      <Execution id="fefc8bb7-31ed-4bd6-8131-7cf5f6e5fb9e" />
      <TestMethod codeBase="/Users/marker/RustroverProjects/dat/dat-nuget/Saro.Dat.Tests/bin/Debug/net10.0/Saro.Dat.Tests.dll" adapterTypeName="executor://nunit3testexecutor/" className="Saro.Dat.Tests.SignatureTest" name="Test" />
    </UnitTest>
    <UnitTest name="EmptySignatureIsSigMalformedNotMismatch" storage="/users/marker/rustroverprojects/dat/dat-nuget/saro.dat.tests/bin/debug/net10.0/saro.dat.tests.dll" id="03634969-201f-6793-f519-844151136bb4">
      <Execution id="ec8301cb-eec4-43ed-9049-d5f6b4c202c4" />
      <TestMethod codeBase="/Users/marker/RustroverProjects/dat/dat-nuget/Saro.Dat.Tests/bin/Debug/net10.0/Saro.Dat.Tests.dll" adapterTypeName="executor://nunit3testexecutor/" className="Saro.Dat.Tests.ErrorCodeTest" name="EmptySignatureIsSigMalformedNotMismatch" />
    </UnitTest>
    <UnitTest name="UnknownAlgorithmInCertificateIsNotFolded" storage="/users/marker/rustroverprojects/dat/dat-nuget/saro.dat.tests/bin/debug/net10.0/saro.dat.tests.dll" id="fbe06edf-7dbd-b202-9711-1ec8b9b1f14a">
      <Execution id="c10d91eb-fcdb-4b35-a34e-54eeebbca386" />
      <TestMethod codeBase="/Users/marker/RustroverProjects/dat/dat-nuget/Saro.Dat.Tests/bin/Debug/net10.0/Saro.Dat.Tests.dll" adapterTypeName="executor://nunit3testexecutor/" className="Saro.Dat.Tests.ErrorCodeTest" name="UnknownAlgorithmInCertificateIsNotFolded" />
    </UnitTest>
    <UnitTest name="DisposedManagerRejectsUse" storage="/users/marker/rustroverprojects/dat/dat-nuget/saro.dat.tests/bin/debug/net10.0/saro.dat.tests.dll" id="16a08f0f-87ff-b6cf-a647-9ae7db02fff5">
      <Execution id="fbd4cb34-9aa4-44a4-8816-c3b1f1d9007f" />
      <TestMethod codeBase="/Users/marker/RustroverProjects/dat/dat-nuget/Saro.Dat.Tests/bin/Debug/net10.0/Saro.Dat.Tests.dll" adapterTypeName="executor://nunit3testexecutor/" className="Saro.Dat.Tests.DisposeTest" name="DisposedManagerRejectsUse" />
    </UnitTest>
    <UnitTest name="CiphertextShorterThanIv" storage="/users/marker/rustroverprojects/dat/dat-nuget/saro.dat.tests/bin/debug/net10.0/saro.dat.tests.dll" id="ac04351f-531c-5212-7667-08c7bf99164c">
      <Execution id="238861b9-b805-467c-b381-af8e66e20fb7" />
      <TestMethod codeBase="/Users/marker/RustroverProjects/dat/dat-nuget/Saro.Dat.Tests/bin/Debug/net10.0/Saro.Dat.Tests.dll" adapterTypeName="executor://nunit3testexecutor/" className="Saro.Dat.Tests.ErrorCodeTest" name="CiphertextShorterThanIv" />
    </UnitTest>
    <UnitTest name="Test" storage="/users/marker/rustroverprojects/dat/dat-nuget/saro.dat.tests/bin/debug/net10.0/saro.dat.tests.dll" id="f1bb189c-5adc-774c-9cba-016faf6f558f">
      <Execution id="a1c4352c-1469-4233-99a5-1259d580dbd7" />
      <TestMethod codeBase="/Users/marker/RustroverProjects/dat/dat-nuget/Saro.Dat.Tests/bin/Debug/net10.0/Saro.Dat.Tests.dll" adapterTypeName="executor://nunit3testexecutor/" className="Saro.Dat.Tests.BenchTest" name="Test" />
    </UnitTest>
    <UnitTest name="DisposeIsIdempotent" storage="/users/marker/rustroverprojects/dat/dat-nuget/saro.dat.tests/bin/debug/net10.0/saro.dat.tests.dll" id="f09b9d3f-4c8b-ac62-5a2a-0d9818691409">
      <Execution id="7885861c-eda1-440c-8d3c-10cd0ee430ae" />
      <TestMethod codeBase="/Users/marker/RustroverProjects/dat/dat-nuget/Saro.Dat.Tests/bin/Debug/net10.0/Saro.Dat.Tests.dll" adapterTypeName="executor://nunit3testexecutor/" className="Saro.Dat.Tests.DisposeTest" name="DisposeIsIdempotent" />
    </UnitTest>
    <UnitTest name="HmacVerifyOnlyExportIsStructurallyUnsupported" storage="/users/marker/rustroverprojects/dat/dat-nuget/saro.dat.tests/bin/debug/net10.0/saro.dat.tests.dll" id="72ee7b64-0655-3976-fc3e-913ae50da399">
      <Execution id="3eed4aa0-727d-4e5b-afbf-45480dacb6a0" />
      <TestMethod codeBase="/Users/marker/RustroverProjects/dat/dat-nuget/Saro.Dat.Tests/bin/Debug/net10.0/Saro.Dat.Tests.dll" adapterTypeName="executor://nunit3testexecutor/" className="Saro.Dat.Tests.ErrorCodeTest" name="HmacVerifyOnlyExportIsStructurallyUnsupported" />
    </UnitTest>
    <UnitTest name="RejectsNonAlphabetCharacters" storage="/users/marker/rustroverprojects/dat/dat-nuget/saro.dat.tests/bin/debug/net10.0/saro.dat.tests.dll" id="88434269-8db6-51e9-503e-67c7fa242a46">
      <Execution id="8e1a5862-1be3-4539-bcfc-e43e90e91310" />
      <TestMethod codeBase="/Users/marker/RustroverProjects/dat/dat-nuget/Saro.Dat.Tests/bin/Debug/net10.0/Saro.Dat.Tests.dll" adapterTypeName="executor://nunit3testexecutor/" className="Saro.Dat.Tests.Base64UrlTest" name="RejectsNonAlphabetCharacters" />
    </UnitTest>
    <UnitTest name="SigningWithVerifyOnlyKeyIsKeyMissing" storage="/users/marker/rustroverprojects/dat/dat-nuget/saro.dat.tests/bin/debug/net10.0/saro.dat.tests.dll" id="5c8f4f85-6d40-9a73-184c-df875b6720df">
      <Execution id="4b764048-4f2b-44dc-acb4-0522960e0eec" />
      <TestMethod codeBase="/Users/marker/RustroverProjects/dat/dat-nuget/Saro.Dat.Tests/bin/Debug/net10.0/Saro.Dat.Tests.dll" adapterTypeName="executor://nunit3testexecutor/" className="Saro.Dat.Tests.ErrorCodeTest" name="SigningWithVerifyOnlyKeyIsKeyMissing" />
    </UnitTest>
    <UnitTest name="IssuanceWindowNotYetOpenIsTransient" storage="/users/marker/rustroverprojects/dat/dat-nuget/saro.dat.tests/bin/debug/net10.0/saro.dat.tests.dll" id="01c74d41-7dee-ef63-464f-60f46d5b2f03">
      <Execution id="778455db-6d3f-40a5-ae4e-fc739cdd30f0" />
      <TestMethod codeBase="/Users/marker/RustroverProjects/dat/dat-nuget/Saro.Dat.Tests/bin/Debug/net10.0/Saro.Dat.Tests.dll" adapterTypeName="executor://nunit3testexecutor/" className="Saro.Dat.Tests.ErrorCodeTest" name="IssuanceWindowNotYetOpenIsTransient" />
    </UnitTest>
    <UnitTest name="OwnedClientDoesNotFollowRedirects" storage="/users/marker/rustroverprojects/dat/dat-nuget/saro.dat.tests/bin/debug/net10.0/saro.dat.tests.dll" id="ab3cea31-173a-0dae-282c-b583e32c5c64">
      <Execution id="b572d0da-f865-48b9-97e9-3512441a045b" />
      <TestMethod codeBase="/Users/marker/RustroverProjects/dat/dat-nuget/Saro.Dat.Tests/bin/Debug/net10.0/Saro.Dat.Tests.dll" adapterTypeName="executor://nunit3testexecutor/" className="Saro.Dat.Tests.CmsFixtureTest" name="OwnedClientDoesNotFollowRedirects" />
    </UnitTest>
    <UnitTest name="TestIssueAndParse" storage="/users/marker/rustroverprojects/dat/dat-nuget/saro.dat.tests/bin/debug/net10.0/saro.dat.tests.dll" id="91dba208-77a7-0f93-c64e-e9d6e4f3aacf">
      <Execution id="686e0830-dac8-490b-a87b-a54e02d71174" />
      <TestMethod codeBase="/Users/marker/RustroverProjects/dat/dat-nuget/Saro.Dat.Tests/bin/Debug/net10.0/Saro.Dat.Tests.dll" adapterTypeName="executor://nunit3testexecutor/" className="Saro.Dat.Tests.ExampleTest" name="TestIssueAndParse" />
    </UnitTest>
    <UnitTest name="IssuanceWindowClosedIsPermanent" storage="/users/marker/rustroverprojects/dat/dat-nuget/saro.dat.tests/bin/debug/net10.0/saro.dat.tests.dll" id="dbe92744-85ec-4752-9213-4cdb91f22a65">
      <Execution id="a68ad8f4-3ab4-4ade-b261-a042755b404f" />
      <TestMethod codeBase="/Users/marker/RustroverProjects/dat/dat-nuget/Saro.Dat.Tests/bin/Debug/net10.0/Saro.Dat.Tests.dll" adapterTypeName="executor://nunit3testexecutor/" className="Saro.Dat.Tests.ErrorCodeTest" name="IssuanceWindowClosedIsPermanent" />
    </UnitTest>
    <UnitTest name="TamperedSecureIsCryptoTagMismatch" storage="/users/marker/rustroverprojects/dat/dat-nuget/saro.dat.tests/bin/debug/net10.0/saro.dat.tests.dll" id="3e98b29d-e2df-7f3b-9c48-72793f5aecc7">
      <Execution id="3aa3cd3b-8ac2-410b-a78b-86f2cc4e4ed3" />
      <TestMethod codeBase="/Users/marker/RustroverProjects/dat/dat-nuget/Saro.Dat.Tests/bin/Debug/net10.0/Saro.Dat.Tests.dll" adapterTypeName="executor://nunit3testexecutor/" className="Saro.Dat.Tests.ErrorCodeTest" name="TamperedSecureIsCryptoTagMismatch" />
    </UnitTest>
    <UnitTest name="NullArgumentsAreConfigErrors" storage="/users/marker/rustroverprojects/dat/dat-nuget/saro.dat.tests/bin/debug/net10.0/saro.dat.tests.dll" id="bb35b566-efae-e66f-ec6d-208ef44ea990">
      <Execution id="6b67f925-ced1-46db-b5db-3416d3f8e64c" />
      <TestMethod codeBase="/Users/marker/RustroverProjects/dat/dat-nuget/Saro.Dat.Tests/bin/Debug/net10.0/Saro.Dat.Tests.dll" adapterTypeName="executor://nunit3testexecutor/" className="Saro.Dat.Tests.ErrorCodeTest" name="NullArgumentsAreConfigErrors" />
    </UnitTest>
    <UnitTest name="Test" storage="/users/marker/rustroverprojects/dat/dat-nuget/saro.dat.tests/bin/debug/net10.0/saro.dat.tests.dll" id="dacf0fdd-8665-c676-817d-ef5539911af5">
      <Execution id="37a9dbeb-212f-4b1c-ace5-943e65a455d3" />
      <TestMethod codeBase="/Users/marker/RustroverProjects/dat/dat-nuget/Saro.Dat.Tests/bin/Debug/net10.0/Saro.Dat.Tests.dll" adapterTypeName="executor://nunit3testexecutor/" className="Saro.Dat.Tests.CertificateTest" name="Test" />
    </UnitTest>
    <UnitTest name="ForgedSignatureIsSigMismatch" storage="/users/marker/rustroverprojects/dat/dat-nuget/saro.dat.tests/bin/debug/net10.0/saro.dat.tests.dll" id="6f588d9b-043f-8a3c-0fe4-0f12cb6e7f56">
      <Execution id="855ac4d8-2e12-4a9f-890a-0415c320d7d6" />
      <TestMethod codeBase="/Users/marker/RustroverProjects/dat/dat-nuget/Saro.Dat.Tests/bin/Debug/net10.0/Saro.Dat.Tests.dll" adapterTypeName="executor://nunit3testexecutor/" className="Saro.Dat.Tests.ErrorCodeTest" name="ForgedSignatureIsSigMismatch" />
    </UnitTest>
    <UnitTest name="CauseChainIsPreserved" storage="/users/marker/rustroverprojects/dat/dat-nuget/saro.dat.tests/bin/debug/net10.0/saro.dat.tests.dll" id="23bd3ab4-1e49-8cd1-ce51-26700e30fe42">
      <Execution id="e63950b4-2bf4-4965-a511-3ac5e2880d4a" />
      <TestMethod codeBase="/Users/marker/RustroverProjects/dat/dat-nuget/Saro.Dat.Tests/bin/Debug/net10.0/Saro.Dat.Tests.dll" adapterTypeName="executor://nunit3testexecutor/" className="Saro.Dat.Tests.ErrorCodeTest" name="CauseChainIsPreserved" />
    </UnitTest>
    <UnitTest name="DisposedCertificateRejectsSigning" storage="/users/marker/rustroverprojects/dat/dat-nuget/saro.dat.tests/bin/debug/net10.0/saro.dat.tests.dll" id="5102d152-85d4-6af7-55d1-3ed07eb5ee2e">
      <Execution id="879f1825-9fed-4aa6-a057-3c0094d526f8" />
      <TestMethod codeBase="/Users/marker/RustroverProjects/dat/dat-nuget/Saro.Dat.Tests/bin/Debug/net10.0/Saro.Dat.Tests.dll" adapterTypeName="executor://nunit3testexecutor/" className="Saro.Dat.Tests.DisposeTest" name="DisposedCertificateRejectsSigning" />
    </UnitTest>
    <UnitTest name="RejectsDanglingCharacter" storage="/users/marker/rustroverprojects/dat/dat-nuget/saro.dat.tests/bin/debug/net10.0/saro.dat.tests.dll" id="37303f77-d05e-472d-4f4c-4c3fb6add7da">
      <Execution id="ef1d8c42-ce33-4a83-bec8-458c7951179e" />
      <TestMethod codeBase="/Users/marker/RustroverProjects/dat/dat-nuget/Saro.Dat.Tests/bin/Debug/net10.0/Saro.Dat.Tests.dll" adapterTypeName="executor://nunit3testexecutor/" className="Saro.Dat.Tests.Base64UrlTest" name="RejectsDanglingCharacter" />
    </UnitTest>
    <UnitTest name="DisposeAsyncCancelsAnInFlightSync" storage="/users/marker/rustroverprojects/dat/dat-nuget/saro.dat.tests/bin/debug/net10.0/saro.dat.tests.dll" id="43b95ba6-1d43-b563-768b-cc2cf780e7f1">
      <Execution id="a1022843-1262-4d93-8bfe-3b4235d0d271" />
      <TestMethod codeBase="/Users/marker/RustroverProjects/dat/dat-nuget/Saro.Dat.Tests/bin/Debug/net10.0/Saro.Dat.Tests.dll" adapterTypeName="executor://nunit3testexecutor/" className="Saro.Dat.Tests.CmsFixtureTest" name="DisposeAsyncCancelsAnInFlightSync" />
    </UnitTest>
    <UnitTest name="StateTransitionsFollowSignedI64Fixture" storage="/users/marker/rustroverprojects/dat/dat-nuget/saro.dat.tests/bin/debug/net10.0/saro.dat.tests.dll" id="61aca1c6-095b-7891-f472-944e12228dad">
      <Execution id="5e3c41c4-6039-40fd-8414-e52d976318c2" />
      <TestMethod codeBase="/Users/marker/RustroverProjects/dat/dat-nuget/Saro.Dat.Tests/bin/Debug/net10.0/Saro.Dat.Tests.dll" adapterTypeName="executor://nunit3testexecutor/" className="Saro.Dat.Tests.CmsFixtureTest" name="StateTransitionsFollowSignedI64Fixture" />
    </UnitTest>
    <UnitTest name="UseDatCms" storage="/users/marker/rustroverprojects/dat/dat-nuget/saro.dat.tests/bin/debug/net10.0/saro.dat.tests.dll" id="10cc51f2-0a98-302c-b755-344d9859e35c">
      <Execution id="cdd868db-fa0a-47ae-b8e0-6609eaf6df68" />
      <TestMethod codeBase="/Users/marker/RustroverProjects/dat/dat-nuget/Saro.Dat.Tests/bin/Debug/net10.0/Saro.Dat.Tests.dll" adapterTypeName="executor://nunit3testexecutor/" className="Saro.Dat.Tests.ExampleCmsManagerTest" name="UseDatCms" />
    </UnitTest>
    <UnitTest name="EmptySecurePayloadIsNotAnError" storage="/users/marker/rustroverprojects/dat/dat-nuget/saro.dat.tests/bin/debug/net10.0/saro.dat.tests.dll" id="54e13e60-131a-d4fc-2a0b-52a1a069e7ef">
      <Execution id="13481f50-d582-41f9-9899-b79c51bdcd50" />
      <TestMethod codeBase="/Users/marker/RustroverProjects/dat/dat-nuget/Saro.Dat.Tests/bin/Debug/net10.0/Saro.Dat.Tests.dll" adapterTypeName="executor://nunit3testexecutor/" className="Saro.Dat.Tests.ErrorCodeTest" name="EmptySecurePayloadIsNotAnError" />
    </UnitTest>
    <UnitTest name="ImportCopiesSoTheCallerKeepsOwnership" storage="/users/marker/rustroverprojects/dat/dat-nuget/saro.dat.tests/bin/debug/net10.0/saro.dat.tests.dll" id="e4bf563b-dbd1-8324-f2ef-29d781dedb8d">
      <Execution id="0f9c8274-757e-4d00-a9fb-dbee8972b22c" />
      <TestMethod codeBase="/Users/marker/RustroverProjects/dat/dat-nuget/Saro.Dat.Tests/bin/Debug/net10.0/Saro.Dat.Tests.dll" adapterTypeName="executor://nunit3testexecutor/" className="Saro.Dat.Tests.DisposeTest" name="ImportCopiesSoTheCallerKeepsOwnership" />
    </UnitTest>
    <UnitTest name="NoCertificateAtAll" storage="/users/marker/rustroverprojects/dat/dat-nuget/saro.dat.tests/bin/debug/net10.0/saro.dat.tests.dll" id="d6a65219-596c-10f3-7e42-0b77d963431f">
      <Execution id="0179b740-62a1-4143-bace-604de1d00352" />
      <TestMethod codeBase="/Users/marker/RustroverProjects/dat/dat-nuget/Saro.Dat.Tests/bin/Debug/net10.0/Saro.Dat.Tests.dll" adapterTypeName="executor://nunit3testexecutor/" className="Saro.Dat.Tests.ErrorCodeTest" name="NoCertificateAtAll" />
    </UnitTest>
    <UnitTest name="CertificateFieldsRejectNonDigits(1,&quot;+100&quot;)" storage="/users/marker/rustroverprojects/dat/dat-nuget/saro.dat.tests/bin/debug/net10.0/saro.dat.tests.dll" id="221b484c-ef29-c236-5ac7-cd5aa3f6571a">
      <Execution id="c1527c33-28d5-4d52-ac21-d8b8fbe1ad4b" />
      <TestMethod codeBase="/Users/marker/RustroverProjects/dat/dat-nuget/Saro.Dat.Tests/bin/Debug/net10.0/Saro.Dat.Tests.dll" adapterTypeName="executor://nunit3testexecutor/" className="Saro.Dat.Tests.StrictParseTest" name="CertificateFieldsRejectNonDigits(1,&quot;+100&quot;)" />
    </UnitTest>
    <UnitTest name="RepeatedImportKeepsOneCertificatePerCid" storage="/users/marker/rustroverprojects/dat/dat-nuget/saro.dat.tests/bin/debug/net10.0/saro.dat.tests.dll" id="568765ff-0231-4a29-4b60-175e84eab41c">
      <Execution id="8a0b28ff-cf72-4d72-bd9f-650169318b4c" />
      <TestMethod codeBase="/Users/marker/RustroverProjects/dat/dat-nuget/Saro.Dat.Tests/bin/Debug/net10.0/Saro.Dat.Tests.dll" adapterTypeName="executor://nunit3testexecutor/" className="Saro.Dat.Tests.DisposeTest" name="RepeatedImportKeepsOneCertificatePerCid" />
    </UnitTest>
    <UnitTest name="EmptyMapsToEmpty" storage="/users/marker/rustroverprojects/dat/dat-nuget/saro.dat.tests/bin/debug/net10.0/saro.dat.tests.dll" id="f2e67cd3-72a0-6c85-86a1-a0766be53552">
      <Execution id="35eeed57-ce06-471d-87ec-9302977f8e92" />
      <TestMethod codeBase="/Users/marker/RustroverProjects/dat/dat-nuget/Saro.Dat.Tests/bin/Debug/net10.0/Saro.Dat.Tests.dll" adapterTypeName="executor://nunit3testexecutor/" className="Saro.Dat.Tests.Base64UrlTest" name="EmptyMapsToEmpty" />
    </UnitTest>
    <UnitTest name="CodesAreWellFormed" storage="/users/marker/rustroverprojects/dat/dat-nuget/saro.dat.tests/bin/debug/net10.0/saro.dat.tests.dll" id="352f53c5-5ef4-21ad-0680-2c41b4ed3414">
      <Execution id="1b129e2d-9ce8-42c2-b0bd-9731ddec7856" />
      <TestMethod codeBase="/Users/marker/RustroverProjects/dat/dat-nuget/Saro.Dat.Tests/bin/Debug/net10.0/Saro.Dat.Tests.dll" adapterTypeName="executor://nunit3testexecutor/" className="Saro.Dat.Tests.ErrorCodeTest" name="CodesAreWellFormed" />
    </UnitTest>
    <UnitTest name="RoundTripsEveryLength" storage="/users/marker/rustroverprojects/dat/dat-nuget/saro.dat.tests/bin/debug/net10.0/saro.dat.tests.dll" id="9bb8ebb0-895e-3e0e-bebe-03ed5de842ec">
      <Execution id="7f42e21b-5382-4eda-aa81-e150c73d9219" />
      <TestMethod codeBase="/Users/marker/RustroverProjects/dat/dat-nuget/Saro.Dat.Tests/bin/Debug/net10.0/Saro.Dat.Tests.dll" adapterTypeName="executor://nunit3testexecutor/" className="Saro.Dat.Tests.Base64UrlTest" name="RoundTripsEveryLength" />
    </UnitTest>
    <UnitTest name="WrongKeySizeIsKeyInvalid" storage="/users/marker/rustroverprojects/dat/dat-nuget/saro.dat.tests/bin/debug/net10.0/saro.dat.tests.dll" id="a8f8d0d7-6018-ab06-59e8-a60ad6c04cb5">
      <Execution id="51ec1ac5-b5f5-4e5d-aba5-b2815ae850e2" />
      <TestMethod codeBase="/Users/marker/RustroverProjects/dat/dat-nuget/Saro.Dat.Tests/bin/Debug/net10.0/Saro.Dat.Tests.dll" adapterTypeName="executor://nunit3testexecutor/" className="Saro.Dat.Tests.ErrorCodeTest" name="WrongKeySizeIsKeyInvalid" />
    </UnitTest>
    <UnitTest name="ExpiredCertificateIsNotHeld" storage="/users/marker/rustroverprojects/dat/dat-nuget/saro.dat.tests/bin/debug/net10.0/saro.dat.tests.dll" id="df7ce0b5-bde8-4e75-3b80-90e74af87c90">
      <Execution id="d7853228-3eac-45b8-b49e-a07877005767" />
      <TestMethod codeBase="/Users/marker/RustroverProjects/dat/dat-nuget/Saro.Dat.Tests/bin/Debug/net10.0/Saro.Dat.Tests.dll" adapterTypeName="executor://nunit3testexecutor/" className="Saro.Dat.Tests.DisposeTest" name="ExpiredCertificateIsNotHeld" />
    </UnitTest>
    <UnitTest name="DatExpireRejectsNegative" storage="/users/marker/rustroverprojects/dat/dat-nuget/saro.dat.tests/bin/debug/net10.0/saro.dat.tests.dll" id="55bf126b-33b4-23f2-810c-e00050888631">
      <Execution id="94257d2d-442f-4d02-b151-9960e3ee6ea8" />
      <TestMethod codeBase="/Users/marker/RustroverProjects/dat/dat-nuget/Saro.Dat.Tests/bin/Debug/net10.0/Saro.Dat.Tests.dll" adapterTypeName="executor://nunit3testexecutor/" className="Saro.Dat.Tests.StrictParseTest" name="DatExpireRejectsNegative" />
    </UnitTest>
    <UnitTest name="DuplicateCidOnImport" storage="/users/marker/rustroverprojects/dat/dat-nuget/saro.dat.tests/bin/debug/net10.0/saro.dat.tests.dll" id="cba78a58-ac4e-d30a-b128-c61589ca0f20">
      <Execution id="40b64b4f-94e9-4b7e-b45f-d272ac60fa3d" />
      <TestMethod codeBase="/Users/marker/RustroverProjects/dat/dat-nuget/Saro.Dat.Tests/bin/Debug/net10.0/Saro.Dat.Tests.dll" adapterTypeName="executor://nunit3testexecutor/" className="Saro.Dat.Tests.ErrorCodeTest" name="DuplicateCidOnImport" />
    </UnitTest>
    <UnitTest name="Test" storage="/users/marker/rustroverprojects/dat/dat-nuget/saro.dat.tests/bin/debug/net10.0/saro.dat.tests.dll" id="feb5c990-b230-9519-b590-91553f969e40">
      <Execution id="265ab4e0-c269-49a8-8c5d-3a98981a89d8" />
      <TestMethod codeBase="/Users/marker/RustroverProjects/dat/dat-nuget/Saro.Dat.Tests/bin/Debug/net10.0/Saro.Dat.Tests.dll" adapterTypeName="executor://nunit3testexecutor/" className="Saro.Dat.Tests.CryptoTest" name="Test" />
    </UnitTest>
    <UnitTest name="DatExpireRejectsNonDigits(&quot; &quot;)" storage="/users/marker/rustroverprojects/dat/dat-nuget/saro.dat.tests/bin/debug/net10.0/saro.dat.tests.dll" id="e6a7a97c-8d89-53cc-d69c-fd34a64214b8">
      <Execution id="ced35511-1e0e-4f32-9953-bb8457514722" />
      <TestMethod codeBase="/Users/marker/RustroverProjects/dat/dat-nuget/Saro.Dat.Tests/bin/Debug/net10.0/Saro.Dat.Tests.dll" adapterTypeName="executor://nunit3testexecutor/" className="Saro.Dat.Tests.StrictParseTest" name="DatExpireRejectsNonDigits(&quot; &quot;)" />
    </UnitTest>
    <UnitTest name="ParseRustVectors" storage="/users/marker/rustroverprojects/dat/dat-nuget/saro.dat.tests/bin/debug/net10.0/saro.dat.tests.dll" id="246e21b9-07aa-327b-a67a-7f5b81bc62a6">
      <Execution id="af97aff6-94e3-465c-b654-8e26e882ba15" />
      <TestMethod codeBase="/Users/marker/RustroverProjects/dat/dat-nuget/Saro.Dat.Tests/bin/Debug/net10.0/Saro.Dat.Tests.dll" adapterTypeName="executor://nunit3testexecutor/" className="Saro.Dat.Tests.InteropVectorTest" name="ParseRustVectors" />
    </UnitTest>
    <UnitTest name="CertificateFieldsRejectNonDigits(2,&quot;-1&quot;)" storage="/users/marker/rustroverprojects/dat/dat-nuget/saro.dat.tests/bin/debug/net10.0/saro.dat.tests.dll" id="bf674185-57f5-8fe5-6a0d-dc9ee66c835d">
      <Execution id="b28e9c52-2760-4d54-8e78-80fa9225ee0e" />
      <TestMethod codeBase="/Users/marker/RustroverProjects/dat/dat-nuget/Saro.Dat.Tests/bin/Debug/net10.0/Saro.Dat.Tests.dll" adapterTypeName="executor://nunit3testexecutor/" className="Saro.Dat.Tests.StrictParseTest" name="CertificateFieldsRejectNonDigits(2,&quot;-1&quot;)" />
    </UnitTest>
    <UnitTest name="CertificateRoundTripsUnmutated" storage="/users/marker/rustroverprojects/dat/dat-nuget/saro.dat.tests/bin/debug/net10.0/saro.dat.tests.dll" id="56e42a7a-4682-b023-ce63-df6391ff7cc2">
      <Execution id="e948a2e1-e3c3-4c58-8d97-e782acdb8ee5" />
      <TestMethod codeBase="/Users/marker/RustroverProjects/dat/dat-nuget/Saro.Dat.Tests/bin/Debug/net10.0/Saro.Dat.Tests.dll" adapterTypeName="executor://nunit3testexecutor/" className="Saro.Dat.Tests.StrictParseTest" name="CertificateRoundTripsUnmutated" />
    </UnitTest>
    <UnitTest name="DatStillParsesUnmutated" storage="/users/marker/rustroverprojects/dat/dat-nuget/saro.dat.tests/bin/debug/net10.0/saro.dat.tests.dll" id="4a7a01fe-0aa8-2bef-2fba-c5bb66a6bbb7">
      <Execution id="3ae8a01a-d8f8-4fac-9c81-c746b3a0f08d" />
      <TestMethod codeBase="/Users/marker/RustroverProjects/dat/dat-nuget/Saro.Dat.Tests/bin/Debug/net10.0/Saro.Dat.Tests.dll" adapterTypeName="executor://nunit3testexecutor/" className="Saro.Dat.Tests.StrictParseTest" name="DatStillParsesUnmutated" />
    </UnitTest>
    <UnitTest name="UnknownAlgorithmNames" storage="/users/marker/rustroverprojects/dat/dat-nuget/saro.dat.tests/bin/debug/net10.0/saro.dat.tests.dll" id="ee16fdfb-6f45-f276-a50d-4700c66b4b4f">
      <Execution id="79447339-2321-4804-bc32-4745b1b41062" />
      <TestMethod codeBase="/Users/marker/RustroverProjects/dat/dat-nuget/Saro.Dat.Tests/bin/Debug/net10.0/Saro.Dat.Tests.dll" adapterTypeName="executor://nunit3testexecutor/" className="Saro.Dat.Tests.ErrorCodeTest" name="UnknownAlgorithmNames" />
    </UnitTest>
    <UnitTest name="MalformedTokenShapes" storage="/users/marker/rustroverprojects/dat/dat-nuget/saro.dat.tests/bin/debug/net10.0/saro.dat.tests.dll" id="8dadc2d1-0100-18a6-50f9-cc6a2b534be7">
      <Execution id="33f2e2a8-7246-40a2-b91d-07bbc5f2ccec" />
      <TestMethod codeBase="/Users/marker/RustroverProjects/dat/dat-nuget/Saro.Dat.Tests/bin/Debug/net10.0/Saro.Dat.Tests.dll" adapterTypeName="executor://nunit3testexecutor/" className="Saro.Dat.Tests.ErrorCodeTest" name="MalformedTokenShapes" />
    </UnitTest>
    <UnitTest name="DatCidRejectsHexPrefix" storage="/users/marker/rustroverprojects/dat/dat-nuget/saro.dat.tests/bin/debug/net10.0/saro.dat.tests.dll" id="6b701ebb-f2df-2d03-c31c-28c9682070bb">
      <Execution id="be4d21eb-3296-453a-81c9-fede6c45b6d5" />
      <TestMethod codeBase="/Users/marker/RustroverProjects/dat/dat-nuget/Saro.Dat.Tests/bin/Debug/net10.0/Saro.Dat.Tests.dll" adapterTypeName="executor://nunit3testexecutor/" className="Saro.Dat.Tests.StrictParseTest" name="DatCidRejectsHexPrefix" />
    </UnitTest>
    <UnitTest name="MalformedCertificateShapes" storage="/users/marker/rustroverprojects/dat/dat-nuget/saro.dat.tests/bin/debug/net10.0/saro.dat.tests.dll" id="38dba45b-9ae0-aee6-d818-66be400c7139">
      <Execution id="62ebdf2f-fac8-472c-9bd9-7f93014a65d1" />
      <TestMethod codeBase="/Users/marker/RustroverProjects/dat/dat-nuget/Saro.Dat.Tests/bin/Debug/net10.0/Saro.Dat.Tests.dll" adapterTypeName="executor://nunit3testexecutor/" className="Saro.Dat.Tests.ErrorCodeTest" name="MalformedCertificateShapes" />
    </UnitTest>
    <UnitTest name="CertificateFieldsRejectNonDigits(3,&quot;6 0&quot;)" storage="/users/marker/rustroverprojects/dat/dat-nuget/saro.dat.tests/bin/debug/net10.0/saro.dat.tests.dll" id="a166790b-1b03-1d96-dec1-1134f23415fb">
      <Execution id="1052e61e-574a-49ce-8711-42a10fb63c4a" />
      <TestMethod codeBase="/Users/marker/RustroverProjects/dat/dat-nuget/Saro.Dat.Tests/bin/Debug/net10.0/Saro.Dat.Tests.dll" adapterTypeName="executor://nunit3testexecutor/" className="Saro.Dat.Tests.StrictParseTest" name="CertificateFieldsRejectNonDigits(3,&quot;6 0&quot;)" />
    </UnitTest>
    <UnitTest name="RejectsStandardAlphabet" storage="/users/marker/rustroverprojects/dat/dat-nuget/saro.dat.tests/bin/debug/net10.0/saro.dat.tests.dll" id="15a29d29-8db7-5db3-9119-873799e65004">
      <Execution id="4a49fc66-36c2-4763-8eac-94b573abffc7" />
      <TestMethod codeBase="/Users/marker/RustroverProjects/dat/dat-nuget/Saro.Dat.Tests/bin/Debug/net10.0/Saro.Dat.Tests.dll" adapterTypeName="executor://nunit3testexecutor/" className="Saro.Dat.Tests.Base64UrlTest" name="RejectsStandardAlphabet" />
    </UnitTest>
    <UnitTest name="VerifyOnlyCertificateCannotIssue" storage="/users/marker/rustroverprojects/dat/dat-nuget/saro.dat.tests/bin/debug/net10.0/saro.dat.tests.dll" id="8bc2e755-4b2f-b36d-fcc3-11d254d2d8e7">
      <Execution id="4a076179-1e72-4718-a5c2-a3d931f2e41a" />
      <TestMethod codeBase="/Users/marker/RustroverProjects/dat/dat-nuget/Saro.Dat.Tests/bin/Debug/net10.0/Saro.Dat.Tests.dll" adapterTypeName="executor://nunit3testexecutor/" className="Saro.Dat.Tests.ErrorCodeTest" name="VerifyOnlyCertificateCannotIssue" />
    </UnitTest>
    <UnitTest name="CertificateCidRejectsHexPrefix" storage="/users/marker/rustroverprojects/dat/dat-nuget/saro.dat.tests/bin/debug/net10.0/saro.dat.tests.dll" id="22d6214f-6b3b-5e45-14fe-43193fec951a">
      <Execution id="5aa82412-c7bb-4937-a144-55abb45bbe5c" />
      <TestMethod codeBase="/Users/marker/RustroverProjects/dat/dat-nuget/Saro.Dat.Tests/bin/Debug/net10.0/Saro.Dat.Tests.dll" adapterTypeName="executor://nunit3testexecutor/" className="Saro.Dat.Tests.StrictParseTest" name="CertificateCidRejectsHexPrefix" />
    </UnitTest>
    <UnitTest name="UnknownCidIsCertNotFound" storage="/users/marker/rustroverprojects/dat/dat-nuget/saro.dat.tests/bin/debug/net10.0/saro.dat.tests.dll" id="1157b0df-116d-b483-b6e4-4b261c94f634">
      <Execution id="f20789c6-6146-45d2-9f35-c9a778fc1a2b" />
      <TestMethod codeBase="/Users/marker/RustroverProjects/dat/dat-nuget/Saro.Dat.Tests/bin/Debug/net10.0/Saro.Dat.Tests.dll" adapterTypeName="executor://nunit3testexecutor/" className="Saro.Dat.Tests.ErrorCodeTest" name="UnknownCidIsCertNotFound" />
    </UnitTest>
    <UnitTest name="UsesUrlAlphabetAndNoPadding" storage="/users/marker/rustroverprojects/dat/dat-nuget/saro.dat.tests/bin/debug/net10.0/saro.dat.tests.dll" id="16d247a4-1d43-df52-263b-09117395c1c5">
      <Execution id="6440b4d5-e9ca-466c-a6bc-105df18ab12b" />
      <TestMethod codeBase="/Users/marker/RustroverProjects/dat/dat-nuget/Saro.Dat.Tests/bin/Debug/net10.0/Saro.Dat.Tests.dll" adapterTypeName="executor://nunit3testexecutor/" className="Saro.Dat.Tests.Base64UrlTest" name="UsesUrlAlphabetAndNoPadding" />
    </UnitTest>
    <UnitTest name="DatExpireRejectsNonDigits(&quot;+&quot;)" storage="/users/marker/rustroverprojects/dat/dat-nuget/saro.dat.tests/bin/debug/net10.0/saro.dat.tests.dll" id="c5bdd727-214b-3bab-bc0e-00d5cf3c7a13">
      <Execution id="e54bdb6d-c741-42b2-9c08-9981a4a8eedf" />
      <TestMethod codeBase="/Users/marker/RustroverProjects/dat/dat-nuget/Saro.Dat.Tests/bin/Debug/net10.0/Saro.Dat.Tests.dll" adapterTypeName="executor://nunit3testexecutor/" className="Saro.Dat.Tests.StrictParseTest" name="DatExpireRejectsNonDigits(&quot;+&quot;)" />
    </UnitTest>
    <UnitTest name="CertificateFieldsRejectNonDigits(1,&quot; 100&quot;)" storage="/users/marker/rustroverprojects/dat/dat-nuget/saro.dat.tests/bin/debug/net10.0/saro.dat.tests.dll" id="b79beb50-2bb3-8e50-778b-7056242eca77">
      <Execution id="e6de26f0-a304-46ac-a97e-4092b72f7072" />
      <TestMethod codeBase="/Users/marker/RustroverProjects/dat/dat-nuget/Saro.Dat.Tests/bin/Debug/net10.0/Saro.Dat.Tests.dll" adapterTypeName="executor://nunit3testexecutor/" className="Saro.Dat.Tests.StrictParseTest" name="CertificateFieldsRejectNonDigits(1,&quot; 100&quot;)" />
    </UnitTest>
    <UnitTest name="TestHard" storage="/users/marker/rustroverprojects/dat/dat-nuget/saro.dat.tests/bin/debug/net10.0/saro.dat.tests.dll" id="f580a959-4f64-7acc-900a-f9162f13512b">
      <Execution id="a7171f44-131c-48dc-a214-eb65bdf444e0" />
      <TestMethod codeBase="/Users/marker/RustroverProjects/dat/dat-nuget/Saro.Dat.Tests/bin/Debug/net10.0/Saro.Dat.Tests.dll" adapterTypeName="executor://nunit3testexecutor/" className="Saro.Dat.Tests.HardTest" name="TestHard" />
    </UnitTest>
    <UnitTest name="RetryClassification" storage="/users/marker/rustroverprojects/dat/dat-nuget/saro.dat.tests/bin/debug/net10.0/saro.dat.tests.dll" id="8400e53c-3dd0-5ccc-b8df-848fa72e4a8c">
      <Execution id="d8911455-2c5e-4cce-83a4-c8f74df493a4" />
      <TestMethod codeBase="/Users/marker/RustroverProjects/dat/dat-nuget/Saro.Dat.Tests/bin/Debug/net10.0/Saro.Dat.Tests.dll" adapterTypeName="executor://nunit3testexecutor/" className="Saro.Dat.Tests.ErrorCodeTest" name="RetryClassification" />
    </UnitTest>
    <UnitTest name="ExpiredTokenIsNotMalformed" storage="/users/marker/rustroverprojects/dat/dat-nuget/saro.dat.tests/bin/debug/net10.0/saro.dat.tests.dll" id="85e1bcf4-ed07-acf8-bc38-0355f3c02d3f">
      <Execution id="9deec892-d573-43a4-afc9-0bd8d2262608" />
      <TestMethod codeBase="/Users/marker/RustroverProjects/dat/dat-nuget/Saro.Dat.Tests/bin/Debug/net10.0/Saro.Dat.Tests.dll" adapterTypeName="executor://nunit3testexecutor/" className="Saro.Dat.Tests.ErrorCodeTest" name="ExpiredTokenIsNotMalformed" />
    </UnitTest>
  </TestDefinitions>
  <TestEntries>
    <TestEntry testId="a166790b-1b03-1d96-dec1-1134f23415fb" executionId="1052e61e-574a-49ce-8711-42a10fb63c4a" testListId="8c84fa94-04c1-424b-9868-57a2d4851a1d" />
    <TestEntry testId="d6a65219-596c-10f3-7e42-0b77d963431f" executionId="0179b740-62a1-4143-bace-604de1d00352" testListId="8c84fa94-04c1-424b-9868-57a2d4851a1d" />
    <TestEntry testId="b79beb50-2bb3-8e50-778b-7056242eca77" executionId="e6de26f0-a304-46ac-a97e-4092b72f7072" testListId="8c84fa94-04c1-424b-9868-57a2d4851a1d" />
    <TestEntry testId="4a7a01fe-0aa8-2bef-2fba-c5bb66a6bbb7" executionId="3ae8a01a-d8f8-4fac-9c81-c746b3a0f08d" testListId="8c84fa94-04c1-424b-9868-57a2d4851a1d" />
    <TestEntry testId="01c74d41-7dee-ef63-464f-60f46d5b2f03" executionId="778455db-6d3f-40a5-ae4e-fc739cdd30f0" testListId="8c84fa94-04c1-424b-9868-57a2d4851a1d" />
    <TestEntry testId="568765ff-0231-4a29-4b60-175e84eab41c" executionId="8a0b28ff-cf72-4d72-bd9f-650169318b4c" testListId="8c84fa94-04c1-424b-9868-57a2d4851a1d" />
    <TestEntry testId="43b95ba6-1d43-b563-768b-cc2cf780e7f1" executionId="a1022843-1262-4d93-8bfe-3b4235d0d271" testListId="8c84fa94-04c1-424b-9868-57a2d4851a1d" />
    <TestEntry testId="feb5c990-b230-9519-b590-91553f969e40" executionId="265ab4e0-c269-49a8-8c5d-3a98981a89d8" testListId="8c84fa94-04c1-424b-9868-57a2d4851a1d" />
    <TestEntry testId="dacf0fdd-8665-c676-817d-ef5539911af5" executionId="37a9dbeb-212f-4b1c-ace5-943e65a455d3" testListId="8c84fa94-04c1-424b-9868-57a2d4851a1d" />
    <TestEntry testId="15a29d29-8db7-5db3-9119-873799e65004" executionId="4a49fc66-36c2-4763-8eac-94b573abffc7" testListId="8c84fa94-04c1-424b-9868-57a2d4851a1d" />
    <TestEntry testId="38dba45b-9ae0-aee6-d818-66be400c7139" executionId="62ebdf2f-fac8-472c-9bd9-7f93014a65d1" testListId="8c84fa94-04c1-424b-9868-57a2d4851a1d" />
    <TestEntry testId="e6a7a97c-8d89-53cc-d69c-fd34a64214b8" executionId="ced35511-1e0e-4f32-9953-bb8457514722" testListId="8c84fa94-04c1-424b-9868-57a2d4851a1d" />
    <TestEntry testId="10cc51f2-0a98-302c-b755-344d9859e35c" executionId="cdd868db-fa0a-47ae-b8e0-6609eaf6df68" testListId="8c84fa94-04c1-424b-9868-57a2d4851a1d" />
    <TestEntry testId="8bc2e755-4b2f-b36d-fcc3-11d254d2d8e7" executionId="4a076179-1e72-4718-a5c2-a3d931f2e41a" testListId="8c84fa94-04c1-424b-9868-57a2d4851a1d" />
    <TestEntry testId="c5bdd727-214b-3bab-bc0e-00d5cf3c7a13" executionId="e54bdb6d-c741-42b2-9c08-9981a4a8eedf" testListId="8c84fa94-04c1-424b-9868-57a2d4851a1d" />
    <TestEntry testId="6f588d9b-043f-8a3c-0fe4-0f12cb6e7f56" executionId="855ac4d8-2e12-4a9f-890a-0415c320d7d6" testListId="8c84fa94-04c1-424b-9868-57a2d4851a1d" />
    <TestEntry testId="221b484c-ef29-c236-5ac7-cd5aa3f6571a" executionId="c1527c33-28d5-4d52-ac21-d8b8fbe1ad4b" testListId="8c84fa94-04c1-424b-9868-57a2d4851a1d" />
    <TestEntry testId="ee16fdfb-6f45-f276-a50d-4700c66b4b4f" executionId="79447339-2321-4804-bc32-4745b1b41062" testListId="8c84fa94-04c1-424b-9868-57a2d4851a1d" />
    <TestEntry testId="e4bf563b-dbd1-8324-f2ef-29d781dedb8d" executionId="0f9c8274-757e-4d00-a9fb-dbee8972b22c" testListId="8c84fa94-04c1-424b-9868-57a2d4851a1d" />
    <TestEntry testId="a8f8d0d7-6018-ab06-59e8-a60ad6c04cb5" executionId="51ec1ac5-b5f5-4e5d-aba5-b2815ae850e2" testListId="8c84fa94-04c1-424b-9868-57a2d4851a1d" />
    <TestEntry testId="56e42a7a-4682-b023-ce63-df6391ff7cc2" executionId="e948a2e1-e3c3-4c58-8d97-e782acdb8ee5" testListId="8c84fa94-04c1-424b-9868-57a2d4851a1d" />
    <TestEntry testId="fbe06edf-7dbd-b202-9711-1ec8b9b1f14a" executionId="c10d91eb-fcdb-4b35-a34e-54eeebbca386" testListId="8c84fa94-04c1-424b-9868-57a2d4851a1d" />
    <TestEntry testId="cba78a58-ac4e-d30a-b128-c61589ca0f20" executionId="40b64b4f-94e9-4b7e-b45f-d272ac60fa3d" testListId="8c84fa94-04c1-424b-9868-57a2d4851a1d" />
    <TestEntry testId="5c8f4f85-6d40-9a73-184c-df875b6720df" executionId="4b764048-4f2b-44dc-acb4-0522960e0eec" testListId="8c84fa94-04c1-424b-9868-57a2d4851a1d" />
    <TestEntry testId="6a14054d-9c29-4408-f503-7d6b0d53908a" executionId="fefc8bb7-31ed-4bd6-8131-7cf5f6e5fb9e" testListId="8c84fa94-04c1-424b-9868-57a2d4851a1d" />
    <TestEntry testId="246e21b9-07aa-327b-a67a-7f5b81bc62a6" executionId="af97aff6-94e3-465c-b654-8e26e882ba15" testListId="8c84fa94-04c1-424b-9868-57a2d4851a1d" />
    <TestEntry testId="23bd3ab4-1e49-8cd1-ce51-26700e30fe42" executionId="e63950b4-2bf4-4965-a511-3ac5e2880d4a" testListId="8c84fa94-04c1-424b-9868-57a2d4851a1d" />
    <TestEntry testId="5102d152-85d4-6af7-55d1-3ed07eb5ee2e" executionId="879f1825-9fed-4aa6-a057-3c0094d526f8" testListId="8c84fa94-04c1-424b-9868-57a2d4851a1d" />
    <TestEntry testId="6b701ebb-f2df-2d03-c31c-28c9682070bb" executionId="be4d21eb-3296-453a-81c9-fede6c45b6d5" testListId="8c84fa94-04c1-424b-9868-57a2d4851a1d" />
    <TestEntry testId="f580a959-4f64-7acc-900a-f9162f13512b" executionId="a7171f44-131c-48dc-a214-eb65bdf444e0" testListId="8c84fa94-04c1-424b-9868-57a2d4851a1d" />
    <TestEntry testId="9bb8ebb0-895e-3e0e-bebe-03ed5de842ec" executionId="7f42e21b-5382-4eda-aa81-e150c73d9219" testListId="8c84fa94-04c1-424b-9868-57a2d4851a1d" />
    <TestEntry testId="ac04351f-531c-5212-7667-08c7bf99164c" executionId="238861b9-b805-467c-b381-af8e66e20fb7" testListId="8c84fa94-04c1-424b-9868-57a2d4851a1d" />
    <TestEntry testId="91dba208-77a7-0f93-c64e-e9d6e4f3aacf" executionId="686e0830-dac8-490b-a87b-a54e02d71174" testListId="8c84fa94-04c1-424b-9868-57a2d4851a1d" />
    <TestEntry testId="bf674185-57f5-8fe5-6a0d-dc9ee66c835d" executionId="b28e9c52-2760-4d54-8e78-80fa9225ee0e" testListId="8c84fa94-04c1-424b-9868-57a2d4851a1d" />
    <TestEntry testId="df7ce0b5-bde8-4e75-3b80-90e74af87c90" executionId="d7853228-3eac-45b8-b49e-a07877005767" testListId="8c84fa94-04c1-424b-9868-57a2d4851a1d" />
    <TestEntry testId="ab3cea31-173a-0dae-282c-b583e32c5c64" executionId="b572d0da-f865-48b9-97e9-3512441a045b" testListId="8c84fa94-04c1-424b-9868-57a2d4851a1d" />
    <TestEntry testId="61aca1c6-095b-7891-f472-944e12228dad" executionId="5e3c41c4-6039-40fd-8414-e52d976318c2" testListId="8c84fa94-04c1-424b-9868-57a2d4851a1d" />
    <TestEntry testId="54e13e60-131a-d4fc-2a0b-52a1a069e7ef" executionId="13481f50-d582-41f9-9899-b79c51bdcd50" testListId="8c84fa94-04c1-424b-9868-57a2d4851a1d" />
    <TestEntry testId="16d247a4-1d43-df52-263b-09117395c1c5" executionId="6440b4d5-e9ca-466c-a6bc-105df18ab12b" testListId="8c84fa94-04c1-424b-9868-57a2d4851a1d" />
    <TestEntry testId="16a08f0f-87ff-b6cf-a647-9ae7db02fff5" executionId="fbd4cb34-9aa4-44a4-8816-c3b1f1d9007f" testListId="8c84fa94-04c1-424b-9868-57a2d4851a1d" />
    <TestEntry testId="22d6214f-6b3b-5e45-14fe-43193fec951a" executionId="5aa82412-c7bb-4937-a144-55abb45bbe5c" testListId="8c84fa94-04c1-424b-9868-57a2d4851a1d" />
    <TestEntry testId="88434269-8db6-51e9-503e-67c7fa242a46" executionId="8e1a5862-1be3-4539-bcfc-e43e90e91310" testListId="8c84fa94-04c1-424b-9868-57a2d4851a1d" />
    <TestEntry testId="37303f77-d05e-472d-4f4c-4c3fb6add7da" executionId="ef1d8c42-ce33-4a83-bec8-458c7951179e" testListId="8c84fa94-04c1-424b-9868-57a2d4851a1d" />
    <TestEntry testId="85e1bcf4-ed07-acf8-bc38-0355f3c02d3f" executionId="9deec892-d573-43a4-afc9-0bd8d2262608" testListId="8c84fa94-04c1-424b-9868-57a2d4851a1d" />
    <TestEntry testId="72ee7b64-0655-3976-fc3e-913ae50da399" executionId="3eed4aa0-727d-4e5b-afbf-45480dacb6a0" testListId="8c84fa94-04c1-424b-9868-57a2d4851a1d" />
    <TestEntry testId="f09b9d3f-4c8b-ac62-5a2a-0d9818691409" executionId="7885861c-eda1-440c-8d3c-10cd0ee430ae" testListId="8c84fa94-04c1-424b-9868-57a2d4851a1d" />
    <TestEntry testId="03634969-201f-6793-f519-844151136bb4" executionId="ec8301cb-eec4-43ed-9049-d5f6b4c202c4" testListId="8c84fa94-04c1-424b-9868-57a2d4851a1d" />
    <TestEntry testId="8dadc2d1-0100-18a6-50f9-cc6a2b534be7" executionId="33f2e2a8-7246-40a2-b91d-07bbc5f2ccec" testListId="8c84fa94-04c1-424b-9868-57a2d4851a1d" />
    <TestEntry testId="bb35b566-efae-e66f-ec6d-208ef44ea990" executionId="6b67f925-ced1-46db-b5db-3416d3f8e64c" testListId="8c84fa94-04c1-424b-9868-57a2d4851a1d" />
    <TestEntry testId="1157b0df-116d-b483-b6e4-4b261c94f634" executionId="f20789c6-6146-45d2-9f35-c9a778fc1a2b" testListId="8c84fa94-04c1-424b-9868-57a2d4851a1d" />
    <TestEntry testId="f1bb189c-5adc-774c-9cba-016faf6f558f" executionId="a1c4352c-1469-4233-99a5-1259d580dbd7" testListId="8c84fa94-04c1-424b-9868-57a2d4851a1d" />
    <TestEntry testId="8400e53c-3dd0-5ccc-b8df-848fa72e4a8c" executionId="d8911455-2c5e-4cce-83a4-c8f74df493a4" testListId="8c84fa94-04c1-424b-9868-57a2d4851a1d" />
    <TestEntry testId="dbe92744-85ec-4752-9213-4cdb91f22a65" executionId="a68ad8f4-3ab4-4ade-b261-a042755b404f" testListId="8c84fa94-04c1-424b-9868-57a2d4851a1d" />
    <TestEntry testId="55bf126b-33b4-23f2-810c-e00050888631" executionId="94257d2d-442f-4d02-b151-9960e3ee6ea8" testListId="8c84fa94-04c1-424b-9868-57a2d4851a1d" />
    <TestEntry testId="3e98b29d-e2df-7f3b-9c48-72793f5aecc7" executionId="3aa3cd3b-8ac2-410b-a78b-86f2cc4e4ed3" testListId="8c84fa94-04c1-424b-9868-57a2d4851a1d" />
    <TestEntry testId="f2e67cd3-72a0-6c85-86a1-a0766be53552" executionId="35eeed57-ce06-471d-87ec-9302977f8e92" testListId="8c84fa94-04c1-424b-9868-57a2d4851a1d" />
    <TestEntry testId="352f53c5-5ef4-21ad-0680-2c41b4ed3414" executionId="1b129e2d-9ce8-42c2-b0bd-9731ddec7856" testListId="8c84fa94-04c1-424b-9868-57a2d4851a1d" />
  </TestEntries>
  <TestLists>
    <TestList name="Results Not in a List" id="8c84fa94-04c1-424b-9868-57a2d4851a1d" />
    <TestList name="All Loaded Results" id="19431567-8539-422a-85d7-44ee4e166bda" />
  </TestLists>
  <ResultSummary outcome="Completed">
    <Counters total="57" executed="55" passed="55" failed="0" error="0" timeout="0" aborted="0" inconclusive="0" passedButRunAborted="0" notRunnable="0" notExecuted="0" disconnected="0" warning="0" completed="0" inProgress="0" pending="0" />
    <Output>
      <StdOut>NUnit Adapter 6.3.0.0: Test execution started
Running all tests in /Users/marker/RustroverProjects/dat/dat-nuget/Saro.Dat.Tests/bin/Debug/net10.0/Saro.Dat.Tests.dll
   NUnit3TestExecutor discovered 56 of 57 NUnit test cases using Current Discovery mode, Non-Explicit run
HMAC-SHA256-MFS IV-AES128-GCM CERT: 33cdc7b4a0bda400.1790329161.600.60.HMAC-SHA256-MFS.IV-AES128-GCM.gUjHldR_9bUsAdjLZ9bQKpZEfqBEBulgscysciXWldA.u44Q3-XhzVNyjnao-mCvxw
HMAC-SHA256-MFS IV-AES128-GCM: 1790329231.33cdc7b4a0bda400.UDJoaUZOMEZnM3FnMjc1RGNlS012djE2QjhSSnBF.56X3CQbXiydnW2MptEi7EmKA_M9XPbVpn6C0zXycqhnObVkiJpbGm76eld7UW6SjHqwxq9gaDc85kw.B-Gm8KVTxGMrasIyd61fYoiS8vZfBIlrlP3tu24Ei6c
HMAC-SHA256-MFS IV-AES128-GCM: P2hiFN0Fg3qg275DceKMvv16B8RJpE / cpphsxsgWmtLtOTrFGMDx5aDu2IJPh
HMAC-SHA256-MFS IV-AES128-GCM CERT: f4bdb68e8cd3800.1790329161.600.60.HMAC-SHA256-MFS.IV-AES128-GCM.zNPGO4JOB6TBVWad9XfkXIQA48KM9fXL4nqjzC-Q_Fg.OcMVHRS_e3qoi5BxwRY5sA
HMAC-SHA256-MFS IV-AES128-GCM: 1790329231.f4bdb68e8cd3800.MlhlVVd1MFJrNmlpZEdxYWZjNkl3a2JjT2Q5b05a.G1TlGSfR5yKNpetgAQ3CA5-k7xJUCUiaxJx38wMxVMd3K-Yl0zVZUmJSWhYGaRldQmqn0b_OCn1VGA.bHdlyAQhL8VKzuuEXWlXSQl9OmWUb05fsjMTRmzU-Fo
HMAC-SHA256-MFS IV-AES128-GCM: 2XeUWu0Rk6iidGqafc6IwkbcOd9oNZ / PHNv6OrZ9qWylK99uPQMy6psvIPYt0
HMAC-SHA256-MFS IV-AES128-GCM CERT: 79e0ddfecddbac00.1790329161.600.60.HMAC-SHA256-MFS.IV-AES128-GCM.5JqQGpDxnpiEk_ro9ZFP50ndR8-JDmM2WoEQkJ6gyf0.YJNKtlHzs1-VE8UEtkjSbg
HMAC-SHA256-MFS IV-AES128-GCM: 1790329231.79e0ddfecddbac00.R1Z6TUlJazRDcFlvN250cXV1d1Y3NFpSNEZDY3dW.HOjCMazYsIEiJjfcRVqeTc5uAK8gwEzczQHVgTnM47KNsOHldPFacx2BRoIOJxXAxKfExxVOCUukeQ.rJa0UzE94mCmEtYBzL5ach23uGZar0CLE90552JQvyc
HMAC-SHA256-MFS IV-AES128-GCM: GVzMIIk4CpYo7ntquuwV74ZR4FCcwV / gOrX9WVyMKDGH4BI2qkQeSZx8AKNds
HMAC-SHA256-MFS IV-AES128-GCM CERT: 59b0a9f627d82400.1790329161.600.60.HMAC-SHA256-MFS.IV-AES128-GCM.zRVe62wqfnPzr3MEgUpFNK5Z5Ik3jZ-7nAk_AURmPrk.ZLnt801_v0xhANAhLnHIhA
HMAC-SHA256-MFS IV-AES128-GCM: 1790329231.59b0a9f627d82400.cDl4YnlzVzM2bkV6QnQwRGZqWW5XZ2liN3JyZDNp.eBd5ThPJp2TQLyhtHLp0AGE84VfSVxvjFIzqJcuul0jux5fdboN-Uoui4gn8YxhzDrx-CfhrxJRD7g.NSDDfEAhz-I_2PW_5iWDSvP7SfVN2dQg2vKbfJpn9U0
HMAC-SHA256-MFS IV-AES128-GCM: p9xbysW36nEzBt0DfjYnWgib7rrd3i / V16eKCmNaUnkgTAyhXBquiFfdntstJ
HMAC-SHA256-MFS IV-AES128-GCM CERT: 7efa943f10b4bc00.1790329161.600.60.HMAC-SHA256-MFS.IV-AES128-GCM.NHtCR4dTk2QtQu0F6UBCzqe7iuCnpF2kZP5Hdhml4os.VRU-mVb-nS5j3i94Bt4fzg
HMAC-SHA256-MFS IV-AES128-GCM: 1790329231.7efa943f10b4bc00.bGhUb1lMY2Z5MnJPcHB3bUZuMGN4dzgydHN5V05h.Q9Quc-106p4rRW6q6ZLbwQmJJw9MzwLX1wje52EQEnOPq2zJQPynQ9HAYNjWbyVlYj1YxbH9eat_Dg.iP2i5HL9l4nlI-dvXe8veR1nE9q71V6aV6xnZOeTR5A
HMAC-SHA256-MFS IV-AES128-GCM: lhToYLcfy2rOppwmFn0cxw82tsyWNa / RgSKD0PdlOicYV1m5qhpH4MJEABWYv
HMAC-SHA256-MFS IV-AES128-GCM CERT: 3a8544beaaf50c00.1790329161.600.60.HMAC-SHA256-MFS.IV-AES128-GCM.yLJ6AQe7NsuPL2J_cb6uca3U7QdZYWlyo-Bc4Wjg4u0.tGA4N2EXn9L4CyolJZZhIQ
HMAC-SHA256-MFS IV-AES128-GCM: 1790329231.3a8544beaaf50c00.ZGVMb2RiZ3NSanNabkxFSUlZNU1zclI1WkxybVBU._nFGdaKqUysduEB367VstqEh6Wpt9MX7kwtkfhGTyx85pFkIJUdKouUeMxO8Kx1VYKzPtgjccIx1sQ.gUlOkGJ91wQLt02YuUnVQsYk__Ncd7A62-jKfj96aWA
HMAC-SHA256-MFS IV-AES128-GCM: deLodbgsRjsZnLEIIY5MsrR5ZLrmPT / BXrUW7LjYmQjDfQ2Y1LBZ2V8aa6PGT
HMAC-SHA256-MFS IV-AES128-GCM CERT: 4692305d4b4c2800.1790329161.600.60.HMAC-SHA256-MFS.IV-AES128-GCM.ww-5XPQPzDICu7rMIzGA28WEQrwFjM1I0ZyLDb7VOKI.-q-SmjDGyN9gx0xw--p2Yg
HMAC-SHA256-MFS IV-AES128-GCM: 1790329231.4692305d4b4c2800.OFlPNTBNaFhXUFJURHp6UFFCZ2o3NjVYZ25HTkRu.LCKuEmJyZK_-tCe1RLLQMaoKyKHfyTx45nldjCh37ZlzhaxqlZxVM18M9EjMJKZ5V_vFKOTa_C9UPw.s9s9NHZJmTgTf47oTnkL7DH8-sM_kvxKpXZXWoQBe8Q
HMAC-SHA256-MFS IV-AES128-GCM: 8YO50MhXWPRTDzzPQBgj765XgnGNDn / DCrfoFbf0kMVTGMtVWOU1DYg24PTn6
HMAC-SHA256-MFS IV-AES128-GCM CERT: 6b930d0780011400.1790329161.600.60.HMAC-SHA256-MFS.IV-AES128-GCM.icah3F79kDlimqHFCX7NgUxjKSnHTlhV-rafrkYBops.sh0GXGCevZTRlFC1IW-dJA
HMAC-SHA256-MFS IV-AES128-GCM: 1790329231.6b930d0780011400.Q29iT0U3TVhjZDlSb2dadkx5N0xQa01kZ0JkY3B1.nKRND9Huz-fIDtw3Ga3Out45dQyAdI2M6exlMov-vWv4zHrjn39t62KqHZk1bmEKuCfTXBlcXeva3g.B3O1Ju1PSpCqftMJFqnyZRNs6CeqbvnzAJaq-RoFJeE
HMAC-SHA256-MFS IV-AES128-GCM: CobOE7MXcd9RogZvLy7LPkMdgBdcpu / 72IN0nzLwHpp8RAL8cuyMxWvwAnc82
HMAC-SHA256-MFS IV-AES128-GCM CERT: 7833ceb9fb35e800.1790329161.600.60.HMAC-SHA256-MFS.IV-AES128-GCM.KQtHYTZztCLF5UXf6rN53EZAMQYyA3up6zRg4W92I10.0DoFaDn4Voy85pg3tz3FDw
HMAC-SHA256-MFS IV-AES128-GCM: 1790329231.7833ceb9fb35e800.M2RhVFZvRnp3WHNtRGZrU2pDbzJVcXNKSzhWWDNK.eXJ0VCA8BpMl7YzXAHPEFHfkH0SHVlDfq7J4ANa9UeNYbFn3ztmV6PEe8RM7i88_O_Nol3y4kwl6Eg.GdokDRQCS1JTz9Es8ZR-mzorNt-MNj6jmlX47YUo0rY
HMAC-SHA256-MFS IV-AES128-GCM: 3daTVoFzwXsmDfkSjCo2UqsJK8VX3J / vtVb24uDAC8N3uF5en7ccP2NdP2Rpi
HMAC-SHA256-MFS IV-AES128-GCM CERT: 6216cbc8e3b40000.1790329161.600.60.HMAC-SHA256-MFS.IV-AES128-GCM.ZXAvneVlVOTZO7RxgtiGVGV4pg-ELWDctgXN_ZvNz64.XBJn5N_74kNbNTyBOH0aHg
HMAC-SHA256-MFS IV-AES128-GCM: 1790329231.6216cbc8e3b40000.WTNyRkd3ajRaWGlWaW1UZkNrWG9FMjQ1bDRkQTZ4.PrLQo9OVxhBK3JTpR8mdR8gBjJt9F-ythDU9HgFB9tlA6QT-coVyUjxGyHk2brfOphbm4yYmrhsr7w.52IOBJ3337YTNJCOfj5D4_zgMWJOEaQLF2BMqbjS1jM
HMAC-SHA256-MFS IV-AES128-GCM: Y3rFGwj4ZXiVimTfCkXoE245l4dA6x / yi9lIp3pqy02QIX6EBgNFXdaefVl4U
HMAC-SHA256-MFS IV-AES128-GCM CERT: 58ce675786e7c800.1790329161.600.60.HMAC-SHA256-MFS.IV-AES128-GCM.V3N_Y6K4hdEjbc8iHqEhB9gqA5Ky1EytQvqnN_Jxlps.YuU7GumufHyBx1WfgIZ_tg
HMAC-SHA256-MFS IV-AES128-GCM: 1790329231.58ce675786e7c800.Tzl3cnVtQ0NnYWU1YTBaWXNlTUFSZ2sydEZ6NnZD.g9SoDRgEzHnuw3sQsGIwKFcYsC_YRYqcFSMw8P1uWFURAmIFk21be2B5nn08YjOccy0ou39OnTtoiQ.JTQ2H91HkWqcSQ0eX1rLDcMMLO4VMjRy_lKsbpEfZSE
HMAC-SHA256-MFS IV-AES128-GCM: O9wrumCCgae5a0ZYseMARgk2tFz6vC / VufhGAi6x13fMezAWCvBvXUDceQk07
HMAC-SHA256-MFS IV-AES128-GCM CERT: 79300a0e04600c00.1790329161.600.60.HMAC-SHA256-MFS.IV-AES128-GCM.osd_mkPr7Jvq_LMxmP0wH2aYY1DmBFii7MOM7iZOynw.fvyKGwZG0bLij3jvoMrVog
HMAC-SHA256-MFS IV-AES128-GCM: 1790329231.79300a0e04600c00.c002ak1Yb0tZczZpcGFpQnF2VWZIVWJtaFh0bWl2.k-seYHcMImboPH1mmvoDcH_dI1cw3Bp4j5HSBm6ESe5IJhOFMV9AVfd5JNmxLk8gvxP22uiMthO6Tg.Hf5ez_fxuFQ4qRSE-3RHUhgrmgV7h3Dc-y2-ISgMg7c
HMAC-SHA256-MFS IV-AES128-GCM: sM6jMXoKYs6ipaiBqvUfHUbmhXtmiv / KPXEyRVnHVrnE4N9keZZ3wbtbzu6Ng
HMAC-SHA256-MFS IV-AES128-GCM CERT: 3b26175eaa7c1800.1790329161.600.60.HMAC-SHA256-MFS.IV-AES128-GCM.r8WzIeEjPrN7GG8O0M7vI6AQ0UZkNbCbBBhmWtEREz0.g7Mt2zpoKDFePYbIVJtVDA
HMAC-SHA256-MFS IV-AES128-GCM: 1790329231.3b26175eaa7c1800.R1NLVzdWQUNTQXI0eFpwMXFhak1RclBSbVB5WXg1.txtLLdpBLXjcY_BHBfMYs6ZfQoZm4nFa483d0oJEXKSbRDwn308HFYuZUmM_coa-k_UobvsR-pVAkA.xF9Jkyh5lB4JmDKakYkpcF2wN9L6kMEWQxMX5rDLFlE
HMAC-SHA256-MFS IV-AES128-GCM: GSKW7VACSAr4xZp1qajMQrPRmPyYx5 / lFWhKlnOVoyKq4hY0rGDDEWBICUcb1
HMAC-SHA256-MFS IV-AES128-GCM CERT: 4e755ce322e26800.1790329161.600.60.HMAC-SHA256-MFS.IV-AES128-GCM.JY2SgyT8lZyWGzaxBZe8WOj12gd8x4pGdQ9IQY7znO4.9zNBMd7e-qj6yiAoKwublQ
HMAC-SHA256-MFS IV-AES128-GCM: 1790329231.4e755ce322e26800.MGlKOWc5MXBzcU5DRkhVUGp5TzJqUWJuMW9QVU5V.iqdrxE6w0KJbx6uBp8T_Ssl0jWdqIQdrKoD6OratvQSSl-UKibNnEfrd8VwnC8UrfIIz1pcXeJKmgA.jt8r3O3FnfDJb0QtcbDH6jr9FaAHUy1eRmy8cCxATxM
HMAC-SHA256-MFS IV-AES128-GCM: 0iJ9g91psqNCFHUPjyO2jQbn1oPUNU / Bp7OmECYm7HwI8WLEAO9D9SdiXT3UV
HMAC-SHA256-MFS IV-AES128-GCM CERT: 786b2dfcb8b14c00.1790329161.600.60.HMAC-SHA256-MFS.IV-AES128-GCM.EfA01zIEgeDRqmztH6_UETogy3DyJW_tpF5RL7htivY.Q0VnCEwkSFf0Ds8VaLktDw
HMAC-SHA256-MFS IV-AES128-GCM: 1790329231.786b2dfcb8b14c00.cG1rZW13U1JXZmMyWEdCcm5uUlJYeVNjNDIzb2Zx.5bw2yuio5O79YYISqUDjkMXIrV8BXYz-OnQJ2wOoxpjpaXNZzezCWW9XIP5fqurwyKbdZ0KgcAbocA.5XVc1_06omSW4EL_skLVRDzuLn7ntBHwtm3XP84LaTE
HMAC-SHA256-MFS IV-AES128-GCM: pmkemwSRWfc2XGBrnnRRXySc423ofq / KF75oACr7alHiS7UG2P701x9jpzeAw
HMAC-SHA256-MFS IV-AES128-GCM CERT: 7b1aaab154801800.1790329161.600.60.HMAC-SHA256-MFS.IV-AES128-GCM.JunLrPwupGo1Bw04VeZOIRoPBHeeb9gJbTvEHLqIrWQ.TuYZDYYfgobgPqPx1XVrvA
HMAC-SHA256-MFS IV-AES128-GCM: 1790329231.7b1aaab154801800.b2FSVzBPVFNmejBqMkxnWm16bjhpUVV1MFFpSnpp.3x_Yi15WzZptGBZPXbPIsjmlrGA5zSEBDEUxZcykAKXmql2cEYIMnXtEf1TCc9vTJV1TFn32gB7uTQ.4q7u8sld6JUxr3Gmip3m7o0ynIZI9kJXgdYMgl9TRrs
HMAC-SHA256-MFS IV-AES128-GCM: oaRW0OTSfz0j2LgZmzn8iQUu0QiJzi / lMXT6pZ8xHuqaPZ6QeUsBL61asSqA8
HMAC-SHA256-MFS IV-AES128-GCM CERT: 19e470fa06290800.1790329161.600.60.HMAC-SHA256-MFS.IV-AES128-GCM.s0oxCGPordLlnS1rETgQ4H_8yRpmM3ijvE9j6_o_MpU.vgSpybUawc5qDZ99NftqWg
HMAC-SHA256-MFS IV-AES128-GCM: 1790329231.19e470fa06290800.NnhTenRucXRRN3pwVXJVWm9BV013NlJ1SUdkdWdm.5Qnj6dlg0Q8hdZ2iIkeQ5aaWTB4YUFaJopRsufcgUUKMJMVxsdyq2uHg6k4x9iuRtMWLXppEwoENGg.DkWiqs5QqJvL123RUc7mouIwgh7BZ8TkcdrjxHrlMz4
HMAC-SHA256-MFS IV-AES128-GCM: 6xSztnqtQ7zpUrUZoAWMw6RuIGdugf / JwgbtUNKobfJ3wBaWltUgYRPHdJPIN
HMAC-SHA256-MFS IV-AES128-GCM CERT: c86ba6e98c90800.1790329161.600.60.HMAC-SHA256-MFS.IV-AES128-GCM.BU_GNhYbhwnNqpkIZ-T0t0G6wZxwoNMFbaTkWi_Fa2E.r67vvo4rzrXHo932zB0q0w
HMAC-SHA256-MFS IV-AES128-GCM: 1790329231.c86ba6e98c90800.RU5ta1ZsNHhCcjVyT2tud0ljNTJYcTJ2cE1mbmJo.iZj1b5wSn8CW3L7BU3IeI68k_WmDpTNR-Z2VFbJVFw5gQ6wXdRYCZwmbHp_zaKRGsv3AOtiMX9tpOg.CaA40ib5T9Lhg_6IoZNRl4Z6sjOfG5B-Cdm3iNA1hOU
HMAC-SHA256-MFS IV-AES128-GCM: ENmkVl4xBr5rOknwIc52Xq2vpMfnbh / TjGg9bHtgue8uuWD39dz1Xo3fLgEo8
HMAC-SHA256-MFS IV-AES128-GCM CERT: b1877c791ce2400.1790329161.600.60.HMAC-SHA256-MFS.IV-AES128-GCM.1JglE46b4n0CrHlRFMHM8wOaKlVBTh95NgTVVPcc2ak.6AmeNzJkscFZqq1HZgwnYQ
HMAC-SHA256-MFS IV-AES128-GCM: 1790329231.b1877c791ce2400.dUszUVJuQ1RvTFdjVzVsbmZxMFVXUERIYjZLZXBC.N6C3MuBag4LGLQ03FdQ_WBn3ttwZ8TLlAJfBXwFK6uqI2ZxqsSItUe5g-ZrTskkjjbpi6Pts62lnLA.x93qJ4qSpKHUj1kkbVe6e-o2K9Gd1y5vdSgBd9qbDZ4
HMAC-SHA256-MFS IV-AES128-GCM: uK3QRnCToLWcW5lnfq0UWPDHb6KepB / pKSrFmGxMT4CSLNVh9o8yzl7y5ct7Q
HMAC-SHA256-MFS IV-AES128-GCM CERT: 25e485b0541a8c00.1790329161.600.60.HMAC-SHA256-MFS.IV-AES128-GCM.Au-bvipZ3JU8O-v63sK74xiAq3J2aJcDqFoyDzEhyDE.i3uJ2ydiEmpEc-RHEJColA
HMAC-SHA256-MFS IV-AES128-GCM: 1790329231.25e485b0541a8c00.U0RPOXVPUVM4UjdRY0Z1ZHp3MTRwM0lFVm55STZQ.y3kOcdTGn6SML5wIzrj7jXaSW3OUXejyLsz9Rusrs0inIBr4iJv8F-JVJwqm2quwIV4BpByEcFYKQg.e0cls9Zh-xaKjIXBiL872pfVi1SBHopu8exB9P6E77g
HMAC-SHA256-MFS IV-AES128-GCM: SDO9uOQS8R7QcFudzw14p3IEVnyI6P / WBnjujHuWKnJ4QNbvWZCCTSO5XT6Ja
HMAC-SHA256-MFS IV-AES256-GCM CERT: 370f2354b7d3a000.1790329161.600.60.HMAC-SHA256-MFS.IV-AES256-GCM.GJZWu45ZUnAcZZ3OltJ2hpdookOK0bY7VbsQnKrtv6M.7ZxYXvaYa9oP19usz_bqWbFrxD2OfTggA-r_ZtDeYdw
[...]
ECDSA-P521 IV-AES256-GCM: 1790329232.1ae9be93bd2000.Y1RkbHpmczB1S2ZNdVhLYlZYMnZLSmxWeVBRZmZn.1oyfPKvLyeiZAKATeiMwVirTeVkxLH4QHAz0QuOKrij1EgZ5jNYwlhRGZczmS4Ncp1fXD1fu1UojjQ.AZlC42Jqp8UUtLGW2S18C8N08KhhYqGHZoYRWXTqqml79GBO1lL5LWWg1MmnknXOOPe-1j4-vFF8piVIghC4iWmHANeP3qgsRj18Nks9xatd8WBGlCDBBFOypz8uj8Ivba8mfUQKif4BL9CtAZ9rorLNn6YgOU-vG-6cBdJUkLSPgbZg
ECDSA-P521 IV-AES256-GCM: cTdlzfs0uKfMuXKbVX2vKJlVyPQffg / jpu2VEknnBAoEATkgF0056FzxNO7eF
ECDSA-P521 IV-AES256-GCM CERT: 6358d330ffde8800.1790329162.600.60.ECDSA-P521.IV-AES256-GCM.AZxH9NkZhVEG04cVZRuBPAXQ3-vhwzUhzE7nv4fJVh70b--eaGdg7_iAT-MU2_iMXMj_fc4qQRGLvAAnm_BG5rojBACamkbwTu91muGXCj47MtzS4SKIRN-06L_SQPEfWzorUtXT073-eZVAbi83Pi4DWdWC6VZeWl6l8Ki8KqtSjomX0wDMrd7wACHIzrOzB3q9JdKRh0ANnth_j8bApZBulpf0V4-3FNcduCpC3pBv_UTRSyELHyoS8vrLytnKFkNRes6_vg.9H0m6O3OUyno7KMpf9ydY4jWo1-no7ngjxSKFhWHAjs
ECDSA-P521 IV-AES256-GCM: 1790329232.6358d330ffde8800.SkFscXBtdllKT2JJR1RWS3R6enoyczlpb09kNjJJ.04mv03fT0knzQLvwBBvKAEuDtapjUDq4rby49s2FSMRbq5_ys4T7fJ-t729dHcOBwFZVFj_uQCdyug.AFMcKwVP0yI6pyioF8IRA8CV3--I3Tf4N1Mfr5ZioBVo1qLLQ79RVGKSDf5RlXMp3LkJhbN04orbkHOT6w0z38ahAOmiqPo2Cj7iF9vAmnGUosPpUp3au_dcGWEcGlU2u-KEKMSEegLD2-w_VQW62LdxlpOlJpMcwZGM7yiLW0Cw_MEg
ECDSA-P521 IV-AES256-GCM: JAlqpmvYJObIGTVKtzzz2s9ioOd62I / 1d07QAt449qfvVrWn1xuAbteatA8Qe
ECDSA-P521 IV-AES256-GCM CERT: 1e04f9ed96667400.1790329162.600.60.ECDSA-P521.IV-AES256-GCM.Af_Praj2KbZ2OuIl_gPEF-6J6_oFPODdkrgKRZUuSJI38AD1iyc45OdGgyG8jmQ3unZ3iacODUlsb7tMfs6DmEWyBAHxunn_3dWKejRLpdzAqAjOocciYujsdjMX0tSPDAkQuqQu8FjtEY6QkEHNTFTmZYE8oF7SSPaz7kBqAw_WBca0HgDprhV791k48QP_JHmCgLRmfLpfUJAwoir1VKioY-sEswzBzzo7IExIfgyTD_a4i3H-7ebUK4t8UpEDMxj6haXHkw.5ON2XFbfJgDjnrlRpYJyJx-7lqNEnOCzB8-cIJqAsPk
ECDSA-P521 IV-AES256-GCM: 1790329232.1e04f9ed96667400.M0VISEdSa2lKREN4aDBaVTZVTVhZeEtZT0k5ZjdD.bs-eSVTknemCzf4rtlnYAohIWlaYdLC5dZ-CP9hdjIKpGKt9o9mFFneahLwN4PktM2Tv_PouwN-87A.AcOX5dQrBHnERzXBxzMvr5XeauMnMwN5wCKlalAj2U40C906eQTLPV4hb4sVYkA3Ox9Qev5YZ89WIZEcwSW-KH16AeC2atWrumwm0SE5ZB8sbZIegokL97mXETfOdWVKMU3nohTz3VhDddtLp3I4uT5B_ZCz89YJ5sTZK-YudCK30egn
ECDSA-P521 IV-AES256-GCM: 3EHHGRkiJDCxh0ZU6UMXYxKYOI9f7C / WdmVscOIa8TlZkDz6QRRmno1qiOeZn
ECDSA-P521 IV-AES256-GCM CERT: 6e0efe05904e8c00.1790329162.600.60.ECDSA-P521.IV-AES256-GCM.AJygadZo1Y1nq65bpPth2qdmye1oINvqQadHENOE7Wu8EGn9I0rWHg3Ehe7nImU2DiXMY401EhmYD_PPPubVFDWvBAGRog6MzkUTIKiyRpZn0Tk0aQlo55kZepncoLGAJyeuWN5_djD1A38tUKVu2DPWDI7NHr6G_ryCw6sRf0XXW4Bk9gBcVUGv0guZ99y6oNmXptBGLNENqaJYG0Zl9T1-j5qNyRyZJ4FvPd5iojceCzWOSNhpyQIJ_9djm_lmvMBoLLiqQw.dnsCLcmxy0F82zI1lYg845ZFS_2qESb1_sAFGN4LChQ
ECDSA-P521 IV-AES256-GCM: 1790329232.6e0efe05904e8c00.eHg2NkVYRHJReFpmT2JYQmY2YmFoVHhKMUNrV2p1._5xCF8QqPLyPR_6OdRoOcqXGs0MsCQwjOSrl090W3fBV0cNaDtygku6qNy9ZS9T2qQ6SMLPVH172gw.AFJEaHYWQdKdP9_4al9GOyKX7iqu4p5ErJ8kj8a27lj3p1JTAMH_kQfVlowf4Xdby5GbZtYIH9gBM_h7PxYuLDgCACe5SuTK8KNqec1Cfpb3XDHfLB-yKUbFVHqt_VMhfYManAPg2B8-Fhu3viZwfrPEXAXakLfjghAeGQNtvLZPw5aG
ECDSA-P521 IV-AES256-GCM: xx66EXDrQxZfObXBf6bahTxJ1CkWju / 3Y1CPZAxOiHr1qCG21Ewz9v59eNoX8
ECDSA-P521 IV-AES256-GCM CERT: 30546ce9a16f6800.1790329162.600.60.ECDSA-P521.IV-AES256-GCM.ANz1ZilKdjA-WWL2vCDJF_rgm-eHXfA6fcWoGlOzHHoeXDcDzIbywJ1fjt7mjcSa9EP-D_XOYFk3sRLXN1OAJZYSBADVBpIHHdgKXfkjgwc_R41EsClnjSjFOeCdgmUtm78FmTMO8l6-CsbaBFdn0olS1y43PrI_TGk6TQvVrG5010AwiAAP1w_FNvsuwBVzrLW4tS8O2jEedMY20BA-bHw9e-fUsqp8JD2_joGDx3FIRqHtsGlZ56k2BNMMrQHNz8V2ilvDXg.epP2rftpk8LoLOUCRkyFh8h_Ni93ZA3zdC96VcwC3Mc
ECDSA-P521 IV-AES256-GCM: 1790329232.30546ce9a16f6800.TmZJRkNrUEZWQVZBRXd3TkE4UHl1aUJ2ekwwWmN1.TEUTeIrDYswm2hmoF5bHcLKsq93enkLAPC1oz3zNaeCQ8ZNFO9BC18S48Lb_UJTaugVAmbX4S1CHrQ.AZ51Dn3ujZ3FpW7SnHJ0s10-tgO8fRkNh1u66U9kcK78u2GGZRTTugPX5iwHEccyEypdFR6HwzgHjLlvpF7boYDyAJdCqzqLsXL0tSvYOuVl58-O67nhglsllGE0RMA9RGOew4Dyz7QktmCqjmXpeQV_ng4SJKiCvzluLDXmhpXudZWB
ECDSA-P521 IV-AES256-GCM: NfIFCkPFVAVAEwwNA8PyuiBvzL0Zcu / SWUHXZ9K0JWAbzNuJV22snFaYBm63x
ECDSA-P521 IV-AES256-GCM CERT: 5156644a9d155800.1790329162.600.60.ECDSA-P521.IV-AES256-GCM.AWJCFVovZCzpiZ_iEG3KYkQVfiR8rSkI2oGCxsD_qmj8M3tuZcUJTxjw47x71xL8kFQDwOsb-qHobThDjHEL1VA0BAFK0ldSBQ5PNo7TA3Lnd5HRtLhdgC4y5eN4ilePqO65DUxexR6ab-vz8qwpjZRONyd_hAQ6lTjDA_lpkDllkJRvJAGpunVjn_qJiO2v_4X9JbTbWdpiuNpDJSRbDgBxvNhYVzWhRMHSCdi-90OA-efQYtgmcUmdkNYckEfBLOeL_k4nRg.iabNYjnWbEFusoN-kv9t7BOABp01mPylc5qwKZdD0YA
ECDSA-P521 IV-AES256-GCM: 1790329232.5156644a9d155800.bUZRNXBRQkVrZk1EalFieUM2RG5veGRQeGZsVzRu.yQl0ujEAOIsyLjtQqCcW9-bXay8N1nt3urxx26OozL6k4Ccm9dEEfq9Pmw3Yc6p0FWBeazesGp4ESg.AKYSICZxcN77kCllDDCXqChRmKyWuysGUWOu1d2EStwrDl5eqvWsfidH2ezmmAJZVAi7YGcHfHV4Q6ruqz7Ui3BtAWkSaUEOi30BgY6Cg8Yavnvxk1Ezvrg2D0BE5BahFgzVRCobDXNkaVBlKxkfdUdFP7UnV2wIhDzWQiRxVDHdjXg_
ECDSA-P521 IV-AES256-GCM: mFQ5pQBEkfMDjQbyC6DnoxdPxflW4n / kjMrmcqTjGjJq01bBEyQchQg5qcyeD
ECDSA-P521 IV-AES256-GCM CERT: 7dcae973fb0b1400.1790329162.600.60.ECDSA-P521.IV-AES256-GCM.APpbVFCfkf9c3M2Kwzpf18PAk4SgN5zt9dRAIVD7JSHoPAxaA8nrL0Sor08rLnoiHcQTEwtStrWErcZE6si2gLaSBACFh-8Pg_YdHNG4A1zrodrtDE2QdDWS5DOVL3fxFnf4rJxkHISSy2yUddTN9ohPKNUgDXv0Pm5-XWCfSmGJn3Do3AAzl-ajjaZARo_B9hWvpmbKFel3qPsf8dHY4-G2QLsZeUkEGxYGKwrZFzMLSyyggBCH6Xm9emqymLvuETQ58ufBqQ.zEfcB9s_q9vAtXW-SCFbcqEG_nDmHlN-MYw8MWZhwY0
ECDSA-P521 IV-AES256-GCM: 1790329232.7dcae973fb0b1400.cUM1SnRYMk84MW1MWTFZeXlOOXFuMjRFZVhncHdT.I9D4sxjCIVCksaUAqxkjg2igyrB7wZyBTZiD7J_XktYOLWHinKiKEBeyBA94Ambr62KqIbPvzwqx6g.AFzfaza5liu1MSmzwXRkv8XXh2T3g1l6_zZ-MPAoO1nxJ7brSD6bBcVE0XwQvrqjIx7PZgiM7vXTmuK3f8hNkMlUAS6Nb4G7bt0u2Uj6hk1IJnbZ0vPMrBDwxny826xsReewVl2Xkof0tiK7yB1YOkDxVefGXGebvrzWjEbZJsaZI8vf
ECDSA-P521 IV-AES256-GCM: qC5JtX2O81mLY1YyyN9qn24EeXgpwS / KV0PknWzKXEe1GEXJrPKKJMeUFnH9O
crypto test - IV-AES128-GCM
crypto test - IV-AES256-GCM
[18:39:32 INF] renew 7 certificates: http://localhost:8088/v1/certs?version=0
plain : Unicode 유니코드 ユニコード 万国码 يونيكود यूनिकोड Юникод \ud83e\udd84\ud83d\udcbb
secure : Ciphertext 암호문 暗号文 密文 Шифротекст Texte chiffré Geheimtext نص مشفر सिफरपाठ \ud83d\udd10
dat : 1790329772.6eb35667.VW5pY29kZSDsnKDri4jsvZTrk5wg44Om44OL44Kz44O844OJIOS4h-WbveeggSDZitmI2YbZitmD2YjYryDgpK_gpYLgpKjgpL_gpJXgpYvgpKEg0K7QvdC40LrQvtC0IPCfpoTwn5K7.xKwGgTCFtf4AQgO5kqJY4jH2wwIxnM4a3uEgqd6ecf6eX2Tkh3z0NV3rXwnaZoEEHQRUkZ4AEsZ_YBBZwAWAVW6XLDk5us1xRDkfBAyex4IsTUl77LJawUZqa4iBbTjKGu6AT6rTcEJ62NQei37TfszZ6ahGkFqGzOtFKvBkU5yWsCc2Ab7n_3ZnloCh4bZ1tMZmtaOSKP2Z.YBUVD8e9JHpGipUQ6QgnUr6l6O8zUs4trw3-sNSiBlE3ERv4bumju77_gPex45BW2TO9gdfrk0lQVkDComDWDQ
payload plain : Unicode 유니코드 ユニコード 万国码 يونيكود यूनिकोड Юникод \ud83e\udd84\ud83d\udcbb
payload secure : Ciphertext 암호문 暗号文 密文 Шифротекст Texte chiffré Geheimtext نص مشفر सिफरपाठ \ud83d\udd10
[18:39:33 DBG] no new certificate: http://localhost:8088/v1/certs?version=295
[18:39:34 DBG] no new certificate: http://localhost:8088/v1/certs?version=295
[18:39:35 DBG] no new certificate: http://localhost:8088/v1/certs?version=295
[18:39:36 DBG] no new certificate: http://localhost:8088/v1/certs?version=295
[18:39:37 DBG] no new certificate: http://localhost:8088/v1/certs?version=295

PARSE DAT: 1790330977.0.VW5pY29kZSDsnKDri4jsvZTrk5wg44Om44OL44Kz44O844OJIOS4h-WbveeggSDZitmI2YbZitmD2YjYryDgpK_gpYLgpKjgpL_gpJXgpYvgpKEg0K7QvdC40LrQvtC0IPCfpoTwn5K7.pyNGJgKplYBSXzA1x3qG9cahfm8hHw1TVRHplhf8D1IXMMS5ACfL9Ke_JYjUDixnugBMMtLxqdOIf0TLGVP-0Moamv0ixaoSBINr7faA_VJ9iS1Rh6EpxV5vsgXh-b3FP3buk1KY9FQ871g6SiRbBLWZP3fNAeBen6DWHmO7pk9F7eIqA_Q8NSweGGXPHiovBE470joz8ixj.QLWXapYCISoRQPRCdgXsgAbED4owaG-66sBUff3QjQE7pKtpUlcRfiRQizBLs7T8JmGyVMEjKTrVfM2vg2SA1A
plain: Unicode 유니코드 ユニコード 万国码 يونيكود यूनिकोड Юникод \ud83e\udd84\ud83d\udcbb
secure: Ciphertext 암호문 暗号文 密文 Шифротекст Texte chiffré Geheimtext نص مشفر सिफरपाठ \ud83d\udd10
PASS 34285962080.0.VW5pY29kZSDsnKDri4jsvZTrk5wg44Om44OL44Kz44O844OJIOS4h-WbveeggSDZitmI2YbZitmD2YjYryDgpK_gpYLgpKjgpL_gpJXgpYvgpKEg0K7QvdC40LrQvtC0IPCfpoTwn5K7.9fatat3QsSMDFbRaXVa0AhdOlfI6Hza-KXHeO8-JQdfdnljME_ShMXicVtmII5AjiS24TeZMcAoPaRyxwouIUWXZyqwjeIfcvGI_wdWRLSIVgdGqk3xtxRfvmnWj35ymUQ6LxkV5RLzTre1fmC1UJI6yyiGnvNS91kZBodsfxIlkQb670crqJQh3yd_o8z3bG-_rZDiDtw2s.VQMvWd7OxH0su7t2Q0M9DbGFdp1H9f2Clblewn3EL_8
PASS Unicode 유니코드 ユニコード 万国码 يونيكود यूनिकोड Юникод \ud83e\udd84\ud83d\udcbb Ciphertext 암호문 暗号文 密文 Шифротекст Texte chiffré Geheimtext نص مشفر सिफरपाठ \ud83d\udd10
PASS 34285962080.a.VW5pY29kZSDsnKDri4jsvZTrk5wg44Om44OL44Kz44O844OJIOS4h-WbveeggSDZitmI2YbZitmD2YjYryDgpK_gpYLgpKjgpL_gpJXgpYvgpKEg0K7QvdC40LrQvtC0IPCfpoTwn5K7.ziiPJLOTLLDplGuwXlTpU29fqaFOV0RYrEPrY5uVldHhA4OHhU679u2qmf4AbcufETSrCS7KURel4OF110Ybmcu6w2_dShVr6GIs3XNJJGC46qbEUY6K0t5LwZMTbNaX_tJrd4CzDNL4AjDE8OKPcBFvnV_PQNRhRq5dFcJsNhUC8QDnfY2IwNXSuaughUy9cp1ch-gaOcxk.Woox76u5QKOvIpsEgnRIyds3MmeXWjhBTGylXsNfr_I
PASS Unicode 유니코드 ユニコード 万国码 يونيكود यूनिकोड Юникод \ud83e\udd84\ud83d\udcbb Ciphertext 암호문 暗号文 密文 Шифротекст Texte chiffré Geheimtext نص مشفر सिफरपाठ \ud83d\udd10
PASS 34285962080.ab.VW5pY29kZSDsnKDri4jsvZTrk5wg44Om44OL44Kz44O844OJIOS4h-WbveeggSDZitmI2YbZitmD2YjYryDgpK_gpYLgpKjgpL_gpJXgpYvgpKEg0K7QvdC40LrQvtC0IPCfpoTwn5K7.06XxkBDSHZSSo5QX2cbFcDA4K9RgmetHdHb37zhDVxjPuYGBrPcZqc2XR-xUakS4IpQhu7wqs-sJ8yVt7DidwlSkfIYUyH0qCwAiWi9TjpOKsamYFzkgb7dN9PSBTCmL5su6KHEms-XLzSBXn2hnJ4vrF-eq5BBqPeGUJWyXGNr78xHeZFqYkhcoNIRBaCgClEldIgsWooBC.3tcnZ9IFkQbxtw1R03yJdIVzR8aagovQdZZXavHpxnNd6NLAB2esdQyzASRk094u
PASS Unicode 유니코드 ユニコード 万国码 يونيكود यूनिकोड Юникод \ud83e\udd84\ud83d\udcbb Ciphertext 암호문 暗号文 密文 Шифротекст Texte chiffré Geheimtext نص مشفر सिफरपाठ \ud83d\udd10
PASS 34285962080.abcde.VW5pY29kZSDsnKDri4jsvZTrk5wg44Om44OL44Kz44O844OJIOS4h-WbveeggSDZitmI2YbZitmD2YjYryDgpK_gpYLgpKjgpL_gpJXgpYvgpKEg0K7QvdC40LrQvtC0IPCfpoTwn5K7.xX1NDOzpojonxytTtgkYkaSHaSAZN0aKUh-eW9Oj59D1ez9t9NhVy6FiH_YFyQQhr_bPYeGj5n7hhn7ZR1A-ejhqxby6u0W42qoSnyte0gubUNLzLomCfUuMEAsw7UvNRNCFN9UeNEyGR2sxhAwP4gcSwlkpvzs1L-wQVIzlJvPcMbXPX6A-X2Q29HZ4lqgVWT1l-hL-YgLa.LOXp2pUH7pMenPwkdkJQzgMg72MNTVui005-YtwwP6nLlNkl6DFAuiUglC8cj81l
PASS Unicode 유니코드 ユニコード 万国码 يونيكود यूनिकोड Юникод \ud83e\udd84\ud83d\udcbb Ciphertext 암호문 暗号文 密文 Шифротекст Texte chiffré Geheimtext نص مشفر सिफरपाठ \ud83d\udd10
PASS 34285962080.abcdef.VW5pY29kZSDsnKDri4jsvZTrk5wg44Om44OL44Kz44O844OJIOS4h-WbveeggSDZitmI2YbZitmD2YjYryDgpK_gpYLgpKjgpL_gpJXgpYvgpKEg0K7QvdC40LrQvtC0IPCfpoTwn5K7.aYaJzK5fuSt8g89idfIgP06IqI-M60AsHlqGhqIh-vb8GoDA4KqRdZnvvWj_Ei3021Bm1XnuHeNJ3CWgHQxuA3sewGXNeJgCxRposcEKuY9aEidMyTz4O47By_78xjgkcJo0vcihqZuInGWYnURWOVaBb0B2Znemme6YK5NGrUW9Jx9MdiYNHeN6KxQdKh8lmLkKSE732I4P.Z_yBd6xHmwVPRf1Mj630tieXTb2X6--3gI6sJKyAdsXDh-ziAhfcBDX5--an28STbjHUrYvStucwItYP7i2TYw
PASS Unicode 유니코드 ユニコード 万国码 يونيكود यूनिकोड Юникод \ud83e\udd84\ud83d\udcbb Ciphertext 암호문 暗号文 密文 Шифротекст Texte chiffré Geheimtext نص مشفر सिफरपाठ \ud83d\udd10
PASS 34285962080.abcedf0.VW5pY29kZSDsnKDri4jsvZTrk5wg44Om44OL44Kz44O844OJIOS4h-WbveeggSDZitmI2YbZitmD2YjYryDgpK_gpYLgpKjgpL_gpJXgpYvgpKEg0K7QvdC40LrQvtC0IPCfpoTwn5K7.Ef2q0vzp1C-odVXwwjzivwjutMccJFGaCUAHUgncM0qt1SzzCsFmivkTH-Tjv7H3VruoGRoSXcUYCN0W-aJyRzbvo6YqEul3D_uIsSe2zk0xKlDzubfvXH0nlhv1RQYVHSowuLEXNgjcXqoukiTVbW2bkD3Sr9efMT_04Fg1-MtC_3htAgVqg7SWPwMWVrmTSG7nfqzT4iGL.omEhT4TrUg-QnNsctRFYvIpB5aNlY8K2ly0QOq7WTiV4g4WHkrcX3AtDRGU3V619gvTf0-hlF07aDQXpDMdE9g
PASS Unicode 유니코드 ユニコード 万国码 يونيكود यूनिकोड Юникод \ud83e\udd84\ud83d\udcbb Ciphertext 암호문 暗号文 密文 Шифротекст Texte chiffré Geheimtext نص مشفر सिफरपाठ \ud83d\udd10
PASS 34285962080.abcedf01.VW5pY29kZSDsnKDri4jsvZTrk5wg44Om44OL44Kz44O844OJIOS4h-WbveeggSDZitmI2YbZitmD2YjYryDgpK_gpYLgpKjgpL_gpJXgpYvgpKEg0K7QvdC40LrQvtC0IPCfpoTwn5K7.38mqXFWDWll3IEHfGMMBW1OS-kuflqUMDu3i6qkP1jOQgfT2Cc2ILTWldvPz4QWZT8sxizsMJw_Bq_7U9y052uzz0rWtcXQHPjLDZ0jMKKE2Sa_RCaeRKyg_IzsBP5Fp3fEnZplwPns57pZdHYMfwEgNxExXDehVYdwHV_S9Y8h4S2fOcVIHRelAett6XwP69AHVWU7U2ZhW.6wjD01YlZeJBX5bF0XGbo8P9W-Mvlush87rd8h7ub-JujHrJFWUsX891JSifev5eglTrMe96lC8nBklfaXoSpw
PASS Unicode 유니코드 ユニコード 万国码 يونيكود यूनिकोड Юникод \ud83e\udd84\ud83d\udcbb Ciphertext 암호문 暗号文 密文 Шифротекст Texte chiffré Geheimtext نص مشفر सिफरपाठ \ud83d\udd10
PASS 34285962080.abcedf012.VW5pY29kZSDsnKDri4jsvZTrk5wg44Om44OL44Kz44O844OJIOS4h-WbveeggSDZitmI2YbZitmD2YjYryDgpK_gpYLgpKjgpL_gpJXgpYvgpKEg0K7QvdC40LrQvtC0IPCfpoTwn5K7.We60Y8ETnOjm6CwpLoao29Ddl3tmmB9WyMVU_r6y4zAVxr5xAKl0ftYAekZJN5EjT7TRAMxgB-quEHaOD90xdOezcBigK5rBspGqwxTYgeFBG-uK-6FKIXRmKkA6oCw0vgs3_5_fq6e1zvhZrp6r-7eVMFunBeCcUBY5mrPE3TLIKE5NAzFehqfDHLm6F8nD6BtSpfgvTh0i.Xepzk-lmyju-nwLN7wDN83IK_3AQl1oMvqApbc-PVjcgbz2uiPH6QMNQECIX4uWF1v0QnrPFvnweGa-Yc9lQig
PASS Unicode 유니코드 ユニコード 万国码 يونيكود यूनिकोड Юникод \ud83e\udd84\ud83d\udcbb Ciphertext 암호문 暗号文 密文 Шифротекст Texte chiffré Geheimtext نص مشفر सिफरपाठ \ud83d\udd10
PASS 34285962080.abcedf0123.VW5pY29kZSDsnKDri4jsvZTrk5wg44Om44OL44Kz44O844OJIOS4h-WbveeggSDZitmI2YbZitmD2YjYryDgpK_gpYLgpKjgpL_gpJXgpYvgpKEg0K7QvdC40LrQvtC0IPCfpoTwn5K7.TaeofSYGcD8HfwPIH3bvf5v6XgPfuPqrKKOTBv7_P2Y-iOoYZx41aHSpqbGd3WNnL7MBYg5A-hGrTErBHTujk_1D_41DnHm6NlY4eKVe_CcD0mpR_bHXT2sVa3CeTw3tWruWJZUWWp_QyOQroK2cJldazid3uXbzOe7WX4N0Dkc5xBgtuo5YBVTiOXrZGz8-CSLtzCjEj0Hh.-IrMXxzQHSdz9YPxZlW24P1PVBn69EUbXj9AyAlrMBFLuQJ0Am6LKi-DNh3zQijMQbTR2CbDTc6YsVgthadlcg
PASS Unicode 유니코드 ユニコード 万国码 يونيكود यूनिकोड Юникод \ud83e\udd84\ud83d\udcbb Ciphertext 암호문 暗号文 密文 Шифротекст Texte chiffré Geheimtext نص مشفر सिफरपाठ \ud83d\udd10
PASS 34285962080.abcedf01234.VW5pY29kZSDsnKDri4jsvZTrk5wg44Om44OL44Kz44O844OJIOS4h-WbveeggSDZitmI2YbZitmD2YjYryDgpK_gpYLgpKjgpL_gpJXgpYvgpKEg0K7QvdC40LrQvtC0IPCfpoTwn5K7.QDpbXl4JQnpp9bQp2H8hQIl4s6mODwMCi-IyD-ohkySFvUa-B8cFPoOiDR8pdOo6R9JVCQ5GFVmvBceJEzh-tsO7y-PHJO-qr6HYEJNn_StyHlv1UgC_2F7ye8juIIUf7fuYYtUrljStaOrZT7uo0fF_EaeUHuzbRC711U1HrSU1T66zMSNACFJOwM2lCbPsjH5W2RvtBASe.Twwyx75ZkIUnqKcwc4S9Yus_JJqGP10FZtXUNnhW2fZJyGPvPU14bNFYXkXsWaxlQqDSR2FS6cOhfeUAFvQqnA
PASS Unicode 유니코드 ユニコード 万国码 يونيكود यूनिकोड Юникод \ud83e\udd84\ud83d\udcbb Ciphertext 암호문 暗号文 密文 Шифротекст Texte chiffré Geheimtext نص مشفر सिफरपाठ \ud83d\udd10
PASS 34285962080.abcedf012345.VW5pY29kZSDsnKDri4jsvZTrk5wg44Om44OL44Kz44O844OJIOS4h-WbveeggSDZitmI2YbZitmD2YjYryDgpK_gpYLgpKjgpL_gpJXgpYvgpKEg0K7QvdC40LrQvtC0IPCfpoTwn5K7.csD9c5pKrLgXS9ZB-GeDcma26wWYkXTnmlJX5HLAZRZTdQcfpKVY2PbTPYqWWvFhhtCDXilp2wd-oNqAT9qcJwGGWPjik6NSCbB8-4chHVSVjM_rruV8I-oUfFKRChRlZXhRXkTNREcXBeT8ZzNw03SfcGPJlIgl0fq8LAlhOVtgV-pe_LQ4qURuh0SfjaYNl1TWBAlF9gTA.45LHg1zZHC2uNWBXS-rlPv8Q9mQYJF08GIaWY7Iog3uZ0nTCs4LsoLP2LEgsYM6onJA-EsRfgagyhKxByYWU-93X3VXYcWkk79Q-1GuY4ZRm2px187yM7ZYDcavUQ7nx
PASS Unicode 유니코드 ユニコード 万国码 يونيكود यूनिकोड Юникод \ud83e\udd84\ud83d\udcbb Ciphertext 암호문 暗号文 密文 Шифротекст Texte chiffré Geheimtext نص مشفر सिफरपाठ \ud83d\udd10
PASS 34285962080.abcedf0123456.VW5pY29kZSDsnKDri4jsvZTrk5wg44Om44OL44Kz44O844OJIOS4h-WbveeggSDZitmI2YbZitmD2YjYryDgpK_gpYLgpKjgpL_gpJXgpYvgpKEg0K7QvdC40LrQvtC0IPCfpoTwn5K7.VDzANdWX2vPxRBPLFv6P7RWjD_Aabit1-QqEAMwbOzd45j7st75SyCqi5qhxJjkuiKK_gUaO5Pn5hXwCbKyd6LmBFUXnAIqRk58nEPGUtDsFs1xRySf1Gjpa4ZoEr_6Y_ilPv6Fn38QiYN951rpJ2CDRiVej5NDBNZA3XDl6JcpByr0l0EKXQWcVf2V7uV0FHOcFA27FzsQ7.dWqjRltOamDjEeLRTCxZ9h-frOw9cR-QxmGrSy91PWiiW5QgdKIFq-ouW1tNhk18yIsYxB0WDqDeiHZDx4erEz3GMaGOlmXZVmn1vwAhvUueZFiJv97jj8l2k9qUMtzQ
PASS Unicode 유니코드 ユニコード 万国码 يونيكود यूनिकोड Юникод \ud83e\udd84\ud83d\udcbb Ciphertext 암호문 暗号文 密文 Шифротекст Texte chiffré Geheimtext نص مشفر सिफरपाठ \ud83d\udd10
PASS 34285962080.abcedf01234567.VW5pY29kZSDsnKDri4jsvZTrk5wg44Om44OL44Kz44O844OJIOS4h-WbveeggSDZitmI2YbZitmD2YjYryDgpK_gpYLgpKjgpL_gpJXgpYvgpKEg0K7QvdC40LrQvtC0IPCfpoTwn5K7.Ls-5azXze1YRlrNYXtdrzfEwPa0gkmjxDCGnVFwD-8sGPISMkAkiyaktMq4FVo0S2P3c2JE5LDsBwgoLyZh_OHXqdHs5-u5O8ahF7H3sBi1_B1scQyikP7fSwbEvT1TN0BryiedzMEg6KIu8p-kzpQzA5X2-0FznibEiTxt40dZuUHmBYWZgB4-O3ekfd6sU2waz5aGFJ_b5.EDh5sak9JNdpj11BAB0mWAGaL3Ylh9PesVJ1TOYyEQU3kSuBudmSIYLPKxrOWkkQgs9nbLOf4kNmXLaFFLtNzqB7HMXjey8f66d1VdqQ4-If6plMoZYIoF1SeclYmjWg
PASS Unicode 유니코드 ユニコード 万国码 يونيكود यूनिकोड Юникод \ud83e\udd84\ud83d\udcbb Ciphertext 암호문 暗号文 密文 Шифротекст Texte chiffré Geheimtext نص مشفر सिफरपाठ \ud83d\udd10
PASS 34285962080.abcedf012345678.VW5pY29kZSDsnKDri4jsvZTrk5wg44Om44OL44Kz44O844OJIOS4h-WbveeggSDZitmI2YbZitmD2YjYryDgpK_gpYLgpKjgpL_gpJXgpYvgpKEg0K7QvdC40LrQvtC0IPCfpoTwn5K7.-gzkcoAzkOyYGFsjUG4kQ2NeD2TND4gxN-R8J_hdFef8gq_DY8khdOtK0Jno0T1tGFqYJWIZgA0g9K-mJcjO9doXAdquo86-oSR8T5x8MWoAYQCLLx3WMXE1J0M_j30si8eJFyKye6UhnJcPpe5nzH32KR-2rJjKHQ3KGqrRmmIiJPWM9HJryxQJWnflXWDFfBUXt_XVqgew.bvsYwMFnU7-hwWZqYaJX7xnHn7tc_LIGNVqIwJIPvu6HmzWNo8UGi1sRwjhNHprV1HWqS6RyFxbX0Cujf_8TVprlB9qnrfHPONyNUAN_D9BcGiBkG4LZkiLQUVQLnjT3
PASS Unicode 유니코드 ユニコード 万国码 يونيكود यूनिकोड Юникод \ud83e\udd84\ud83d\udcbb Ciphertext 암호문 暗号文 密文 Шифротекст Texte chiffré Geheimtext نص مشفر सिफरपाठ \ud83d\udd10
PASS 34285962080.abcedf0123456789.VW5pY29kZSDsnKDri4jsvZTrk5wg44Om44OL44Kz44O844OJIOS4h-WbveeggSDZitmI2YbZitmD2YjYryDgpK_gpYLgpKjgpL_gpJXgpYvgpKEg0K7QvdC40LrQvtC0IPCfpoTwn5K7.lZ1GMlIO_9XIJMDK1ZYX3Z039TdP9kcbTbaMAMiV-1puJlGSIP2__O-CytXq6Qw84KocidYyNN0UxK2tWkjn7B-6PitdtxJb_xHF8NmtvFy4w2nM_Q3VNLbjlC9Tzsn7fhcvjTW8gotv41RtMtjAH3kPBnoE02zM_HMmxflyZYmXh87ppRS6sh-HbDCsEQ4tl8__CKryYXqP.AQ43fRJCBsbVpttCPEECR1nBsPvPM8twCiEBZy_9A6nB10vKzZvGwSOrO3px3J-xrR5upM40hQGoI3SvjhatXF4PASJ4YFwDLQbBEpyD5K9AytWenvXCm5BHOKOw62T7r2FzzGazlvMdu0SKYJaw8v-sDuDy35oX7nFQUXo_UydCVZ_G
PASS Unicode 유니코드 ユニコード 万国码 يونيكود यूनिकोड Юникод \ud83e\udd84\ud83d\udcbb Ciphertext 암호문 暗号文 密文 Шифротекст Texte chiffré Geheimtext نص مشفر सिफरपाठ \ud83d\udd10
PASS 34285962080.7fffffffffffffff.VW5pY29kZSDsnKDri4jsvZTrk5wg44Om44OL44Kz44O844OJIOS4h-WbveeggSDZitmI2YbZitmD2YjYryDgpK_gpYLgpKjgpL_gpJXgpYvgpKEg0K7QvdC40LrQvtC0IPCfpoTwn5K7.iOCnxHyoEf4kSuwHUgcsypXh0DRIq4AsyX1kGUDlfIvTC-Xc_HEmPa3j72xElDA4nEhZWsU6MaDewt6dNV6XpMDnHqSxe5UUhQ8wCZwwbMCT6paGlE7H3weS5e1Mxg_ZYQ3UHmeiCdpUiRzLaokAeDB_nHg9kAjXJ2xT9QGYNAHl4NHeCk1iUP19XPmYSdXDOOJeIGhX18GQ.APmQomZmOEPkjuVCoo4NynulbAGeqWJ2CYdQwEfmhjDMnHm_q2T4RqVCJR0y8KkQrxnhHBqQ-UkfguOQZZsuRGVwABf1prj9PhIYiECFH96JLDUBEBzLnSK6zk2m--3WMCupQ2Sos3ZvdsYfgUmoSsK5SVP3BlVOYedeQixKCoPf2NFq
PASS Unicode 유니코드 ユニコード 万国码 يونيكود यूनिकोड Юникод \ud83e\udd84\ud83d\udcbb Ciphertext 암호문 暗号文 密文 Шифротекст Texte chiffré Geheimtext نص مشفر सिफरपाठ \ud83d\udd10
PASS 34285962080.ffffffffffffffff.VW5pY29kZSDsnKDri4jsvZTrk5wg44Om44OL44Kz44O844OJIOS4h-WbveeggSDZitmI2YbZitmD2YjYryDgpK_gpYLgpKjgpL_gpJXgpYvgpKEg0K7QvdC40LrQvtC0IPCfpoTwn5K7.CB4sUN2OOwUCgCqJSc6o_rlnIuO7U_Oq7NobA4vroqlAUgf8DYjsWtLRFrQPVwMbENiFuiQJah2NkYZi1N_1VYj_AfHTjufIGs6oMkeQHLUSk2Ps5tJlwsbRYZepy5tkpgTFfAJCaCYiXxYhviqM17s5clfJ3EFbhK3kHmw_Gv3Xh2sJsVt_E6o-y_lo1oZ_OO1eC9Sga9k8.AartOe5JeQK8hqcDGYBfbIdY-kc8IWF4fWFrX28crwNtbxy2OKulw-jYsY5BqSW05Ekpt55eEvfMCwMZK-5nRMmwAK3-t_YtxmwzXXORipJC_hQH6gFKKj6PDRc3V-fWkQBS44op5XCsavwUzha_JDr4un5n9zFO6SQNz466MZhgcmqf
PASS Unicode 유니코드 ユニコード 万国码 يونيكود यूनिकोड Юникод \ud83e\udd84\ud83d\udcbb Ciphertext 암호문 暗号文 密文 Шифротекст Texte chiffré Geheimtext نص مشفر सिफरपाठ \ud83d\udd10
PASS 34285962080.f000000000000000.VW5pY29kZSDsnKDri4jsvZTrk5wg44Om44OL44Kz44O844OJIOS4h-WbveeggSDZitmI2YbZitmD2YjYryDgpK_gpYLgpKjgpL_gpJXgpYvgpKEg0K7QvdC40LrQvtC0IPCfpoTwn5K7.TmxzY2YJ3OjIqoTjUBMaJt2jxpQ2drRgjSjJihKSJ-SkOQL6AWaW5j5_XGLg0CxJ8ac4FQOb4rt9Y7E-so1TI_dVQEVk8IeBovob6yQDx_dqpHrwfN7HfX-_D2GvgJb-R1syal2jKV4ESQsuhWrqaRl9_TcGkzDPKsTg2GDStf45FJ8fisPAECMtAUo3fVqPnGJcl0k7JXAX.AFxCzP8FerpzUx6TWKL-Sbj9C8wHWR5b1vHd_MFnd-2141T-vdgHlI94e2WkaxZv9T9vElbQMA7_JeuWOdKObygoAJCFJ53O-qX_xcaD5tbUTtDPEeWtlV0c9wulzN6ZvjEd2x_7Immj0tHk2ni2r7oKTH9pBPKfWC2fWrvCZMYtjX5M
PASS Unicode 유니코드 ユニコード 万国码 يونيكود यूनिकोड Юникод \ud83e\udd84\ud83d\udcbb Ciphertext 암호문 暗号文 密文 Шифротекст Texte chiffré Geheimtext نص مشفر सिफरपाठ \ud83d\udd10
PASS DAT 34296687577.ffffffffffffffff.VW5pY29kZSDsnKDri4jsvZTrk5wg44Om44OL44Kz44O844OJIOS4h-WbveeggSDZitmI2YbZitmD2YjYryDgpK_gpYLgpKjgpL_gpJXgpYvgpKEg0K7QvdC40LrQvtC0IPCfpoTwn5K7.KJFUdeaDvXACg_TF_Rjt5aD6mrntEsMxbudBBykqQNYvOExrXY9op7WCefxObf4kGAOJIKXHT_7U73KpO3Amca9HTUw1UVq0SIkHeYuVlVYG5AyP6N32_3Bo6r-5j_gAs2KaqOKRhKXogQUDBvIk61Hssa7AkVXmyiwfLyy8X098ijUj3s5kFXJwEvnSwKqGTzrEdxhHw-zo.AUMMlw48bWUwXyVfuGO8y4x1OzyszzkTDWXBzRjUoCk9EeXhO5HAyA946EpW-D6DnRGkcJg6_leKcL_8u_uIUaP-AXz3W5B4EK8MF-ERA8pwZPlFO9Iim4YzPPIZoJ5XgvbJATjXTquLyKyxxQHvC5akx7LHIC7vY6x9P1LJzqdCoPH3
ParseRustVectors: DAT_INTEROP_VECTORS not set
sign test - HMAC-SHA256-MFS
sign test - HMAC-SHA384-MFS
sign test - HMAC-SHA512-MFS
sign test - ECDSA-P256
sign test - ECDSA-P384
sign test - ECDSA-P521
Test 'ParseRustVectors' was skipped in the test run.
</StdOut>
    </Output>
  </ResultSummary>
</TestRun>